{"/opt/lampp/htdocs/bot/frontend/src/App.tsx": {"path":"/opt/lampp/htdocs/bot/frontend/src/App.tsx","statementMap":{"0":{"start":{"line":1,"column":0},"end":{"line":1,"column":59}},"1":{"start":{"line":2,"column":0},"end":{"line":2,"column":115}},"2":{"start":{"line":4,"column":0},"end":{"line":4,"column":26}},"3":{"start":{"line":5,"column":0},"end":{"line":5,"column":73}},"4":{"start":{"line":6,"column":0},"end":{"line":6,"column":71}},"5":{"start":{"line":7,"column":0},"end":{"line":7,"column":49}},"6":{"start":{"line":8,"column":0},"end":{"line":8,"column":73}},"7":{"start":{"line":9,"column":0},"end":{"line":9,"column":53}},"8":{"start":{"line":10,"column":0},"end":{"line":10,"column":59}},"9":{"start":{"line":44,"column":40},"end":{"line":81,"column":2}},"10":{"start":{"line":84,"column":38},"end":{"line":84,"column":79}},"11":{"start":{"line":85,"column":38},"end":{"line":88,"column":4}},"12":{"start":{"line":89,"column":38},"end":{"line":89,"column":52}},"13":{"start":{"line":90,"column":36},"end":{"line":90,"column":57}},"14":{"start":{"line":91,"column":44},"end":{"line":91,"column":58}},"15":{"start":{"line":92,"column":46},"end":{"line":92,"column":60}},"16":{"start":{"line":93,"column":38},"end":{"line":93,"column":53}},"17":{"start":{"line":94,"column":42},"end":{"line":94,"column":53}},"18":{"start":{"line":95,"column":32},"end":{"line":95,"column":43}},"19":{"start":{"line":96,"column":38},"end":{"line":96,"column":53}},"20":{"start":{"line":97,"column":50},"end":{"line":97,"column":64}},"21":{"start":{"line":98,"column":54},"end":{"line":98,"column":69}},"22":{"start":{"line":99,"column":36},"end":{"line":99,"column":51}},"23":{"start":{"line":100,"column":36},"end":{"line":107,"column":8}},"24":{"start":{"line":108,"column":18},"end":{"line":108,"column":46}},"25":{"start":{"line":111,"column":28},"end":{"line":111,"column":46}},"26":{"start":{"line":113,"column":24},"end":{"line":113,"column":28}},"27":{"start":{"line":116,"column":62},"end":{"line":116,"column":113}},"28":{"start":{"line":145,"column":37},"end":{"line":259,"column":3}},"29":{"start":{"line":146,"column":4},"end":{"line":258,"column":5}},"30":{"start":{"line":148,"column":6},"end":{"line":148,"column":25}},"31":{"start":{"line":149,"column":6},"end":{"line":149,"column":74}},"32":{"start":{"line":152,"column":23},"end":{"line":152,"column":47}},"33":{"start":{"line":155,"column":6},"end":{"line":172,"column":7}},"34":{"start":{"line":156,"column":8},"end":{"line":156,"column":57}},"35":{"start":{"line":159,"column":8},"end":{"line":165,"column":12}},"36":{"start":{"line":159,"column":34},"end":{"line":165,"column":10}},"37":{"start":{"line":168,"column":8},"end":{"line":168,"column":44}},"38":{"start":{"line":169,"column":8},"end":{"line":169,"column":73}},"39":{"start":{"line":170,"column":8},"end":{"line":170,"column":28}},"40":{"start":{"line":171,"column":8},"end":{"line":171,"column":15}},"41":{"start":{"line":175,"column":26},"end":{"line":175,"column":52}},"42":{"start":{"line":176,"column":21},"end":{"line":176,"column":91}},"43":{"start":{"line":179,"column":25},"end":{"line":179,"column":46}},"44":{"start":{"line":180,"column":24},"end":{"line":180,"column":66}},"45":{"start":{"line":180,"column":41},"end":{"line":180,"column":59}},"46":{"start":{"line":182,"column":6},"end":{"line":252,"column":7}},"47":{"start":{"line":184,"column":25},"end":{"line":186,"column":10}},"48":{"start":{"line":188,"column":8},"end":{"line":188,"column":32}},"49":{"start":{"line":190,"column":8},"end":{"line":192,"column":9}},"50":{"start":{"line":191,"column":10},"end":{"line":191,"column":79}},"51":{"start":{"line":195,"column":29},"end":{"line":195,"column":50}},"52":{"start":{"line":198,"column":8},"end":{"line":203,"column":9}},"53":{"start":{"line":199,"column":10},"end":{"line":199,"column":47}},"54":{"start":{"line":201,"column":10},"end":{"line":201,"column":70}},"55":{"start":{"line":202,"column":10},"end":{"line":202,"column":63}},"56":{"start":{"line":206,"column":27},"end":{"line":211,"column":10}},"57":{"start":{"line":214,"column":8},"end":{"line":217,"column":12}},"58":{"start":{"line":214,"column":43},"end":{"line":217,"column":10}},"59":{"start":{"line":220,"column":8},"end":{"line":223,"column":12}},"60":{"start":{"line":220,"column":34},"end":{"line":223,"column":10}},"61":{"start":{"line":226,"column":8},"end":{"line":226,"column":44}},"62":{"start":{"line":227,"column":8},"end":{"line":227,"column":80}},"63":{"start":{"line":229,"column":8},"end":{"line":229,"column":50}},"64":{"start":{"line":231,"column":29},"end":{"line":236,"column":10}},"65":{"start":{"line":239,"column":8},"end":{"line":242,"column":12}},"66":{"start":{"line":239,"column":43},"end":{"line":242,"column":10}},"67":{"start":{"line":245,"column":8},"end":{"line":248,"column":12}},"68":{"start":{"line":245,"column":34},"end":{"line":248,"column":10}},"69":{"start":{"line":250,"column":8},"end":{"line":250,"column":44}},"70":{"start":{"line":251,"column":8},"end":{"line":251,"column":87}},"71":{"start":{"line":254,"column":6},"end":{"line":254,"column":64}},"72":{"start":{"line":257,"column":6},"end":{"line":257,"column":26}},"73":{"start":{"line":262,"column":27},"end":{"line":267,"column":3}},"74":{"start":{"line":263,"column":23},"end":{"line":263,"column":107}},"75":{"start":{"line":264,"column":4},"end":{"line":266,"column":5}},"76":{"start":{"line":265,"column":6},"end":{"line":265,"column":75}},"77":{"start":{"line":270,"column":31},"end":{"line":291,"column":3}},"78":{"start":{"line":272,"column":4},"end":{"line":290,"column":6}},"79":{"start":{"line":294,"column":36},"end":{"line":321,"column":3}},"80":{"start":{"line":296,"column":24},"end":{"line":296,"column":80}},"81":{"start":{"line":296,"column":55},"end":{"line":296,"column":79}},"82":{"start":{"line":297,"column":4},"end":{"line":297,"column":35}},"83":{"start":{"line":297,"column":28},"end":{"line":297,"column":35}},"84":{"start":{"line":299,"column":16},"end":{"line":299,"column":26}},"85":{"start":{"line":300,"column":32},"end":{"line":300,"column":63}},"86":{"start":{"line":303,"column":4},"end":{"line":303,"column":33}},"87":{"start":{"line":306,"column":4},"end":{"line":308,"column":5}},"88":{"start":{"line":307,"column":6},"end":{"line":307,"column":32}},"89":{"start":{"line":311,"column":4},"end":{"line":314,"column":5}},"90":{"start":{"line":312,"column":6},"end":{"line":312,"column":169}},"91":{"start":{"line":313,"column":6},"end":{"line":313,"column":13}},"92":{"start":{"line":317,"column":4},"end":{"line":317,"column":36}},"93":{"start":{"line":320,"column":4},"end":{"line":320,"column":39}},"94":{"start":{"line":324,"column":30},"end":{"line":343,"column":3}},"95":{"start":{"line":325,"column":4},"end":{"line":342,"column":5}},"96":{"start":{"line":326,"column":23},"end":{"line":332,"column":8}},"97":{"start":{"line":334,"column":6},"end":{"line":336,"column":7}},"98":{"start":{"line":335,"column":8},"end":{"line":335,"column":59}},"99":{"start":{"line":338,"column":21},"end":{"line":338,"column":42}},"100":{"start":{"line":339,"column":6},"end":{"line":339,"column":53}},"101":{"start":{"line":341,"column":6},"end":{"line":341,"column":61}},"102":{"start":{"line":346,"column":2},"end":{"line":379,"column":9}},"103":{"start":{"line":347,"column":28},"end":{"line":376,"column":5}},"104":{"start":{"line":348,"column":6},"end":{"line":375,"column":7}},"105":{"start":{"line":349,"column":25},"end":{"line":357,"column":10}},"106":{"start":{"line":359,"column":30},"end":{"line":370,"column":11}},"107":{"start":{"line":359,"column":74},"end":{"line":370,"column":10}},"108":{"start":{"line":372,"column":8},"end":{"line":372,"column":37}},"109":{"start":{"line":374,"column":8},"end":{"line":374,"column":60}},"110":{"start":{"line":378,"column":4},"end":{"line":378,"column":22}},"111":{"start":{"line":381,"column":25},"end":{"line":392,"column":3}},"112":{"start":{"line":382,"column":4},"end":{"line":385,"column":7}},"113":{"start":{"line":386,"column":4},"end":{"line":391,"column":13}},"114":{"start":{"line":387,"column":6},"end":{"line":390,"column":10}},"115":{"start":{"line":387,"column":29},"end":{"line":390,"column":8}},"116":{"start":{"line":394,"column":26},"end":{"line":398,"column":3}},"117":{"start":{"line":395,"column":4},"end":{"line":395,"column":24}},"118":{"start":{"line":396,"column":4},"end":{"line":396,"column":60}},"119":{"start":{"line":397,"column":4},"end":{"line":397,"column":56}},"120":{"start":{"line":400,"column":26},"end":{"line":403,"column":3}},"121":{"start":{"line":401,"column":4},"end":{"line":401,"column":28}},"122":{"start":{"line":401,"column":21},"end":{"line":401,"column":28}},"123":{"start":{"line":402,"column":4},"end":{"line":402,"column":26}},"124":{"start":{"line":405,"column":24},"end":{"line":409,"column":3}},"125":{"start":{"line":406,"column":4},"end":{"line":406,"column":25}},"126":{"start":{"line":407,"column":4},"end":{"line":407,"column":63}},"127":{"start":{"line":408,"column":4},"end":{"line":408,"column":59}},"128":{"start":{"line":411,"column":22},"end":{"line":414,"column":3}},"129":{"start":{"line":412,"column":4},"end":{"line":412,"column":27}},"130":{"start":{"line":412,"column":20},"end":{"line":412,"column":27}},"131":{"start":{"line":413,"column":4},"end":{"line":413,"column":40}},"132":{"start":{"line":413,"column":23},"end":{"line":413,"column":38}},"133":{"start":{"line":416,"column":19},"end":{"line":448,"column":3}},"134":{"start":{"line":418,"column":25},"end":{"line":418,"column":37}},"135":{"start":{"line":421,"column":4},"end":{"line":421,"column":24}},"136":{"start":{"line":424,"column":21},"end":{"line":432,"column":11}},"137":{"start":{"line":425,"column":6},"end":{"line":431,"column":9}},"138":{"start":{"line":427,"column":26},"end":{"line":427,"column":54}},"139":{"start":{"line":429,"column":25},"end":{"line":429,"column":83}},"140":{"start":{"line":430,"column":8},"end":{"line":430,"column":24}},"141":{"start":{"line":435,"column":4},"end":{"line":447,"column":13}},"142":{"start":{"line":436,"column":6},"end":{"line":436,"column":30}},"143":{"start":{"line":441,"column":6},"end":{"line":443,"column":69}},"144":{"start":{"line":442,"column":8},"end":{"line":442,"column":68}},"145":{"start":{"line":445,"column":6},"end":{"line":445,"column":35}},"146":{"start":{"line":446,"column":6},"end":{"line":446,"column":27}},"147":{"start":{"line":450,"column":23},"end":{"line":455,"column":3}},"148":{"start":{"line":452,"column":24},"end":{"line":452,"column":69}},"149":{"start":{"line":453,"column":4},"end":{"line":453,"column":33}},"150":{"start":{"line":454,"column":4},"end":{"line":454,"column":25}},"151":{"start":{"line":457,"column":29},"end":{"line":492,"column":3}},"152":{"start":{"line":458,"column":4},"end":{"line":491,"column":5}},"153":{"start":{"line":460,"column":26},"end":{"line":473,"column":8}},"154":{"start":{"line":475,"column":25},"end":{"line":475,"column":49}},"155":{"start":{"line":477,"column":6},"end":{"line":479,"column":7}},"156":{"start":{"line":478,"column":8},"end":{"line":478,"column":72}},"157":{"start":{"line":482,"column":20},"end":{"line":482,"column":59}},"158":{"start":{"line":483,"column":6},"end":{"line":483,"column":34}},"159":{"start":{"line":485,"column":6},"end":{"line":485,"column":90}},"160":{"start":{"line":486,"column":6},"end":{"line":486,"column":18}},"161":{"start":{"line":488,"column":6},"end":{"line":488,"column":53}},"162":{"start":{"line":489,"column":6},"end":{"line":489,"column":58}},"163":{"start":{"line":490,"column":6},"end":{"line":490,"column":19}},"164":{"start":{"line":494,"column":2},"end":{"line":496,"column":19}},"165":{"start":{"line":495,"column":4},"end":{"line":495,"column":66}},"166":{"start":{"line":498,"column":2},"end":{"line":942,"column":4}},"167":{"start":{"line":511,"column":27},"end":{"line":511,"column":53}},"168":{"start":{"line":524,"column":27},"end":{"line":524,"column":52}},"169":{"start":{"line":533,"column":27},"end":{"line":533,"column":49}},"170":{"start":{"line":542,"column":27},"end":{"line":542,"column":50}},"171":{"start":{"line":551,"column":27},"end":{"line":551,"column":48}},"172":{"start":{"line":560,"column":27},"end":{"line":560,"column":54}},"173":{"start":{"line":569,"column":27},"end":{"line":569,"column":51}},"174":{"start":{"line":593,"column":29},"end":{"line":593,"column":55}},"175":{"start":{"line":599,"column":29},"end":{"line":599,"column":61}},"176":{"start":{"line":613,"column":14},"end":{"line":625,"column":17}},"177":{"start":{"line":615,"column":38},"end":{"line":615,"column":98}},"178":{"start":{"line":615,"column":67},"end":{"line":615,"column":97}},"179":{"start":{"line":616,"column":16},"end":{"line":624,"column":17}},"180":{"start":{"line":618,"column":34},"end":{"line":618,"column":47}},"181":{"start":{"line":619,"column":18},"end":{"line":619,"column":49}},"182":{"start":{"line":620,"column":18},"end":{"line":620,"column":33}},"183":{"start":{"line":623,"column":18},"end":{"line":623,"column":46}},"184":{"start":{"line":628,"column":14},"end":{"line":628,"column":79}},"185":{"start":{"line":629,"column":14},"end":{"line":629,"column":149}},"186":{"start":{"line":629,"column":95},"end":{"line":629,"column":120}},"187":{"start":{"line":786,"column":20},"end":{"line":787,"column":null}},"188":{"start":{"line":789,"column":24},"end":{"line":789,"column":50}},"189":{"start":{"line":790,"column":24},"end":{"line":790,"column":52}},"190":{"start":{"line":821,"column":35},"end":{"line":821,"column":110}},"191":{"start":{"line":822,"column":59},"end":{"line":826,"column":20}},"192":{"start":{"line":828,"column":40},"end":{"line":828,"column":96}},"193":{"start":{"line":828,"column":71},"end":{"line":828,"column":95}},"194":{"start":{"line":829,"column":20},"end":{"line":832,"column":21}},"195":{"start":{"line":830,"column":22},"end":{"line":830,"column":51}},"196":{"start":{"line":831,"column":22},"end":{"line":831,"column":73}},"197":{"start":{"line":847,"column":33},"end":{"line":847,"column":71}},"198":{"start":{"line":876,"column":24},"end":{"line":877,"column":null}},"199":{"start":{"line":945,"column":0},"end":{"line":945,"column":19}}},"fnMap":{"0":{"name":"App","decl":{"start":{"line":83,"column":9},"end":{"line":83,"column":12}},"loc":{"start":{"line":83,"column":12},"end":{"line":943,"column":1}}},"1":{"name":"(anonymous_8)","decl":{"start":{"line":145,"column":37},"end":{"line":145,"column":42}},"loc":{"start":{"line":145,"column":88},"end":{"line":259,"column":3}}},"2":{"name":"(anonymous_9)","decl":{"start":{"line":159,"column":21},"end":{"line":159,"column":29}},"loc":{"start":{"line":159,"column":34},"end":{"line":165,"column":10}}},"3":{"name":"(anonymous_10)","decl":{"start":{"line":180,"column":35},"end":{"line":180,"column":38}},"loc":{"start":{"line":180,"column":41},"end":{"line":180,"column":59}}},"4":{"name":"(anonymous_11)","decl":{"start":{"line":214,"column":34},"end":{"line":214,"column":38}},"loc":{"start":{"line":214,"column":43},"end":{"line":217,"column":10}}},"5":{"name":"(anonymous_12)","decl":{"start":{"line":220,"column":21},"end":{"line":220,"column":29}},"loc":{"start":{"line":220,"column":34},"end":{"line":223,"column":10}}},"6":{"name":"(anonymous_13)","decl":{"start":{"line":239,"column":34},"end":{"line":239,"column":38}},"loc":{"start":{"line":239,"column":43},"end":{"line":242,"column":10}}},"7":{"name":"(anonymous_14)","decl":{"start":{"line":245,"column":21},"end":{"line":245,"column":29}},"loc":{"start":{"line":245,"column":34},"end":{"line":248,"column":10}}},"8":{"name":"(anonymous_15)","decl":{"start":{"line":262,"column":27},"end":{"line":262,"column":28}},"loc":{"start":{"line":262,"column":65},"end":{"line":267,"column":3}}},"9":{"name":"(anonymous_16)","decl":{"start":{"line":270,"column":31},"end":{"line":270,"column":32}},"loc":{"start":{"line":270,"column":50},"end":{"line":291,"column":3}}},"10":{"name":"(anonymous_17)","decl":{"start":{"line":294,"column":36},"end":{"line":294,"column":37}},"loc":{"start":{"line":294,"column":55},"end":{"line":321,"column":3}}},"11":{"name":"(anonymous_18)","decl":{"start":{"line":296,"column":45},"end":{"line":296,"column":51}},"loc":{"start":{"line":296,"column":55},"end":{"line":296,"column":79}}},"12":{"name":"(anonymous_19)","decl":{"start":{"line":324,"column":30},"end":{"line":324,"column":35}},"loc":{"start":{"line":324,"column":55},"end":{"line":343,"column":3}}},"13":{"name":"(anonymous_20)","decl":{"start":{"line":346,"column":12},"end":{"line":346,"column":15}},"loc":{"start":{"line":346,"column":17},"end":{"line":379,"column":3}}},"14":{"name":"(anonymous_21)","decl":{"start":{"line":347,"column":28},"end":{"line":347,"column":33}},"loc":{"start":{"line":347,"column":39},"end":{"line":376,"column":5}}},"15":{"name":"(anonymous_22)","decl":{"start":{"line":359,"column":48},"end":{"line":359,"column":49}},"loc":{"start":{"line":359,"column":74},"end":{"line":370,"column":10}}},"16":{"name":"(anonymous_23)","decl":{"start":{"line":381,"column":25},"end":{"line":381,"column":26}},"loc":{"start":{"line":381,"column":45},"end":{"line":392,"column":3}}},"17":{"name":"(anonymous_24)","decl":{"start":{"line":386,"column":15},"end":{"line":386,"column":18}},"loc":{"start":{"line":386,"column":20},"end":{"line":391,"column":5}}},"18":{"name":"(anonymous_25)","decl":{"start":{"line":387,"column":20},"end":{"line":387,"column":24}},"loc":{"start":{"line":387,"column":29},"end":{"line":390,"column":8}}},"19":{"name":"(anonymous_26)","decl":{"start":{"line":394,"column":26},"end":{"line":394,"column":29}},"loc":{"start":{"line":394,"column":31},"end":{"line":398,"column":3}}},"20":{"name":"(anonymous_27)","decl":{"start":{"line":400,"column":26},"end":{"line":400,"column":27}},"loc":{"start":{"line":400,"column":44},"end":{"line":403,"column":3}}},"21":{"name":"(anonymous_28)","decl":{"start":{"line":405,"column":24},"end":{"line":405,"column":27}},"loc":{"start":{"line":405,"column":29},"end":{"line":409,"column":3}}},"22":{"name":"(anonymous_29)","decl":{"start":{"line":411,"column":22},"end":{"line":411,"column":23}},"loc":{"start":{"line":411,"column":46},"end":{"line":414,"column":3}}},"23":{"name":"(anonymous_30)","decl":{"start":{"line":413,"column":15},"end":{"line":413,"column":19}},"loc":{"start":{"line":413,"column":23},"end":{"line":413,"column":38}}},"24":{"name":"(anonymous_31)","decl":{"start":{"line":416,"column":19},"end":{"line":416,"column":22}},"loc":{"start":{"line":416,"column":24},"end":{"line":448,"column":3}}},"25":{"name":"(anonymous_32)","decl":{"start":{"line":424,"column":33},"end":{"line":424,"column":36}},"loc":{"start":{"line":424,"column":38},"end":{"line":432,"column":5}}},"26":{"name":"(anonymous_33)","decl":{"start":{"line":425,"column":22},"end":{"line":425,"column":26}},"loc":{"start":{"line":425,"column":29},"end":{"line":431,"column":7}}},"27":{"name":"(anonymous_34)","decl":{"start":{"line":435,"column":15},"end":{"line":435,"column":18}},"loc":{"start":{"line":435,"column":20},"end":{"line":447,"column":5}}},"28":{"name":"(anonymous_35)","decl":{"start":{"line":450,"column":23},"end":{"line":450,"column":26}},"loc":{"start":{"line":450,"column":28},"end":{"line":455,"column":3}}},"29":{"name":"(anonymous_36)","decl":{"start":{"line":457,"column":29},"end":{"line":457,"column":34}},"loc":{"start":{"line":457,"column":76},"end":{"line":492,"column":3}}},"30":{"name":"(anonymous_37)","decl":{"start":{"line":494,"column":12},"end":{"line":494,"column":15}},"loc":{"start":{"line":494,"column":17},"end":{"line":496,"column":3}}},"31":{"name":"(anonymous_38)","decl":{"start":{"line":511,"column":21},"end":{"line":511,"column":24}},"loc":{"start":{"line":511,"column":27},"end":{"line":511,"column":53}}},"32":{"name":"(anonymous_39)","decl":{"start":{"line":524,"column":21},"end":{"line":524,"column":24}},"loc":{"start":{"line":524,"column":27},"end":{"line":524,"column":52}}},"33":{"name":"(anonymous_40)","decl":{"start":{"line":533,"column":21},"end":{"line":533,"column":24}},"loc":{"start":{"line":533,"column":27},"end":{"line":533,"column":49}}},"34":{"name":"(anonymous_41)","decl":{"start":{"line":542,"column":21},"end":{"line":542,"column":24}},"loc":{"start":{"line":542,"column":27},"end":{"line":542,"column":50}}},"35":{"name":"(anonymous_42)","decl":{"start":{"line":551,"column":21},"end":{"line":551,"column":24}},"loc":{"start":{"line":551,"column":27},"end":{"line":551,"column":48}}},"36":{"name":"(anonymous_43)","decl":{"start":{"line":560,"column":21},"end":{"line":560,"column":24}},"loc":{"start":{"line":560,"column":27},"end":{"line":560,"column":54}}},"37":{"name":"(anonymous_44)","decl":{"start":{"line":569,"column":21},"end":{"line":569,"column":24}},"loc":{"start":{"line":569,"column":27},"end":{"line":569,"column":51}}},"38":{"name":"(anonymous_45)","decl":{"start":{"line":593,"column":23},"end":{"line":593,"column":26}},"loc":{"start":{"line":593,"column":29},"end":{"line":593,"column":55}}},"39":{"name":"(anonymous_46)","decl":{"start":{"line":599,"column":23},"end":{"line":599,"column":26}},"loc":{"start":{"line":599,"column":29},"end":{"line":599,"column":61}}},"40":{"name":"(anonymous_47)","decl":{"start":{"line":611,"column":24},"end":{"line":611,"column":25}},"loc":{"start":{"line":611,"column":34},"end":{"line":630,"column":13}}},"41":{"name":"(anonymous_48)","decl":{"start":{"line":613,"column":28},"end":{"line":613,"column":36}},"loc":{"start":{"line":613,"column":39},"end":{"line":625,"column":15}}},"42":{"name":"(anonymous_49)","decl":{"start":{"line":615,"column":57},"end":{"line":615,"column":63}},"loc":{"start":{"line":615,"column":67},"end":{"line":615,"column":97}}},"43":{"name":"(anonymous_50)","decl":{"start":{"line":629,"column":90},"end":{"line":629,"column":91}},"loc":{"start":{"line":629,"column":95},"end":{"line":629,"column":120}}},"44":{"name":"(anonymous_51)","decl":{"start":{"line":785,"column":72},"end":{"line":785,"column":73}},"loc":{"start":{"line":786,"column":20},"end":{"line":787,"column":null}}},"45":{"name":"(anonymous_52)","decl":{"start":{"line":788,"column":31},"end":{"line":788,"column":34}},"loc":{"start":{"line":788,"column":36},"end":{"line":791,"column":23}}},"46":{"name":"(anonymous_53)","decl":{"start":{"line":821,"column":29},"end":{"line":821,"column":32}},"loc":{"start":{"line":821,"column":35},"end":{"line":821,"column":110}}},"47":{"name":"(anonymous_54)","decl":{"start":{"line":822,"column":48},"end":{"line":822,"column":54}},"loc":{"start":{"line":822,"column":59},"end":{"line":826,"column":20}}},"48":{"name":"(anonymous_55)","decl":{"start":{"line":827,"column":34},"end":{"line":827,"column":35}},"loc":{"start":{"line":827,"column":45},"end":{"line":833,"column":19}}},"49":{"name":"(anonymous_56)","decl":{"start":{"line":828,"column":61},"end":{"line":828,"column":67}},"loc":{"start":{"line":828,"column":71},"end":{"line":828,"column":95}}},"50":{"name":"(anonymous_57)","decl":{"start":{"line":847,"column":27},"end":{"line":847,"column":30}},"loc":{"start":{"line":847,"column":33},"end":{"line":847,"column":71}}},"51":{"name":"(anonymous_58)","decl":{"start":{"line":875,"column":38},"end":{"line":875,"column":39}},"loc":{"start":{"line":876,"column":24},"end":{"line":877,"column":null}}}},"branchMap":{"0":{"loc":{"start":{"line":145,"column":60},"end":{"line":145,"column":84}},"type":"default-arg","locations":[{"start":{"line":145,"column":80},"end":{"line":145,"column":84}}]},"1":{"loc":{"start":{"line":155,"column":6},"end":{"line":172,"column":7}},"type":"if","locations":[{"start":{"line":155,"column":6},"end":{"line":172,"column":7}}]},"2":{"loc":{"start":{"line":161,"column":29},"end":{"line":161,"column":109}},"type":"binary-expr","locations":[{"start":{"line":161,"column":29},"end":{"line":161,"column":79}},{"start":{"line":161,"column":83},"end":{"line":161,"column":109}}]},"3":{"loc":{"start":{"line":162,"column":22},"end":{"line":162,"column":88}},"type":"binary-expr","locations":[{"start":{"line":162,"column":22},"end":{"line":162,"column":65}},{"start":{"line":162,"column":69},"end":{"line":162,"column":88}}]},"4":{"loc":{"start":{"line":163,"column":24},"end":{"line":163,"column":94}},"type":"binary-expr","locations":[{"start":{"line":163,"column":24},"end":{"line":163,"column":69}},{"start":{"line":163,"column":73},"end":{"line":163,"column":94}}]},"5":{"loc":{"start":{"line":164,"column":23},"end":{"line":164,"column":95}},"type":"binary-expr","locations":[{"start":{"line":164,"column":23},"end":{"line":164,"column":67}},{"start":{"line":164,"column":71},"end":{"line":164,"column":95}}]},"6":{"loc":{"start":{"line":190,"column":8},"end":{"line":192,"column":9}},"type":"if","locations":[{"start":{"line":190,"column":8},"end":{"line":192,"column":9}}]},"7":{"loc":{"start":{"line":207,"column":29},"end":{"line":207,"column":88}},"type":"binary-expr","locations":[{"start":{"line":207,"column":29},"end":{"line":207,"column":56}},{"start":{"line":207,"column":60},"end":{"line":207,"column":88}}]},"8":{"loc":{"start":{"line":208,"column":22},"end":{"line":208,"column":48}},"type":"binary-expr","locations":[{"start":{"line":208,"column":22},"end":{"line":208,"column":42}},{"start":{"line":208,"column":46},"end":{"line":208,"column":48}}]},"9":{"loc":{"start":{"line":209,"column":24},"end":{"line":209,"column":52}},"type":"binary-expr","locations":[{"start":{"line":209,"column":24},"end":{"line":209,"column":46}},{"start":{"line":209,"column":50},"end":{"line":209,"column":52}}]},"10":{"loc":{"start":{"line":264,"column":4},"end":{"line":266,"column":5}},"type":"if","locations":[{"start":{"line":264,"column":4},"end":{"line":266,"column":5}}]},"11":{"loc":{"start":{"line":297,"column":4},"end":{"line":297,"column":35}},"type":"if","locations":[{"start":{"line":297,"column":4},"end":{"line":297,"column":35}}]},"12":{"loc":{"start":{"line":306,"column":4},"end":{"line":308,"column":5}},"type":"if","locations":[{"start":{"line":306,"column":4},"end":{"line":308,"column":5}}]},"13":{"loc":{"start":{"line":311,"column":4},"end":{"line":314,"column":5}},"type":"if","locations":[{"start":{"line":311,"column":4},"end":{"line":314,"column":5}}]},"14":{"loc":{"start":{"line":334,"column":6},"end":{"line":336,"column":7}},"type":"if","locations":[{"start":{"line":334,"column":6},"end":{"line":336,"column":7}}]},"15":{"loc":{"start":{"line":401,"column":4},"end":{"line":401,"column":28}},"type":"if","locations":[{"start":{"line":401,"column":4},"end":{"line":401,"column":28}}]},"16":{"loc":{"start":{"line":412,"column":4},"end":{"line":412,"column":27}},"type":"if","locations":[{"start":{"line":412,"column":4},"end":{"line":412,"column":27}}]},"17":{"loc":{"start":{"line":427,"column":26},"end":{"line":427,"column":54}},"type":"cond-expr","locations":[{"start":{"line":427,"column":48},"end":{"line":427,"column":49}},{"start":{"line":427,"column":52},"end":{"line":427,"column":54}}]},"18":{"loc":{"start":{"line":443,"column":14},"end":{"line":443,"column":67}},"type":"binary-expr","locations":[{"start":{"line":443,"column":14},"end":{"line":443,"column":42}},{"start":{"line":443,"column":46},"end":{"line":443,"column":67}}]},"19":{"loc":{"start":{"line":471,"column":33},"end":{"line":471,"column":61}},"type":"binary-expr","locations":[{"start":{"line":471,"column":33},"end":{"line":471,"column":45}},{"start":{"line":471,"column":49},"end":{"line":471,"column":61}}]},"20":{"loc":{"start":{"line":477,"column":6},"end":{"line":479,"column":7}},"type":"if","locations":[{"start":{"line":477,"column":6},"end":{"line":479,"column":7}}]},"21":{"loc":{"start":{"line":477,"column":10},"end":{"line":477,"column":60}},"type":"binary-expr","locations":[{"start":{"line":477,"column":10},"end":{"line":477,"column":25}},{"start":{"line":477,"column":29},"end":{"line":477,"column":60}}]},"22":{"loc":{"start":{"line":478,"column":24},"end":{"line":478,"column":70}},"type":"binary-expr","locations":[{"start":{"line":478,"column":24},"end":{"line":478,"column":42}},{"start":{"line":478,"column":46},"end":{"line":478,"column":70}}]},"23":{"loc":{"start":{"line":499,"column":64},"end":{"line":499,"column":88}},"type":"cond-expr","locations":[{"start":{"line":499,"column":77},"end":{"line":499,"column":83}},{"start":{"line":499,"column":86},"end":{"line":499,"column":88}}]},"24":{"loc":{"start":{"line":503,"column":10},"end":{"line":503,"column":null}},"type":"cond-expr","locations":[{"start":{"line":503,"column":26},"end":{"line":503,"column":41}},{"start":{"line":503,"column":44},"end":{"line":503,"column":null}}]},"25":{"loc":{"start":{"line":515,"column":15},"end":{"line":515,"column":86}},"type":"cond-expr","locations":[{"start":{"line":515,"column":28},"end":{"line":515,"column":55}},{"start":{"line":515,"column":58},"end":{"line":515,"column":86}}]},"26":{"loc":{"start":{"line":516,"column":21},"end":{"line":516,"column":60}},"type":"cond-expr","locations":[{"start":{"line":516,"column":34},"end":{"line":516,"column":46}},{"start":{"line":516,"column":49},"end":{"line":516,"column":60}}]},"27":{"loc":{"start":{"line":518,"column":53},"end":{"line":518,"column":95}},"type":"cond-expr","locations":[{"start":{"line":518,"column":66},"end":{"line":518,"column":79}},{"start":{"line":518,"column":82},"end":{"line":518,"column":95}}]},"28":{"loc":{"start":{"line":519,"column":133},"end":{"line":519,"column":166}},"type":"cond-expr","locations":[{"start":{"line":519,"column":146},"end":{"line":519,"column":161}},{"start":{"line":519,"column":164},"end":{"line":519,"column":166}}]},"29":{"loc":{"start":{"line":526,"column":14},"end":{"line":526,"column":null}},"type":"cond-expr","locations":[{"start":{"line":526,"column":42},"end":{"line":526,"column":66}},{"start":{"line":526,"column":69},"end":{"line":526,"column":null}}]},"30":{"loc":{"start":{"line":535,"column":14},"end":{"line":535,"column":null}},"type":"cond-expr","locations":[{"start":{"line":535,"column":39},"end":{"line":535,"column":63}},{"start":{"line":535,"column":66},"end":{"line":535,"column":null}}]},"31":{"loc":{"start":{"line":544,"column":14},"end":{"line":544,"column":null}},"type":"cond-expr","locations":[{"start":{"line":544,"column":40},"end":{"line":544,"column":64}},{"start":{"line":544,"column":67},"end":{"line":544,"column":null}}]},"32":{"loc":{"start":{"line":553,"column":14},"end":{"line":553,"column":null}},"type":"cond-expr","locations":[{"start":{"line":553,"column":38},"end":{"line":553,"column":62}},{"start":{"line":553,"column":65},"end":{"line":553,"column":null}}]},"33":{"loc":{"start":{"line":562,"column":14},"end":{"line":562,"column":null}},"type":"cond-expr","locations":[{"start":{"line":562,"column":44},"end":{"line":562,"column":68}},{"start":{"line":562,"column":71},"end":{"line":562,"column":null}}]},"34":{"loc":{"start":{"line":571,"column":14},"end":{"line":571,"column":null}},"type":"cond-expr","locations":[{"start":{"line":571,"column":41},"end":{"line":571,"column":65}},{"start":{"line":571,"column":68},"end":{"line":571,"column":null}}]},"35":{"loc":{"start":{"line":584,"column":13},"end":{"line":584,"column":53}},"type":"binary-expr","locations":[{"start":{"line":584,"column":13},"end":{"line":584,"column":38}},{"start":{"line":584,"column":42},"end":{"line":584,"column":53}}]},"36":{"loc":{"start":{"line":585,"column":13},"end":{"line":585,"column":50}},"type":"binary-expr","locations":[{"start":{"line":585,"column":13},"end":{"line":585,"column":35}},{"start":{"line":585,"column":39},"end":{"line":585,"column":50}}]},"37":{"loc":{"start":{"line":586,"column":13},"end":{"line":586,"column":58}},"type":"binary-expr","locations":[{"start":{"line":586,"column":13},"end":{"line":586,"column":36}},{"start":{"line":586,"column":40},"end":{"line":586,"column":58}}]},"38":{"loc":{"start":{"line":587,"column":13},"end":{"line":587,"column":53}},"type":"binary-expr","locations":[{"start":{"line":587,"column":13},"end":{"line":587,"column":34}},{"start":{"line":587,"column":38},"end":{"line":587,"column":53}}]},"39":{"loc":{"start":{"line":588,"column":13},"end":{"line":588,"column":55}},"type":"binary-expr","locations":[{"start":{"line":588,"column":13},"end":{"line":588,"column":40}},{"start":{"line":588,"column":44},"end":{"line":588,"column":55}}]},"40":{"loc":{"start":{"line":589,"column":13},"end":{"line":589,"column":51}},"type":"binary-expr","locations":[{"start":{"line":589,"column":13},"end":{"line":589,"column":37}},{"start":{"line":589,"column":41},"end":{"line":589,"column":51}}]},"41":{"loc":{"start":{"line":596,"column":15},"end":{"line":596,"column":86}},"type":"cond-expr","locations":[{"start":{"line":596,"column":28},"end":{"line":596,"column":55}},{"start":{"line":596,"column":58},"end":{"line":596,"column":86}}]},"42":{"loc":{"start":{"line":608,"column":9},"end":{"line":634,"column":null}},"type":"binary-expr","locations":[{"start":{"line":608,"column":9},"end":{"line":608,"column":31}},{"start":{"line":609,"column":10},"end":{"line":633,"column":null}}]},"43":{"loc":{"start":{"line":616,"column":16},"end":{"line":624,"column":17}},"type":"if","locations":[{"start":{"line":616,"column":16},"end":{"line":624,"column":17}},{"start":{"line":621,"column":23},"end":{"line":624,"column":17}}]},"44":{"loc":{"start":{"line":629,"column":69},"end":{"line":629,"column":136}},"type":"cond-expr","locations":[{"start":{"line":629,"column":131},"end":{"line":629,"column":132}},{"start":{"line":629,"column":135},"end":{"line":629,"column":136}}]},"45":{"loc":{"start":{"line":636,"column":9},"end":{"line":910,"column":null}},"type":"binary-expr","locations":[{"start":{"line":636,"column":9},"end":{"line":636,"column":34}},{"start":{"line":637,"column":10},"end":{"line":909,"column":null}}]},"46":{"loc":{"start":{"line":644,"column":21},"end":{"line":650,"column":null}},"type":"binary-expr","locations":[{"start":{"line":644,"column":21},"end":{"line":644,"column":31}},{"start":{"line":645,"column":22},"end":{"line":647,"column":null}}]},"47":{"loc":{"start":{"line":657,"column":23},"end":{"line":657,"column":63}},"type":"cond-expr","locations":[{"start":{"line":657,"column":36},"end":{"line":657,"column":49}},{"start":{"line":657,"column":52},"end":{"line":657,"column":63}}]},"48":{"loc":{"start":{"line":664,"column":30},"end":{"line":664,"column":58}},"type":"cond-expr","locations":[{"start":{"line":664,"column":43},"end":{"line":664,"column":53}},{"start":{"line":664,"column":56},"end":{"line":664,"column":58}}]},"49":{"loc":{"start":{"line":667,"column":27},"end":{"line":667,"column":64}},"type":"cond-expr","locations":[{"start":{"line":667,"column":40},"end":{"line":667,"column":52}},{"start":{"line":667,"column":55},"end":{"line":667,"column":64}}]},"50":{"loc":{"start":{"line":670,"column":44},"end":{"line":670,"column":72}},"type":"cond-expr","locations":[{"start":{"line":670,"column":57},"end":{"line":670,"column":67}},{"start":{"line":670,"column":70},"end":{"line":670,"column":72}}]},"51":{"loc":{"start":{"line":672,"column":33},"end":{"line":672,"column":81}},"type":"cond-expr","locations":[{"start":{"line":672,"column":46},"end":{"line":672,"column":72}},{"start":{"line":672,"column":75},"end":{"line":672,"column":81}}]},"52":{"loc":{"start":{"line":710,"column":24},"end":{"line":712,"column":null}},"type":"cond-expr","locations":[{"start":{"line":711,"column":28},"end":{"line":711,"column":44}},{"start":{"line":712,"column":28},"end":{"line":712,"column":null}}]},"53":{"loc":{"start":{"line":720,"column":24},"end":{"line":724,"column":null}},"type":"cond-expr","locations":[{"start":{"line":721,"column":28},"end":{"line":721,"column":64}},{"start":{"line":722,"column":28},"end":{"line":724,"column":null}}]},"54":{"loc":{"start":{"line":722,"column":28},"end":{"line":724,"column":null}},"type":"cond-expr","locations":[{"start":{"line":723,"column":30},"end":{"line":723,"column":62}},{"start":{"line":724,"column":30},"end":{"line":724,"column":null}}]},"55":{"loc":{"start":{"line":732,"column":27},"end":{"line":733,"column":63}},"type":"binary-expr","locations":[{"start":{"line":732,"column":28},"end":{"line":733,"column":57}},{"start":{"line":733,"column":62},"end":{"line":733,"column":63}}]},"56":{"loc":{"start":{"line":794,"column":26},"end":{"line":794,"column":95}},"type":"cond-expr","locations":[{"start":{"line":794,"column":54},"end":{"line":794,"column":68}},{"start":{"line":794,"column":71},"end":{"line":794,"column":95}}]},"57":{"loc":{"start":{"line":809,"column":35},"end":{"line":809,"column":137}},"type":"cond-expr","locations":[{"start":{"line":809,"column":59},"end":{"line":809,"column":107}},{"start":{"line":809,"column":110},"end":{"line":809,"column":137}}]},"58":{"loc":{"start":{"line":814,"column":19},"end":{"line":814,"column":120}},"type":"binary-expr","locations":[{"start":{"line":814,"column":19},"end":{"line":814,"column":28}},{"start":{"line":814,"column":32},"end":{"line":814,"column":120}}]},"59":{"loc":{"start":{"line":829,"column":20},"end":{"line":832,"column":21}},"type":"if","locations":[{"start":{"line":829,"column":20},"end":{"line":832,"column":21}}]},"60":{"loc":{"start":{"line":849,"column":30},"end":{"line":849,"column":70}},"type":"cond-expr","locations":[{"start":{"line":849,"column":49},"end":{"line":849,"column":59}},{"start":{"line":849,"column":62},"end":{"line":849,"column":70}}]},"61":{"loc":{"start":{"line":851,"column":19},"end":{"line":858,"column":null}},"type":"cond-expr","locations":[{"start":{"line":852,"column":20},"end":{"line":853,"column":null}},{"start":{"line":856,"column":20},"end":{"line":857,"column":null}}]},"62":{"loc":{"start":{"line":862,"column":15},"end":{"line":907,"column":null}},"type":"binary-expr","locations":[{"start":{"line":862,"column":15},"end":{"line":862,"column":31}},{"start":{"line":863,"column":16},"end":{"line":906,"column":null}}]},"63":{"loc":{"start":{"line":899,"column":28},"end":{"line":899,"column":null}},"type":"cond-expr","locations":[{"start":{"line":899,"column":60},"end":{"line":899,"column":96}},{"start":{"line":899,"column":99},"end":{"line":899,"column":null}}]},"64":{"loc":{"start":{"line":912,"column":9},"end":{"line":917,"column":null}},"type":"binary-expr","locations":[{"start":{"line":912,"column":9},"end":{"line":912,"column":32}},{"start":{"line":913,"column":10},"end":{"line":916,"column":null}}]},"65":{"loc":{"start":{"line":919,"column":9},"end":{"line":923,"column":null}},"type":"binary-expr","locations":[{"start":{"line":919,"column":9},"end":{"line":919,"column":30}},{"start":{"line":920,"column":10},"end":{"line":922,"column":null}}]},"66":{"loc":{"start":{"line":925,"column":9},"end":{"line":926,"column":null}},"type":"binary-expr","locations":[{"start":{"line":925,"column":9},"end":{"line":925,"column":36}},{"start":{"line":926,"column":10},"end":{"line":926,"column":24}}]},"67":{"loc":{"start":{"line":928,"column":9},"end":{"line":931,"column":null}},"type":"binary-expr","locations":[{"start":{"line":928,"column":9},"end":{"line":928,"column":33}},{"start":{"line":929,"column":10},"end":{"line":929,"column":null}}]},"68":{"loc":{"start":{"line":936,"column":7},"end":{"line":939,"column":null}},"type":"binary-expr","locations":[{"start":{"line":936,"column":7},"end":{"line":936,"column":27}},{"start":{"line":937,"column":8},"end":{"line":938,"column":null}}]}},"s":{"0":0,"1":0,"2":0,"3":0,"4":0,"5":0,"6":0,"7":0,"8":0,"9":0,"10":0,"11":0,"12":0,"13":0,"14":0,"15":0,"16":0,"17":0,"18":0,"19":0,"20":0,"21":0,"22":0,"23":0,"24":0,"25":0,"26":0,"27":0,"28":0,"29":0,"30":0,"31":0,"32":0,"33":0,"34":0,"35":0,"36":0,"37":0,"38":0,"39":0,"40":0,"41":0,"42":0,"43":0,"44":0,"45":0,"46":0,"47":0,"48":0,"49":0,"50":0,"51":0,"52":0,"53":0,"54":0,"55":0,"56":0,"57":0,"58":0,"59":0,"60":0,"61":0,"62":0,"63":0,"64":0,"65":0,"66":0,"67":0,"68":0,"69":0,"70":0,"71":0,"72":0,"73":0,"74":0,"75":0,"76":0,"77":0,"78":0,"79":0,"80":0,"81":0,"82":0,"83":0,"84":0,"85":0,"86":0,"87":0,"88":0,"89":0,"90":0,"91":0,"92":0,"93":0,"94":0,"95":0,"96":0,"97":0,"98":0,"99":0,"100":0,"101":0,"102":0,"103":0,"104":0,"105":0,"106":0,"107":0,"108":0,"109":0,"110":0,"111":0,"112":0,"113":0,"114":0,"115":0,"116":0,"117":0,"118":0,"119":0,"120":0,"121":0,"122":0,"123":0,"124":0,"125":0,"126":0,"127":0,"128":0,"129":0,"130":0,"131":0,"132":0,"133":0,"134":0,"135":0,"136":0,"137":0,"138":0,"139":0,"140":0,"141":0,"142":0,"143":0,"144":0,"145":0,"146":0,"147":0,"148":0,"149":0,"150":0,"151":0,"152":0,"153":0,"154":0,"155":0,"156":0,"157":0,"158":0,"159":0,"160":0,"161":0,"162":0,"163":0,"164":0,"165":0,"166":0,"167":0,"168":0,"169":0,"170":0,"171":0,"172":0,"173":0,"174":0,"175":0,"176":0,"177":0,"178":0,"179":0,"180":0,"181":0,"182":0,"183":0,"184":0,"185":0,"186":0,"187":0,"188":0,"189":0,"190":0,"191":0,"192":0,"193":0,"194":0,"195":0,"196":0,"197":0,"198":0,"199":0},"f":{"0":0,"1":0,"2":0,"3":0,"4":0,"5":0,"6":0,"7":0,"8":0,"9":0,"10":0,"11":0,"12":0,"13":0,"14":0,"15":0,"16":0,"17":0,"18":0,"19":0,"20":0,"21":0,"22":0,"23":0,"24":0,"25":0,"26":0,"27":0,"28":0,"29":0,"30":0,"31":0,"32":0,"33":0,"34":0,"35":0,"36":0,"37":0,"38":0,"39":0,"40":0,"41":0,"42":0,"43":0,"44":0,"45":0,"46":0,"47":0,"48":0,"49":0,"50":0,"51":0},"b":{"0":[0],"1":[0],"2":[0,0],"3":[0,0],"4":[0,0],"5":[0,0],"6":[0],"7":[0,0],"8":[0,0],"9":[0,0],"10":[0],"11":[0],"12":[0],"13":[0],"14":[0],"15":[0],"16":[0],"17":[0,0],"18":[0,0],"19":[0,0],"20":[0],"21":[0,0],"22":[0,0],"23":[0,0],"24":[0,0],"25":[0,0],"26":[0,0],"27":[0,0],"28":[0,0],"29":[0,0],"30":[0,0],"31":[0,0],"32":[0,0],"33":[0,0],"34":[0,0],"35":[0,0],"36":[0,0],"37":[0,0],"38":[0,0],"39":[0,0],"40":[0,0],"41":[0,0],"42":[0,0],"43":[0,0],"44":[0,0],"45":[0,0],"46":[0,0],"47":[0,0],"48":[0,0],"49":[0,0],"50":[0,0],"51":[0,0],"52":[0,0],"53":[0,0],"54":[0,0],"55":[0,0],"56":[0,0],"57":[0,0],"58":[0,0],"59":[0],"60":[0,0],"61":[0,0],"62":[0,0],"63":[0,0],"64":[0,0],"65":[0,0],"66":[0,0],"67":[0,0],"68":[0,0]}}
,"/opt/lampp/htdocs/bot/frontend/src/main.tsx": {"path":"/opt/lampp/htdocs/bot/frontend/src/main.tsx","statementMap":{"0":{"start":{"line":1,"column":0},"end":{"line":1,"column":35}},"1":{"start":{"line":2,"column":0},"end":{"line":2,"column":46}},"2":{"start":{"line":3,"column":0},"end":{"line":3,"column":28}},"3":{"start":{"line":4,"column":0},"end":{"line":4,"column":21}},"4":{"start":{"line":6,"column":0},"end":{"line":10,"column":2}}},"fnMap":{},"branchMap":{},"s":{"0":0,"1":0,"2":0,"3":0,"4":0},"f":{},"b":{}}
,"/opt/lampp/htdocs/bot/frontend/src/store.ts": {"path":"/opt/lampp/htdocs/bot/frontend/src/store.ts","statementMap":{"0":{"start":{"line":1,"column":0},"end":{"line":1,"column":50}},"1":{"start":{"line":3,"column":14},"end":{"line":7,"column":2}},"2":{"start":{"line":9,"column":0},"end":{"line":9,"column":21}}},"fnMap":{},"branchMap":{},"s":{"0":0,"1":0,"2":0},"f":{},"b":{}}
,"/opt/lampp/htdocs/bot/frontend/src/components/AssetManagement.tsx": {"path":"/opt/lampp/htdocs/bot/frontend/src/components/AssetManagement.tsx","statementMap":{"0":{"start":{"line":1,"column":0},"end":{"line":1,"column":60}},"1":{"start":{"line":2,"column":0},"end":{"line":2,"column":101}},"2":{"start":{"line":3,"column":0},"end":{"line":3,"column":56}},"3":{"start":{"line":4,"column":0},"end":{"line":4,"column":32}},"4":{"start":{"line":5,"column":0},"end":{"line":5,"column":41}},"5":{"start":{"line":6,"column":0},"end":{"line":6,"column":37}},"6":{"start":{"line":38,"column":56},"end":{"line":1091,"column":1}},"7":{"start":{"line":45,"column":38},"end":{"line":45,"column":50}},"8":{"start":{"line":46,"column":44},"end":{"line":46,"column":74}},"9":{"start":{"line":47,"column":40},"end":{"line":47,"column":55}},"10":{"start":{"line":48,"column":32},"end":{"line":48,"column":47}},"11":{"start":{"line":51,"column":52},"end":{"line":51,"column":67}},"12":{"start":{"line":52,"column":66},"end":{"line":52,"column":81}},"13":{"start":{"line":53,"column":38},"end":{"line":53,"column":50}},"14":{"start":{"line":54,"column":38},"end":{"line":54,"column":53}},"15":{"start":{"line":55,"column":44},"end":{"line":55,"column":59}},"16":{"start":{"line":56,"column":48},"end":{"line":56,"column":60}},"17":{"start":{"line":57,"column":54},"end":{"line":57,"column":66}},"18":{"start":{"line":58,"column":38},"end":{"line":58,"column":50}},"19":{"start":{"line":59,"column":44},"end":{"line":59,"column":56}},"20":{"start":{"line":60,"column":38},"end":{"line":60,"column":50}},"21":{"start":{"line":61,"column":46},"end":{"line":61,"column":61}},"22":{"start":{"line":62,"column":38},"end":{"line":62,"column":53}},"23":{"start":{"line":63,"column":38},"end":{"line":63,"column":53}},"24":{"start":{"line":64,"column":38},"end":{"line":64,"column":77}},"25":{"start":{"line":65,"column":42},"end":{"line":65,"column":78}},"26":{"start":{"line":66,"column":60},"end":{"line":66,"column":72}},"27":{"start":{"line":67,"column":54},"end":{"line":67,"column":66}},"28":{"start":{"line":68,"column":54},"end":{"line":68,"column":69}},"29":{"start":{"line":69,"column":60},"end":{"line":69,"column":75}},"30":{"start":{"line":70,"column":44},"end":{"line":73,"column":4}},"31":{"start":{"line":74,"column":42},"end":{"line":74,"column":57}},"32":{"start":{"line":77,"column":25},"end":{"line":88,"column":28}},"33":{"start":{"line":77,"column":39},"end":{"line":88,"column":25}},"34":{"start":{"line":91,"column":30},"end":{"line":159,"column":42}},"35":{"start":{"line":91,"column":44},"end":{"line":159,"column":25}},"36":{"start":{"line":161,"column":33},"end":{"line":176,"column":3}},"37":{"start":{"line":162,"column":4},"end":{"line":166,"column":5}},"38":{"start":{"line":164,"column":6},"end":{"line":164,"column":27}},"39":{"start":{"line":165,"column":6},"end":{"line":165,"column":13}},"40":{"start":{"line":169,"column":20},"end":{"line":172,"column":null}},"41":{"start":{"line":170,"column":6},"end":{"line":172,"column":43}},"42":{"start":{"line":175,"column":4},"end":{"line":175,"column":30}},"43":{"start":{"line":178,"column":34},"end":{"line":185,"column":3}},"44":{"start":{"line":179,"column":28},"end":{"line":181,"column":66}},"45":{"start":{"line":181,"column":45},"end":{"line":181,"column":65}},"46":{"start":{"line":182,"column":4},"end":{"line":182,"column":38}},"47":{"start":{"line":183,"column":4},"end":{"line":183,"column":22}},"48":{"start":{"line":184,"column":4},"end":{"line":184,"column":26}},"49":{"start":{"line":187,"column":25},"end":{"line":280,"column":3}},"50":{"start":{"line":188,"column":4},"end":{"line":191,"column":5}},"51":{"start":{"line":189,"column":6},"end":{"line":189,"column":178}},"52":{"start":{"line":190,"column":6},"end":{"line":190,"column":13}},"53":{"start":{"line":193,"column":4},"end":{"line":279,"column":5}},"54":{"start":{"line":196,"column":26},"end":{"line":196,"column":58}},"55":{"start":{"line":197,"column":20},"end":{"line":199,"column":36}},"56":{"start":{"line":202,"column":29},"end":{"line":205,"column":8}},"57":{"start":{"line":208,"column":27},"end":{"line":210,"column":null}},"58":{"start":{"line":214,"column":6},"end":{"line":216,"column":7}},"59":{"start":{"line":215,"column":8},"end":{"line":215,"column":15}},"60":{"start":{"line":219,"column":21},"end":{"line":219,"column":45}},"61":{"start":{"line":220,"column":6},"end":{"line":223,"column":7}},"62":{"start":{"line":221,"column":8},"end":{"line":221,"column":55}},"63":{"start":{"line":222,"column":8},"end":{"line":222,"column":15}},"64":{"start":{"line":225,"column":6},"end":{"line":225,"column":23}},"65":{"start":{"line":228,"column":20},"end":{"line":228,"column":34}},"66":{"start":{"line":231,"column":35},"end":{"line":245,"column":8}},"67":{"start":{"line":248,"column":6},"end":{"line":248,"column":27}},"68":{"start":{"line":249,"column":6},"end":{"line":249,"column":57}},"69":{"start":{"line":252,"column":6},"end":{"line":252,"column":80}},"70":{"start":{"line":254,"column":6},"end":{"line":272,"column":7}},"71":{"start":{"line":256,"column":28},"end":{"line":263,"column":10}},"72":{"start":{"line":266,"column":8},"end":{"line":268,"column":9}},"73":{"start":{"line":267,"column":10},"end":{"line":267,"column":81}},"74":{"start":{"line":270,"column":8},"end":{"line":270,"column":92}},"75":{"start":{"line":275,"column":6},"end":{"line":275,"column":50}},"76":{"start":{"line":276,"column":6},"end":{"line":276,"column":105}},"77":{"start":{"line":278,"column":6},"end":{"line":278,"column":24}},"78":{"start":{"line":282,"column":2},"end":{"line":294,"column":67}},"79":{"start":{"line":284,"column":4},"end":{"line":292,"column":5}},"80":{"start":{"line":285,"column":6},"end":{"line":285,"column":27}},"81":{"start":{"line":286,"column":11},"end":{"line":292,"column":5}},"82":{"start":{"line":288,"column":30},"end":{"line":290,"column":68}},"83":{"start":{"line":290,"column":47},"end":{"line":290,"column":67}},"84":{"start":{"line":291,"column":6},"end":{"line":291,"column":40}},"85":{"start":{"line":296,"column":2},"end":{"line":302,"column":3}},"86":{"start":{"line":297,"column":4},"end":{"line":301,"column":6}},"87":{"start":{"line":307,"column":23},"end":{"line":337,"column":3}},"88":{"start":{"line":308,"column":4},"end":{"line":311,"column":5}},"89":{"start":{"line":309,"column":6},"end":{"line":309,"column":42}},"90":{"start":{"line":310,"column":6},"end":{"line":310,"column":13}},"91":{"start":{"line":313,"column":4},"end":{"line":336,"column":5}},"92":{"start":{"line":315,"column":21},"end":{"line":315,"column":49}},"93":{"start":{"line":318,"column":23},"end":{"line":318,"column":45}},"94":{"start":{"line":319,"column":22},"end":{"line":319,"column":36}},"95":{"start":{"line":320,"column":18},"end":{"line":320,"column":35}},"96":{"start":{"line":323,"column":6},"end":{"line":323,"column":30}},"97":{"start":{"line":324,"column":6},"end":{"line":324,"column":32}},"98":{"start":{"line":325,"column":6},"end":{"line":325,"column":25}},"99":{"start":{"line":326,"column":6},"end":{"line":326,"column":29}},"100":{"start":{"line":327,"column":6},"end":{"line":327,"column":31}},"101":{"start":{"line":330,"column":6},"end":{"line":330,"column":49}},"102":{"start":{"line":331,"column":6},"end":{"line":331,"column":39}},"103":{"start":{"line":332,"column":6},"end":{"line":332,"column":39}},"104":{"start":{"line":334,"column":6},"end":{"line":334,"column":53}},"105":{"start":{"line":335,"column":6},"end":{"line":335,"column":56}},"106":{"start":{"line":340,"column":31},"end":{"line":399,"column":3}},"107":{"start":{"line":341,"column":4},"end":{"line":344,"column":5}},"108":{"start":{"line":342,"column":6},"end":{"line":342,"column":42}},"109":{"start":{"line":343,"column":6},"end":{"line":343,"column":13}},"110":{"start":{"line":346,"column":4},"end":{"line":349,"column":5}},"111":{"start":{"line":347,"column":6},"end":{"line":347,"column":45}},"112":{"start":{"line":348,"column":6},"end":{"line":348,"column":13}},"113":{"start":{"line":352,"column":4},"end":{"line":355,"column":5}},"114":{"start":{"line":353,"column":6},"end":{"line":353,"column":78}},"115":{"start":{"line":354,"column":6},"end":{"line":354,"column":13}},"116":{"start":{"line":357,"column":4},"end":{"line":398,"column":5}},"117":{"start":{"line":361,"column":6},"end":{"line":379,"column":7}},"118":{"start":{"line":363,"column":22},"end":{"line":363,"column":52}},"119":{"start":{"line":364,"column":8},"end":{"line":367,"column":9}},"120":{"start":{"line":365,"column":10},"end":{"line":365,"column":59}},"121":{"start":{"line":366,"column":10},"end":{"line":366,"column":17}},"122":{"start":{"line":368,"column":8},"end":{"line":368,"column":56}},"123":{"start":{"line":369,"column":13},"end":{"line":379,"column":7}},"124":{"start":{"line":371,"column":8},"end":{"line":374,"column":9}},"125":{"start":{"line":372,"column":10},"end":{"line":372,"column":77}},"126":{"start":{"line":373,"column":10},"end":{"line":373,"column":17}},"127":{"start":{"line":375,"column":8},"end":{"line":375,"column":47}},"128":{"start":{"line":377,"column":8},"end":{"line":377,"column":65}},"129":{"start":{"line":378,"column":8},"end":{"line":378,"column":15}},"130":{"start":{"line":382,"column":6},"end":{"line":385,"column":7}},"131":{"start":{"line":383,"column":8},"end":{"line":383,"column":80}},"132":{"start":{"line":384,"column":8},"end":{"line":384,"column":15}},"133":{"start":{"line":388,"column":6},"end":{"line":388,"column":37}},"134":{"start":{"line":389,"column":6},"end":{"line":389,"column":46}},"135":{"start":{"line":392,"column":6},"end":{"line":392,"column":50}},"136":{"start":{"line":393,"column":6},"end":{"line":393,"column":53}},"137":{"start":{"line":394,"column":6},"end":{"line":394,"column":47}},"138":{"start":{"line":396,"column":6},"end":{"line":396,"column":54}},"139":{"start":{"line":397,"column":6},"end":{"line":397,"column":99}},"140":{"start":{"line":402,"column":25},"end":{"line":408,"column":3}},"141":{"start":{"line":403,"column":4},"end":{"line":407,"column":5}},"142":{"start":{"line":404,"column":6},"end":{"line":404,"column":23}},"143":{"start":{"line":405,"column":6},"end":{"line":405,"column":26}},"144":{"start":{"line":406,"column":6},"end":{"line":406,"column":51}},"145":{"start":{"line":406,"column":23},"end":{"line":406,"column":43}},"146":{"start":{"line":411,"column":25},"end":{"line":432,"column":3}},"147":{"start":{"line":412,"column":4},"end":{"line":415,"column":5}},"148":{"start":{"line":413,"column":6},"end":{"line":413,"column":70}},"149":{"start":{"line":414,"column":6},"end":{"line":414,"column":13}},"150":{"start":{"line":418,"column":4},"end":{"line":421,"column":5}},"151":{"start":{"line":419,"column":6},"end":{"line":419,"column":78}},"152":{"start":{"line":420,"column":6},"end":{"line":420,"column":13}},"153":{"start":{"line":424,"column":4},"end":{"line":427,"column":8}},"154":{"start":{"line":430,"column":4},"end":{"line":430,"column":27}},"155":{"start":{"line":431,"column":4},"end":{"line":431,"column":30}},"156":{"start":{"line":435,"column":28},"end":{"line":437,"column":3}},"157":{"start":{"line":436,"column":4},"end":{"line":436,"column":65}},"158":{"start":{"line":436,"column":47},"end":{"line":436,"column":62}},"159":{"start":{"line":440,"column":27},"end":{"line":453,"column":4}},"160":{"start":{"line":443,"column":24},"end":{"line":443,"column":91}},"161":{"start":{"line":444,"column":10},"end":{"line":444,"column":29}},"162":{"start":{"line":455,"column":2},"end":{"line":1090,"column":4}},"163":{"start":{"line":463,"column":29},"end":{"line":463,"column":58}},"164":{"start":{"line":474,"column":31},"end":{"line":474,"column":59}},"165":{"start":{"line":496,"column":18},"end":{"line":496,"column":48}},"166":{"start":{"line":497,"column":18},"end":{"line":497,"column":57}},"167":{"start":{"line":498,"column":18},"end":{"line":498,"column":41}},"168":{"start":{"line":510,"column":33},"end":{"line":510,"column":55}},"169":{"start":{"line":523,"column":16},"end":{"line":524,"column":null}},"170":{"start":{"line":546,"column":35},"end":{"line":546,"column":57}},"171":{"start":{"line":571,"column":16},"end":{"line":571,"column":57}},"172":{"start":{"line":572,"column":16},"end":{"line":572,"column":63}},"173":{"start":{"line":572,"column":39},"end":{"line":572,"column":63}},"174":{"start":{"line":581,"column":29},"end":{"line":581,"column":83}},"175":{"start":{"line":604,"column":22},"end":{"line":604,"column":46}},"176":{"start":{"line":605,"column":22},"end":{"line":605,"column":46}},"177":{"start":{"line":606,"column":22},"end":{"line":606,"column":54}},"178":{"start":{"line":614,"column":22},"end":{"line":614,"column":46}},"179":{"start":{"line":615,"column":22},"end":{"line":615,"column":46}},"180":{"start":{"line":616,"column":22},"end":{"line":616,"column":54}},"181":{"start":{"line":634,"column":39},"end":{"line":634,"column":68}},"182":{"start":{"line":647,"column":42},"end":{"line":647,"column":62}},"183":{"start":{"line":658,"column":42},"end":{"line":658,"column":63}},"184":{"start":{"line":687,"column":39},"end":{"line":687,"column":76}},"185":{"start":{"line":698,"column":39},"end":{"line":698,"column":79}},"186":{"start":{"line":711,"column":42},"end":{"line":711,"column":65}},"187":{"start":{"line":722,"column":42},"end":{"line":722,"column":68}},"188":{"start":{"line":738,"column":41},"end":{"line":738,"column":70}},"189":{"start":{"line":752,"column":41},"end":{"line":752,"column":70}},"190":{"start":{"line":769,"column":42},"end":{"line":769,"column":70}},"191":{"start":{"line":780,"column":42},"end":{"line":780,"column":71}},"192":{"start":{"line":854,"column":41},"end":{"line":854,"column":75}},"193":{"start":{"line":868,"column":41},"end":{"line":868,"column":67}},"194":{"start":{"line":935,"column":39},"end":{"line":935,"column":73}},"195":{"start":{"line":945,"column":39},"end":{"line":945,"column":76}},"196":{"start":{"line":966,"column":24},"end":{"line":967,"column":null}},"197":{"start":{"line":978,"column":32},"end":{"line":978,"column":97}},"198":{"start":{"line":986,"column":45},"end":{"line":986,"column":72}},"199":{"start":{"line":1054,"column":20},"end":{"line":1055,"column":null}},"200":{"start":{"line":1057,"column":37},"end":{"line":1057,"column":65}},"201":{"start":{"line":1093,"column":0},"end":{"line":1093,"column":31}}},"fnMap":{"0":{"name":"(anonymous_7)","decl":{"start":{"line":38,"column":56},"end":{"line":38,"column":57}},"loc":{"start":{"line":44,"column":5},"end":{"line":1091,"column":1}}},"1":{"name":"(anonymous_8)","decl":{"start":{"line":41,"column":21},"end":{"line":41,"column":24}},"loc":{"start":{"line":41,"column":26},"end":{"line":41,"column":29}}},"2":{"name":"(anonymous_9)","decl":{"start":{"line":42,"column":19},"end":{"line":42,"column":22}},"loc":{"start":{"line":42,"column":24},"end":{"line":42,"column":27}}},"3":{"name":"(anonymous_10)","decl":{"start":{"line":77,"column":33},"end":{"line":77,"column":36}},"loc":{"start":{"line":77,"column":39},"end":{"line":88,"column":25}}},"4":{"name":"(anonymous_11)","decl":{"start":{"line":91,"column":38},"end":{"line":91,"column":41}},"loc":{"start":{"line":91,"column":44},"end":{"line":159,"column":25}}},"5":{"name":"(anonymous_12)","decl":{"start":{"line":161,"column":33},"end":{"line":161,"column":34}},"loc":{"start":{"line":161,"column":50},"end":{"line":176,"column":3}}},"6":{"name":"(anonymous_13)","decl":{"start":{"line":169,"column":47},"end":{"line":169,"column":53}},"loc":{"start":{"line":170,"column":6},"end":{"line":172,"column":43}}},"7":{"name":"(anonymous_14)","decl":{"start":{"line":178,"column":34},"end":{"line":178,"column":37}},"loc":{"start":{"line":178,"column":39},"end":{"line":185,"column":3}}},"8":{"name":"(anonymous_15)","decl":{"start":{"line":181,"column":35},"end":{"line":181,"column":41}},"loc":{"start":{"line":181,"column":45},"end":{"line":181,"column":65}}},"9":{"name":"(anonymous_16)","decl":{"start":{"line":187,"column":25},"end":{"line":187,"column":30}},"loc":{"start":{"line":187,"column":58},"end":{"line":280,"column":3}}},"10":{"name":"(anonymous_17)","decl":{"start":{"line":282,"column":12},"end":{"line":282,"column":15}},"loc":{"start":{"line":282,"column":17},"end":{"line":294,"column":3}}},"11":{"name":"(anonymous_18)","decl":{"start":{"line":290,"column":37},"end":{"line":290,"column":43}},"loc":{"start":{"line":290,"column":47},"end":{"line":290,"column":67}}},"12":{"name":"(anonymous_19)","decl":{"start":{"line":307,"column":23},"end":{"line":307,"column":26}},"loc":{"start":{"line":307,"column":28},"end":{"line":337,"column":3}}},"13":{"name":"(anonymous_20)","decl":{"start":{"line":340,"column":31},"end":{"line":340,"column":34}},"loc":{"start":{"line":340,"column":36},"end":{"line":399,"column":3}}},"14":{"name":"(anonymous_21)","decl":{"start":{"line":402,"column":25},"end":{"line":402,"column":28}},"loc":{"start":{"line":402,"column":30},"end":{"line":408,"column":3}}},"15":{"name":"(anonymous_22)","decl":{"start":{"line":406,"column":17},"end":{"line":406,"column":20}},"loc":{"start":{"line":406,"column":23},"end":{"line":406,"column":43}}},"16":{"name":"(anonymous_23)","decl":{"start":{"line":411,"column":25},"end":{"line":411,"column":28}},"loc":{"start":{"line":411,"column":30},"end":{"line":432,"column":3}}},"17":{"name":"(anonymous_24)","decl":{"start":{"line":435,"column":28},"end":{"line":435,"column":29}},"loc":{"start":{"line":435,"column":45},"end":{"line":437,"column":3}}},"18":{"name":"(anonymous_25)","decl":{"start":{"line":436,"column":42},"end":{"line":436,"column":43}},"loc":{"start":{"line":436,"column":47},"end":{"line":436,"column":62}}},"19":{"name":"(anonymous_26)","decl":{"start":{"line":442,"column":31},"end":{"line":442,"column":32}},"loc":{"start":{"line":442,"column":46},"end":{"line":445,"column":9}}},"20":{"name":"(anonymous_27)","decl":{"start":{"line":463,"column":23},"end":{"line":463,"column":26}},"loc":{"start":{"line":463,"column":29},"end":{"line":463,"column":58}}},"21":{"name":"(anonymous_28)","decl":{"start":{"line":474,"column":25},"end":{"line":474,"column":28}},"loc":{"start":{"line":474,"column":31},"end":{"line":474,"column":59}}},"22":{"name":"(anonymous_29)","decl":{"start":{"line":495,"column":26},"end":{"line":495,"column":27}},"loc":{"start":{"line":495,"column":32},"end":{"line":499,"column":17}}},"23":{"name":"(anonymous_30)","decl":{"start":{"line":510,"column":27},"end":{"line":510,"column":30}},"loc":{"start":{"line":510,"column":33},"end":{"line":510,"column":55}}},"24":{"name":"(anonymous_31)","decl":{"start":{"line":522,"column":32},"end":{"line":522,"column":33}},"loc":{"start":{"line":523,"column":16},"end":{"line":524,"column":null}}},"25":{"name":"(anonymous_32)","decl":{"start":{"line":546,"column":29},"end":{"line":546,"column":32}},"loc":{"start":{"line":546,"column":35},"end":{"line":546,"column":57}}},"26":{"name":"(anonymous_33)","decl":{"start":{"line":570,"column":23},"end":{"line":570,"column":26}},"loc":{"start":{"line":570,"column":28},"end":{"line":573,"column":15}}},"27":{"name":"(anonymous_34)","decl":{"start":{"line":581,"column":23},"end":{"line":581,"column":26}},"loc":{"start":{"line":581,"column":29},"end":{"line":581,"column":83}}},"28":{"name":"(anonymous_35)","decl":{"start":{"line":603,"column":29},"end":{"line":603,"column":32}},"loc":{"start":{"line":603,"column":34},"end":{"line":607,"column":21}}},"29":{"name":"(anonymous_36)","decl":{"start":{"line":613,"column":29},"end":{"line":613,"column":32}},"loc":{"start":{"line":613,"column":34},"end":{"line":617,"column":21}}},"30":{"name":"(anonymous_37)","decl":{"start":{"line":634,"column":32},"end":{"line":634,"column":33}},"loc":{"start":{"line":634,"column":39},"end":{"line":634,"column":68}}},"31":{"name":"(anonymous_38)","decl":{"start":{"line":647,"column":36},"end":{"line":647,"column":39}},"loc":{"start":{"line":647,"column":42},"end":{"line":647,"column":62}}},"32":{"name":"(anonymous_39)","decl":{"start":{"line":658,"column":36},"end":{"line":658,"column":39}},"loc":{"start":{"line":658,"column":42},"end":{"line":658,"column":63}}},"33":{"name":"(anonymous_40)","decl":{"start":{"line":687,"column":32},"end":{"line":687,"column":33}},"loc":{"start":{"line":687,"column":39},"end":{"line":687,"column":76}}},"34":{"name":"(anonymous_41)","decl":{"start":{"line":698,"column":32},"end":{"line":698,"column":33}},"loc":{"start":{"line":698,"column":39},"end":{"line":698,"column":79}}},"35":{"name":"(anonymous_42)","decl":{"start":{"line":711,"column":36},"end":{"line":711,"column":39}},"loc":{"start":{"line":711,"column":42},"end":{"line":711,"column":65}}},"36":{"name":"(anonymous_43)","decl":{"start":{"line":722,"column":36},"end":{"line":722,"column":39}},"loc":{"start":{"line":722,"column":42},"end":{"line":722,"column":68}}},"37":{"name":"(anonymous_44)","decl":{"start":{"line":738,"column":34},"end":{"line":738,"column":35}},"loc":{"start":{"line":738,"column":41},"end":{"line":738,"column":70}}},"38":{"name":"(anonymous_45)","decl":{"start":{"line":752,"column":34},"end":{"line":752,"column":35}},"loc":{"start":{"line":752,"column":41},"end":{"line":752,"column":70}}},"39":{"name":"(anonymous_46)","decl":{"start":{"line":769,"column":36},"end":{"line":769,"column":39}},"loc":{"start":{"line":769,"column":42},"end":{"line":769,"column":70}}},"40":{"name":"(anonymous_47)","decl":{"start":{"line":780,"column":36},"end":{"line":780,"column":39}},"loc":{"start":{"line":780,"column":42},"end":{"line":780,"column":71}}},"41":{"name":"(anonymous_48)","decl":{"start":{"line":854,"column":35},"end":{"line":854,"column":38}},"loc":{"start":{"line":854,"column":41},"end":{"line":854,"column":75}}},"42":{"name":"(anonymous_49)","decl":{"start":{"line":868,"column":35},"end":{"line":868,"column":38}},"loc":{"start":{"line":868,"column":41},"end":{"line":868,"column":67}}},"43":{"name":"(anonymous_50)","decl":{"start":{"line":935,"column":32},"end":{"line":935,"column":33}},"loc":{"start":{"line":935,"column":39},"end":{"line":935,"column":73}}},"44":{"name":"(anonymous_51)","decl":{"start":{"line":945,"column":32},"end":{"line":945,"column":33}},"loc":{"start":{"line":945,"column":39},"end":{"line":945,"column":76}}},"45":{"name":"(anonymous_52)","decl":{"start":{"line":965,"column":41},"end":{"line":965,"column":42}},"loc":{"start":{"line":966,"column":24},"end":{"line":967,"column":null}}},"46":{"name":"(anonymous_53)","decl":{"start":{"line":976,"column":39},"end":{"line":976,"column":42}},"loc":{"start":{"line":976,"column":44},"end":{"line":979,"column":31}}},"47":{"name":"(anonymous_54)","decl":{"start":{"line":986,"column":39},"end":{"line":986,"column":42}},"loc":{"start":{"line":986,"column":45},"end":{"line":986,"column":72}}},"48":{"name":"(anonymous_55)","decl":{"start":{"line":1053,"column":39},"end":{"line":1053,"column":40}},"loc":{"start":{"line":1054,"column":20},"end":{"line":1055,"column":null}}},"49":{"name":"(anonymous_56)","decl":{"start":{"line":1057,"column":31},"end":{"line":1057,"column":34}},"loc":{"start":{"line":1057,"column":37},"end":{"line":1057,"column":65}}}},"branchMap":{"0":{"loc":{"start":{"line":40,"column":2},"end":{"line":40,"column":19}},"type":"default-arg","locations":[{"start":{"line":40,"column":15},"end":{"line":40,"column":19}}]},"1":{"loc":{"start":{"line":41,"column":2},"end":{"line":41,"column":29}},"type":"default-arg","locations":[{"start":{"line":41,"column":21},"end":{"line":41,"column":29}}]},"2":{"loc":{"start":{"line":42,"column":2},"end":{"line":42,"column":27}},"type":"default-arg","locations":[{"start":{"line":42,"column":19},"end":{"line":42,"column":27}}]},"3":{"loc":{"start":{"line":43,"column":2},"end":{"line":43,"column":22}},"type":"default-arg","locations":[{"start":{"line":43,"column":20},"end":{"line":43,"column":22}}]},"4":{"loc":{"start":{"line":162,"column":4},"end":{"line":166,"column":5}},"type":"if","locations":[{"start":{"line":162,"column":4},"end":{"line":166,"column":5}}]},"5":{"loc":{"start":{"line":170,"column":6},"end":{"line":172,"column":43}},"type":"binary-expr","locations":[{"start":{"line":170,"column":7},"end":{"line":170,"column":61}},{"start":{"line":171,"column":6},"end":{"line":171,"column":62}},{"start":{"line":172,"column":7},"end":{"line":172,"column":18}},{"start":{"line":172,"column":22},"end":{"line":172,"column":42}}]},"6":{"loc":{"start":{"line":179,"column":28},"end":{"line":181,"column":66}},"type":"cond-expr","locations":[{"start":{"line":180,"column":8},"end":{"line":180,"column":27}},{"start":{"line":181,"column":8},"end":{"line":181,"column":66}}]},"7":{"loc":{"start":{"line":188,"column":4},"end":{"line":191,"column":5}},"type":"if","locations":[{"start":{"line":188,"column":4},"end":{"line":191,"column":5}}]},"8":{"loc":{"start":{"line":188,"column":8},"end":{"line":188,"column":43}},"type":"binary-expr","locations":[{"start":{"line":188,"column":8},"end":{"line":188,"column":27}},{"start":{"line":188,"column":31},"end":{"line":188,"column":43}}]},"9":{"loc":{"start":{"line":197,"column":20},"end":{"line":199,"column":36}},"type":"cond-expr","locations":[{"start":{"line":197,"column":46},"end":{"line":197,"column":57}},{"start":{"line":198,"column":19},"end":{"line":199,"column":36}}]},"10":{"loc":{"start":{"line":198,"column":19},"end":{"line":199,"column":36}},"type":"cond-expr","locations":[{"start":{"line":198,"column":45},"end":{"line":198,"column":61}},{"start":{"line":199,"column":19},"end":{"line":199,"column":36}}]},"11":{"loc":{"start":{"line":214,"column":6},"end":{"line":216,"column":7}},"type":"if","locations":[{"start":{"line":214,"column":6},"end":{"line":216,"column":7}}]},"12":{"loc":{"start":{"line":220,"column":6},"end":{"line":223,"column":7}},"type":"if","locations":[{"start":{"line":220,"column":6},"end":{"line":223,"column":7}}]},"13":{"loc":{"start":{"line":220,"column":10},"end":{"line":220,"column":38}},"type":"binary-expr","locations":[{"start":{"line":220,"column":10},"end":{"line":220,"column":23}},{"start":{"line":220,"column":27},"end":{"line":220,"column":38}}]},"14":{"loc":{"start":{"line":266,"column":8},"end":{"line":268,"column":9}},"type":"if","locations":[{"start":{"line":266,"column":8},"end":{"line":268,"column":9}}]},"15":{"loc":{"start":{"line":266,"column":12},"end":{"line":266,"column":51}},"type":"binary-expr","locations":[{"start":{"line":266,"column":12},"end":{"line":266,"column":31}},{"start":{"line":266,"column":35},"end":{"line":266,"column":51}}]},"16":{"loc":{"start":{"line":276,"column":45},"end":{"line":276,"column":101}},"type":"cond-expr","locations":[{"start":{"line":276,"column":70},"end":{"line":276,"column":83}},{"start":{"line":276,"column":86},"end":{"line":276,"column":101}}]},"17":{"loc":{"start":{"line":284,"column":4},"end":{"line":292,"column":5}},"type":"if","locations":[{"start":{"line":284,"column":4},"end":{"line":292,"column":5}},{"start":{"line":286,"column":11},"end":{"line":292,"column":5}}]},"18":{"loc":{"start":{"line":284,"column":8},"end":{"line":284,"column":42}},"type":"binary-expr","locations":[{"start":{"line":284,"column":8},"end":{"line":284,"column":21}},{"start":{"line":284,"column":25},"end":{"line":284,"column":42}}]},"19":{"loc":{"start":{"line":286,"column":11},"end":{"line":292,"column":5}},"type":"if","locations":[{"start":{"line":286,"column":11},"end":{"line":292,"column":5}}]},"20":{"loc":{"start":{"line":288,"column":30},"end":{"line":290,"column":68}},"type":"cond-expr","locations":[{"start":{"line":289,"column":10},"end":{"line":289,"column":29}},{"start":{"line":290,"column":10},"end":{"line":290,"column":68}}]},"21":{"loc":{"start":{"line":296,"column":2},"end":{"line":302,"column":3}},"type":"if","locations":[{"start":{"line":296,"column":2},"end":{"line":302,"column":3}}]},"22":{"loc":{"start":{"line":308,"column":4},"end":{"line":311,"column":5}},"type":"if","locations":[{"start":{"line":308,"column":4},"end":{"line":311,"column":5}}]},"23":{"loc":{"start":{"line":341,"column":4},"end":{"line":344,"column":5}},"type":"if","locations":[{"start":{"line":341,"column":4},"end":{"line":344,"column":5}}]},"24":{"loc":{"start":{"line":346,"column":4},"end":{"line":349,"column":5}},"type":"if","locations":[{"start":{"line":346,"column":4},"end":{"line":349,"column":5}}]},"25":{"loc":{"start":{"line":352,"column":4},"end":{"line":355,"column":5}},"type":"if","locations":[{"start":{"line":352,"column":4},"end":{"line":355,"column":5}}]},"26":{"loc":{"start":{"line":361,"column":6},"end":{"line":379,"column":7}},"type":"if","locations":[{"start":{"line":361,"column":6},"end":{"line":379,"column":7}},{"start":{"line":369,"column":13},"end":{"line":379,"column":7}}]},"27":{"loc":{"start":{"line":361,"column":10},"end":{"line":361,"column":47}},"type":"binary-expr","locations":[{"start":{"line":361,"column":10},"end":{"line":361,"column":33}},{"start":{"line":361,"column":37},"end":{"line":361,"column":47}}]},"28":{"loc":{"start":{"line":364,"column":8},"end":{"line":367,"column":9}},"type":"if","locations":[{"start":{"line":364,"column":8},"end":{"line":367,"column":9}}]},"29":{"loc":{"start":{"line":364,"column":12},"end":{"line":364,"column":54}},"type":"binary-expr","locations":[{"start":{"line":364,"column":12},"end":{"line":364,"column":31}},{"start":{"line":364,"column":35},"end":{"line":364,"column":54}}]},"30":{"loc":{"start":{"line":369,"column":13},"end":{"line":379,"column":7}},"type":"if","locations":[{"start":{"line":369,"column":13},"end":{"line":379,"column":7}},{"start":{"line":376,"column":13},"end":{"line":379,"column":7}}]},"31":{"loc":{"start":{"line":369,"column":17},"end":{"line":369,"column":57}},"type":"binary-expr","locations":[{"start":{"line":369,"column":17},"end":{"line":369,"column":43}},{"start":{"line":369,"column":47},"end":{"line":369,"column":57}}]},"32":{"loc":{"start":{"line":371,"column":8},"end":{"line":374,"column":9}},"type":"if","locations":[{"start":{"line":371,"column":8},"end":{"line":374,"column":9}}]},"33":{"loc":{"start":{"line":382,"column":6},"end":{"line":385,"column":7}},"type":"if","locations":[{"start":{"line":382,"column":6},"end":{"line":385,"column":7}}]},"34":{"loc":{"start":{"line":397,"column":39},"end":{"line":397,"column":95}},"type":"cond-expr","locations":[{"start":{"line":397,"column":64},"end":{"line":397,"column":77}},{"start":{"line":397,"column":80},"end":{"line":397,"column":95}}]},"35":{"loc":{"start":{"line":403,"column":4},"end":{"line":407,"column":5}},"type":"if","locations":[{"start":{"line":403,"column":4},"end":{"line":407,"column":5}}]},"36":{"loc":{"start":{"line":412,"column":4},"end":{"line":415,"column":5}},"type":"if","locations":[{"start":{"line":412,"column":4},"end":{"line":415,"column":5}}]},"37":{"loc":{"start":{"line":412,"column":8},"end":{"line":412,"column":47}},"type":"binary-expr","locations":[{"start":{"line":412,"column":8},"end":{"line":412,"column":24}},{"start":{"line":412,"column":28},"end":{"line":412,"column":47}}]},"38":{"loc":{"start":{"line":418,"column":4},"end":{"line":421,"column":5}},"type":"if","locations":[{"start":{"line":418,"column":4},"end":{"line":421,"column":5}}]},"39":{"loc":{"start":{"line":441,"column":16},"end":{"line":449,"column":15}},"type":"cond-expr","locations":[{"start":{"line":442,"column":8},"end":{"line":448,"column":10}},{"start":{"line":449,"column":8},"end":{"line":449,"column":15}}]},"40":{"loc":{"start":{"line":441,"column":16},"end":{"line":441,"column":61}},"type":"binary-expr","locations":[{"start":{"line":441,"column":16},"end":{"line":441,"column":31}},{"start":{"line":441,"column":35},"end":{"line":441,"column":61}}]},"41":{"loc":{"start":{"line":443,"column":24},"end":{"line":443,"column":91}},"type":"cond-expr","locations":[{"start":{"line":443,"column":38},"end":{"line":443,"column":87}},{"start":{"line":443,"column":90},"end":{"line":443,"column":91}}]},"42":{"loc":{"start":{"line":443,"column":38},"end":{"line":443,"column":87}},"type":"binary-expr","locations":[{"start":{"line":443,"column":38},"end":{"line":443,"column":82}},{"start":{"line":443,"column":86},"end":{"line":443,"column":87}}]},"43":{"loc":{"start":{"line":450,"column":17},"end":{"line":450,"column":103}},"type":"cond-expr","locations":[{"start":{"line":450,"column":65},"end":{"line":450,"column":84}},{"start":{"line":450,"column":87},"end":{"line":450,"column":103}}]},"44":{"loc":{"start":{"line":450,"column":17},"end":{"line":450,"column":62}},"type":"binary-expr","locations":[{"start":{"line":450,"column":17},"end":{"line":450,"column":32}},{"start":{"line":450,"column":36},"end":{"line":450,"column":62}}]},"45":{"loc":{"start":{"line":452,"column":17},"end":{"line":452,"column":61}},"type":"cond-expr","locations":[{"start":{"line":452,"column":35},"end":{"line":452,"column":57}},{"start":{"line":452,"column":60},"end":{"line":452,"column":61}}]},"46":{"loc":{"start":{"line":465,"column":21},"end":{"line":465,"column":80}},"type":"cond-expr","locations":[{"start":{"line":465,"column":34},"end":{"line":465,"column":56}},{"start":{"line":465,"column":59},"end":{"line":465,"column":80}}]},"47":{"loc":{"start":{"line":467,"column":15},"end":{"line":467,"column":116}},"type":"cond-expr","locations":[{"start":{"line":467,"column":28},"end":{"line":467,"column":71}},{"start":{"line":467,"column":74},"end":{"line":467,"column":116}}]},"48":{"loc":{"start":{"line":476,"column":23},"end":{"line":476,"column":120}},"type":"cond-expr","locations":[{"start":{"line":476,"column":37},"end":{"line":476,"column":77}},{"start":{"line":476,"column":80},"end":{"line":476,"column":120}}]},"49":{"loc":{"start":{"line":478,"column":17},"end":{"line":481,"column":null}},"type":"cond-expr","locations":[{"start":{"line":479,"column":18},"end":{"line":479,"column":63}},{"start":{"line":481,"column":18},"end":{"line":481,"column":61}}]},"50":{"loc":{"start":{"line":483,"column":57},"end":{"line":483,"column":107}},"type":"cond-expr","locations":[{"start":{"line":483,"column":71},"end":{"line":483,"column":88}},{"start":{"line":483,"column":91},"end":{"line":483,"column":107}}]},"51":{"loc":{"start":{"line":508,"column":15},"end":{"line":515,"column":null}},"type":"binary-expr","locations":[{"start":{"line":508,"column":15},"end":{"line":508,"column":27}},{"start":{"line":509,"column":16},"end":{"line":512,"column":null}}]},"52":{"loc":{"start":{"line":520,"column":39},"end":{"line":520,"column":111}},"type":"cond-expr","locations":[{"start":{"line":520,"column":54},"end":{"line":520,"column":60}},{"start":{"line":520,"column":63},"end":{"line":520,"column":111}}]},"53":{"loc":{"start":{"line":521,"column":13},"end":{"line":560,"column":null}},"type":"cond-expr","locations":[{"start":{"line":522,"column":14},"end":{"line":554,"column":16}},{"start":{"line":556,"column":14},"end":{"line":559,"column":null}}]},"54":{"loc":{"start":{"line":526,"column":25},"end":{"line":526,"column":73}},"type":"cond-expr","locations":[{"start":{"line":526,"column":47},"end":{"line":526,"column":61}},{"start":{"line":526,"column":64},"end":{"line":526,"column":73}}]},"55":{"loc":{"start":{"line":539,"column":19},"end":{"line":542,"column":null}},"type":"binary-expr","locations":[{"start":{"line":539,"column":19},"end":{"line":539,"column":38}},{"start":{"line":540,"column":20},"end":{"line":541,"column":null}}]},"56":{"loc":{"start":{"line":548,"column":30},"end":{"line":548,"column":65}},"type":"binary-expr","locations":[{"start":{"line":548,"column":30},"end":{"line":548,"column":49}},{"start":{"line":548,"column":53},"end":{"line":548,"column":65}}]},"57":{"loc":{"start":{"line":549,"column":27},"end":{"line":549,"column":145}},"type":"cond-expr","locations":[{"start":{"line":549,"column":65},"end":{"line":549,"column":124}},{"start":{"line":549,"column":127},"end":{"line":549,"column":145}}]},"58":{"loc":{"start":{"line":549,"column":27},"end":{"line":549,"column":62}},"type":"binary-expr","locations":[{"start":{"line":549,"column":27},"end":{"line":549,"column":46}},{"start":{"line":549,"column":50},"end":{"line":549,"column":62}}]},"59":{"loc":{"start":{"line":557,"column":17},"end":{"line":559,"column":127}},"type":"cond-expr","locations":[{"start":{"line":557,"column":30},"end":{"line":557,"column":82}},{"start":{"line":558,"column":16},"end":{"line":559,"column":127}}]},"60":{"loc":{"start":{"line":558,"column":16},"end":{"line":559,"column":127}},"type":"cond-expr","locations":[{"start":{"line":558,"column":30},"end":{"line":558,"column":85}},{"start":{"line":559,"column":16},"end":{"line":559,"column":127}}]},"61":{"loc":{"start":{"line":572,"column":16},"end":{"line":572,"column":63}},"type":"if","locations":[{"start":{"line":572,"column":16},"end":{"line":572,"column":63}}]},"62":{"loc":{"start":{"line":577,"column":21},"end":{"line":577,"column":81}},"type":"cond-expr","locations":[{"start":{"line":577,"column":41},"end":{"line":577,"column":62}},{"start":{"line":577,"column":65},"end":{"line":577,"column":81}}]},"63":{"loc":{"start":{"line":585,"column"
[...]
e":31,"column":6},"end":{"line":33,"column":7}},"7":{"start":{"line":32,"column":8},"end":{"line":32,"column":54}},"8":{"start":{"line":35,"column":6},"end":{"line":35,"column":70}},"9":{"start":{"line":40,"column":4},"end":{"line":42,"column":5}},"10":{"start":{"line":41,"column":6},"end":{"line":41,"column":49}},"11":{"start":{"line":43,"column":4},"end":{"line":43,"column":33}},"12":{"start":{"line":48,"column":4},"end":{"line":50,"column":5}},"13":{"start":{"line":49,"column":6},"end":{"line":49,"column":41}},"14":{"start":{"line":52,"column":4},"end":{"line":71,"column":5}},"15":{"start":{"line":53,"column":23},"end":{"line":57,"column":8}},"16":{"start":{"line":60,"column":6},"end":{"line":60,"column":33}},"17":{"start":{"line":61,"column":6},"end":{"line":64,"column":8}},"18":{"start":{"line":66,"column":6},"end":{"line":66,"column":51}},"19":{"start":{"line":69,"column":6},"end":{"line":69,"column":34}},"20":{"start":{"line":70,"column":6},"end":{"line":70,"column":41}},"21":{"start":{"line":75,"column":4},"end":{"line":99,"column":5}},"22":{"start":{"line":77,"column":30},"end":{"line":82,"column":8}},"23":{"start":{"line":85,"column":6},"end":{"line":85,"column":41}},"24":{"start":{"line":88,"column":6},"end":{"line":88,"column":81}},"25":{"start":{"line":90,"column":6},"end":{"line":93,"column":8}},"26":{"start":{"line":95,"column":6},"end":{"line":98,"column":8}},"27":{"start":{"line":104,"column":4},"end":{"line":106,"column":5}},"28":{"start":{"line":105,"column":6},"end":{"line":105,"column":60}},"29":{"start":{"line":108,"column":4},"end":{"line":119,"column":5}},"30":{"start":{"line":109,"column":23},"end":{"line":109,"column":86}},"31":{"start":{"line":110,"column":6},"end":{"line":110,"column":33}},"32":{"start":{"line":111,"column":6},"end":{"line":114,"column":8}},"33":{"start":{"line":116,"column":6},"end":{"line":116,"column":59}},"34":{"start":{"line":117,"column":6},"end":{"line":117,"column":34}},"35":{"start":{"line":118,"column":6},"end":{"line":118,"column":60}},"36":{"start":{"line":123,"column":4},"end":{"line":146,"column":5}},"37":{"start":{"line":125,"column":25},"end":{"line":125,"column":77}},"38":{"start":{"line":125,"column":60},"end":{"line":125,"column":76}},"39":{"start":{"line":127,"column":6},"end":{"line":135,"column":7}},"40":{"start":{"line":128,"column":8},"end":{"line":128,"column":56}},"41":{"start":{"line":129,"column":8},"end":{"line":129,"column":83}},"42":{"start":{"line":131,"column":8},"end":{"line":134,"column":10}},"43":{"start":{"line":137,"column":6},"end":{"line":140,"column":8}},"44":{"start":{"line":142,"column":6},"end":{"line":145,"column":8}},"45":{"start":{"line":150,"column":4},"end":{"line":162,"column":5}},"46":{"start":{"line":151,"column":23},"end":{"line":151,"column":64}},"47":{"start":{"line":152,"column":6},"end":{"line":155,"column":8}},"48":{"start":{"line":157,"column":6},"end":{"line":157,"column":60}},"49":{"start":{"line":158,"column":6},"end":{"line":161,"column":8}},"50":{"start":{"line":166,"column":4},"end":{"line":178,"column":5}},"51":{"start":{"line":167,"column":23},"end":{"line":167,"column":67}},"52":{"start":{"line":168,"column":6},"end":{"line":171,"column":8}},"53":{"start":{"line":173,"column":6},"end":{"line":173,"column":52}},"54":{"start":{"line":174,"column":6},"end":{"line":177,"column":8}},"55":{"start":{"line":21,"column":0},"end":{"line":21,"column":13}},"56":{"start":{"line":183,"column":13},"end":{"line":183,"column":55}}},"fnMap":{"0":{"name":"(anonymous_1)","decl":{"start":{"line":27,"column":2},"end":{"line":27,"column":null}},"loc":{"start":{"line":27,"column":2},"end":{"line":37,"column":3}}},"1":{"name":"(anonymous_2)","decl":{"start":{"line":39,"column":9},"end":{"line":39,"column":15}},"loc":{"start":{"line":39,"column":27},"end":{"line":44,"column":3}}},"2":{"name":"(anonymous_3)","decl":{"start":{"line":46,"column":2},"end":{"line":46,"column":7}},"loc":{"start":{"line":46,"column":66},"end":{"line":72,"column":3}}},"3":{"name":"(anonymous_4)","decl":{"start":{"line":74,"column":10},"end":{"line":74,"column":25}},"loc":{"start":{"line":74,"column":75},"end":{"line":100,"column":3}}},"4":{"name":"(anonymous_5)","decl":{"start":{"line":102,"column":2},"end":{"line":102,"column":7}},"loc":{"start":{"line":102,"column":66},"end":{"line":120,"column":3}}},"5":{"name":"(anonymous_6)","decl":{"start":{"line":122,"column":10},"end":{"line":122,"column":34}},"loc":{"start":{"line":122,"column":75},"end":{"line":147,"column":3}}},"6":{"name":"(anonymous_7)","decl":{"start":{"line":125,"column":55},"end":{"line":125,"column":56}},"loc":{"start":{"line":125,"column":60},"end":{"line":125,"column":76}}},"7":{"name":"(anonymous_8)","decl":{"start":{"line":149,"column":2},"end":{"line":149,"column":7}},"loc":{"start":{"line":149,"column":23},"end":{"line":163,"column":3}}},"8":{"name":"(anonymous_9)","decl":{"start":{"line":165,"column":2},"end":{"line":165,"column":7}},"loc":{"start":{"line":165,"column":36},"end":{"line":179,"column":3}}}},"branchMap":{"0":{"loc":{"start":{"line":31,"column":6},"end":{"line":33,"column":7}},"type":"if","locations":[{"start":{"line":31,"column":6},"end":{"line":33,"column":7}}]},"1":{"loc":{"start":{"line":40,"column":4},"end":{"line":42,"column":5}},"type":"if","locations":[{"start":{"line":40,"column":4},"end":{"line":42,"column":5}}]},"2":{"loc":{"start":{"line":48,"column":4},"end":{"line":50,"column":5}},"type":"if","locations":[{"start":{"line":48,"column":4},"end":{"line":50,"column":5}}]},"3":{"loc":{"start":{"line":104,"column":4},"end":{"line":106,"column":5}},"type":"if","locations":[{"start":{"line":104,"column":4},"end":{"line":106,"column":5}}]},"4":{"loc":{"start":{"line":104,"column":8},"end":{"line":104,"column":62}},"type":"binary-expr","locations":[{"start":{"line":104,"column":8},"end":{"line":104,"column":28}},{"start":{"line":104,"column":32},"end":{"line":104,"column":62}}]},"5":{"loc":{"start":{"line":127,"column":6},"end":{"line":135,"column":7}},"type":"if","locations":[{"start":{"line":127,"column":6},"end":{"line":135,"column":7}}]},"6":{"loc":{"start":{"line":160,"column":15},"end":{"line":160,"column":71}},"type":"cond-expr","locations":[{"start":{"line":160,"column":40},"end":{"line":160,"column":53}},{"start":{"line":160,"column":56},"end":{"line":160,"column":71}}]},"7":{"loc":{"start":{"line":176,"column":15},"end":{"line":176,"column":71}},"type":"cond-expr","locations":[{"start":{"line":176,"column":40},"end":{"line":176,"column":53}},{"start":{"line":176,"column":56},"end":{"line":176,"column":71}}]}},"s":{"0":0,"1":0,"2":0,"3":0,"4":0,"5":0,"6":0,"7":0,"8":0,"9":0,"10":0,"11":0,"12":0,"13":0,"14":0,"15":0,"16":0,"17":0,"18":0,"19":0,"20":0,"21":0,"22":0,"23":0,"24":0,"25":0,"26":0,"27":0,"28":0,"29":0,"30":0,"31":0,"32":0,"33":0,"34":0,"35":0,"36":0,"37":0,"38":0,"39":0,"40":0,"41":0,"42":0,"43":0,"44":0,"45":0,"46":0,"47":0,"48":0,"49":0,"50":0,"51":0,"52":0,"53":0,"54":0,"55":0,"56":0},"f":{"0":0,"1":0,"2":0,"3":0,"4":0,"5":0,"6":0,"7":0,"8":0},"b":{"0":[0],"1":[0],"2":[0],"3":[0],"4":[0,0],"5":[0],"6":[0,0],"7":[0,0]}}
,"/opt/lampp/htdocs/bot/frontend/src/test/mockStore.ts": {"path":"/opt/lampp/htdocs/bot/frontend/src/test/mockStore.ts","statementMap":{"0":{"start":{"line":1,"column":0},"end":{"line":1,"column":50}},"1":{"start":{"line":3,"column":13},"end":{"line":7,"column":3}}},"fnMap":{},"branchMap":{},"s":{"0":0,"1":0},"f":{},"b":{}}
,"/opt/lampp/htdocs/bot/frontend/src/test/mocks/server.ts": {"path":"/opt/lampp/htdocs/bot/frontend/src/test/mocks/server.ts","statementMap":{"0":{"start":{"line":1,"column":0},"end":{"line":1,"column":27}},"1":{"start":{"line":3,"column":13},"end":{"line":3,"column":27}},"2":{"start":{"line":6,"column":0},"end":{"line":125,"column":3}},"3":{"start":{"line":7,"column":2},"end":{"line":124,"column":4}}},"fnMap":{"0":{"name":"(anonymous_0)","decl":{"start":{"line":6,"column":28},"end":{"line":6,"column":29}},"loc":{"start":{"line":6,"column":46},"end":{"line":125,"column":1}}}},"branchMap":{},"s":{"0":0,"1":0,"2":0,"3":0},"f":{"0":0},"b":{}}
,"/opt/lampp/htdocs/bot/frontend/src/utils/cryptoValidator.ts": {"path":"/opt/lampp/htdocs/bot/frontend/src/utils/cryptoValidator.ts","statementMap":{"0":{"start":{"line":37,"column":26},"end":{"line":63,"column":1}},"1":{"start":{"line":38,"column":2},"end":{"line":62,"column":3}},"2":{"start":{"line":43,"column":4},"end":{"line":43,"column":59}},"3":{"start":{"line":43,"column":33},"end":{"line":43,"column":57}},"4":{"start":{"line":46,"column":24},"end":{"line":46,"column":91}},"5":{"start":{"line":48,"column":4},"end":{"line":53,"column":6}},"6":{"start":{"line":55,"column":4},"end":{"line":55,"column":57}},"7":{"start":{"line":56,"column":4},"end":{"line":61,"column":6}},"8":{"start":{"line":68,"column":31},"end":{"line":78,"column":1}},"9":{"start":{"line":73,"column":2},"end":{"line":73,"column":57}},"10":{"start":{"line":73,"column":31},"end":{"line":73,"column":55}},"11":{"start":{"line":76,"column":22},"end":{"line":76,"column":89}},"12":{"start":{"line":77,"column":2},"end":{"line":77,"column":73}},"13":{"start":{"line":83,"column":33},"end":{"line":93,"column":1}},"14":{"start":{"line":88,"column":2},"end":{"line":88,"column":57}},"15":{"start":{"line":88,"column":31},"end":{"line":88,"column":55}},"16":{"start":{"line":91,"column":22},"end":{"line":91,"column":89}},"17":{"start":{"line":92,"column":2},"end":{"line":92,"column":73}},"18":{"start":{"line":98,"column":38},"end":{"line":171,"column":1}},"19":{"start":{"line":99,"column":2},"end":{"line":170,"column":3}},"20":{"start":{"line":101,"column":54},"end":{"line":105,"column":6}},"21":{"start":{"line":108,"column":34},"end":{"line":108,"column":36}},"22":{"start":{"line":110,"column":4},"end":{"line":112,"column":5}},"23":{"start":{"line":111,"column":6},"end":{"line":111,"column":52}},"24":{"start":{"line":114,"column":4},"end":{"line":116,"column":5}},"25":{"start":{"line":115,"column":6},"end":{"line":115,"column":45}},"26":{"start":{"line":118,"column":4},"end":{"line":120,"column":5}},"27":{"start":{"line":119,"column":6},"end":{"line":119,"column":41}},"28":{"start":{"line":122,"column":4},"end":{"line":124,"column":5}},"29":{"start":{"line":123,"column":6},"end":{"line":123,"column":48}},"30":{"start":{"line":126,"column":4},"end":{"line":128,"column":5}},"31":{"start":{"line":127,"column":6},"end":{"line":127,"column":71}},"32":{"start":{"line":130,"column":4},"end":{"line":132,"column":5}},"33":{"start":{"line":131,"column":6},"end":{"line":131,"column":53}},"34":{"start":{"line":135,"column":28},"end":{"line":141,"column":6}},"35":{"start":{"line":144,"column":25},"end":{"line":144,"column":46}},"36":{"start":{"line":148,"column":4},"end":{"line":150,"column":5}},"37":{"start":{"line":149,"column":6},"end":{"line":149,"column":197}},"38":{"start":{"line":152,"column":4},"end":{"line":159,"column":6}},"39":{"start":{"line":161,"column":4},"end":{"line":161,"column":61}},"40":{"start":{"line":162,"column":4},"end":{"line":169,"column":6}},"41":{"start":{"line":98,"column":13},"end":{"line":98,"column":38}},"42":{"start":{"line":176,"column":48},"end":{"line":183,"column":1}},"43":{"start":{"line":179,"column":18},"end":{"line":180,"column":null}},"44":{"start":{"line":180,"column":26},"end":{"line":180,"column":76}},"45":{"start":{"line":182,"column":2},"end":{"line":182,"column":17}},"46":{"start":{"line":176,"column":13},"end":{"line":176,"column":48}}},"fnMap":{"0":{"name":"(anonymous_0)","decl":{"start":{"line":37,"column":26},"end":{"line":37,"column":31}},"loc":{"start":{"line":37,"column":75},"end":{"line":63,"column":1}}},"1":{"name":"(anonymous_1)","decl":{"start":{"line":43,"column":22},"end":{"line":43,"column":29}},"loc":{"start":{"line":43,"column":33},"end":{"line":43,"column":57}}},"2":{"name":"(anonymous_2)","decl":{"start":{"line":68,"column":31},"end":{"line":68,"column":36}},"loc":{"start":{"line":68,"column":73},"end":{"line":78,"column":1}}},"3":{"name":"(anonymous_3)","decl":{"start":{"line":73,"column":20},"end":{"line":73,"column":27}},"loc":{"start":{"line":73,"column":31},"end":{"line":73,"column":55}}},"4":{"name":"(anonymous_4)","decl":{"start":{"line":83,"column":33},"end":{"line":83,"column":38}},"loc":{"start":{"line":83,"column":75},"end":{"line":93,"column":1}}},"5":{"name":"(anonymous_5)","decl":{"start":{"line":88,"column":20},"end":{"line":88,"column":27}},"loc":{"start":{"line":88,"column":31},"end":{"line":88,"column":55}}},"6":{"name":"(anonymous_6)","decl":{"start":{"line":98,"column":38},"end":{"line":98,"column":43}},"loc":{"start":{"line":98,"column":104},"end":{"line":171,"column":1}}},"7":{"name":"(anonymous_7)","decl":{"start":{"line":176,"column":48},"end":{"line":176,"column":53}},"loc":{"start":{"line":178,"column":33},"end":{"line":183,"column":1}}},"8":{"name":"(anonymous_8)","decl":{"start":{"line":180,"column":16},"end":{"line":180,"column":22}},"loc":{"start":{"line":180,"column":26},"end":{"line":180,"column":76}}}},"branchMap":{"0":{"loc":{"start":{"line":49,"column":17},"end":{"line":49,"column":96}},"type":"cond-expr","locations":[{"start":{"line":49,"column":31},"end":{"line":49,"column":69}},{"start":{"line":49,"column":72},"end":{"line":49,"column":96}}]},"1":{"loc":{"start":{"line":50,"column":17},"end":{"line":50,"column":101}},"type":"cond-expr","locations":[{"start":{"line":50,"column":31},"end":{"line":50,"column":73}},{"start":{"line":50,"column":76},"end":{"line":50,"column":101}}]},"2":{"loc":{"start":{"line":51,"column":23},"end":{"line":51,"column":92}},"type":"cond-expr","locations":[{"start":{"line":51,"column":37},"end":{"line":51,"column":64}},{"start":{"line":51,"column":67},"end":{"line":51,"column":92}}]},"3":{"loc":{"start":{"line":52,"column":22},"end":{"line":52,"column":85}},"type":"cond-expr","locations":[{"start":{"line":52,"column":36},"end":{"line":52,"column":59}},{"start":{"line":52,"column":62},"end":{"line":52,"column":85}}]},"4":{"loc":{"start":{"line":77,"column":9},"end":{"line":77,"column":72}},"type":"cond-expr","locations":[{"start":{"line":77,"column":23},"end":{"line":77,"column":46}},{"start":{"line":77,"column":49},"end":{"line":77,"column":72}}]},"5":{"loc":{"start":{"line":92,"column":9},"end":{"line":92,"column":72}},"type":"cond-expr","locations":[{"start":{"line":92,"column":23},"end":{"line":92,"column":46}},{"start":{"line":92,"column":49},"end":{"line":92,"column":72}}]},"6":{"loc":{"start":{"line":110,"column":4},"end":{"line":112,"column":5}},"type":"if","locations":[{"start":{"line":110,"column":4},"end":{"line":112,"column":5}}]},"7":{"loc":{"start":{"line":114,"column":4},"end":{"line":116,"column":5}},"type":"if","locations":[{"start":{"line":114,"column":4},"end":{"line":116,"column":5}}]},"8":{"loc":{"start":{"line":118,"column":4},"end":{"line":120,"column":5}},"type":"if","locations":[{"start":{"line":118,"column":4},"end":{"line":120,"column":5}}]},"9":{"loc":{"start":{"line":122,"column":4},"end":{"line":124,"column":5}},"type":"if","locations":[{"start":{"line":122,"column":4},"end":{"line":124,"column":5}}]},"10":{"loc":{"start":{"line":126,"column":4},"end":{"line":128,"column":5}},"type":"if","locations":[{"start":{"line":126,"column":4},"end":{"line":128,"column":5}}]},"11":{"loc":{"start":{"line":130,"column":4},"end":{"line":132,"column":5}},"type":"if","locations":[{"start":{"line":130,"column":4},"end":{"line":132,"column":5}}]},"12":{"loc":{"start":{"line":136,"column":7},"end":{"line":136,"column":128}},"type":"cond-expr","locations":[{"start":{"line":136,"column":43},"end":{"line":136,"column":45}},{"start":{"line":136,"column":48},"end":{"line":136,"column":128}}]},"13":{"loc":{"start":{"line":136,"column":48},"end":{"line":136,"column":128}},"type":"cond-expr","locations":[{"start":{"line":136,"column":83},"end":{"line":136,"column":85}},{"start":{"line":136,"column":88},"end":{"line":136,"column":128}}]},"14":{"loc":{"start":{"line":136,"column":88},"end":{"line":136,"column":128}},"type":"cond-expr","locations":[{"start":{"line":136,"column":122},"end":{"line":136,"column":124}},{"start":{"line":136,"column":127},"end":{"line":136,"column":128}}]},"15":{"loc":{"start":{"line":137,"column":7},"end":{"line":137,"column":125}},"type":"cond-expr","locations":[{"start":{"line":137,"column":42},"end":{"line":137,"column":44}},{"start":{"line":137,"column":47},"end":{"line":137,"column":125}}]},"16":{"loc":{"start":{"line":137,"column":47},"end":{"line":137,"column":125}},"type":"cond-expr","locations":[{"start":{"line":137,"column":81},"end":{"line":137,"column":83}},{"start":{"line":137,"column":86},"end":{"line":137,"column":125}}]},"17":{"loc":{"start":{"line":137,"column":86},"end":{"line":137,"column":125}},"type":"cond-expr","locations":[{"start":{"line":137,"column":119},"end":{"line":137,"column":121}},{"start":{"line":137,"column":124},"end":{"line":137,"column":125}}]},"18":{"loc":{"start":{"line":138,"column":7},"end":{"line":138,"column":122}},"type":"cond-expr","locations":[{"start":{"line":138,"column":40},"end":{"line":138,"column":42}},{"start":{"line":138,"column":45},"end":{"line":138,"column":122}}]},"19":{"loc":{"start":{"line":138,"column":45},"end":{"line":138,"column":122}},"type":"cond-expr","locations":[{"start":{"line":138,"column":78},"end":{"line":138,"column":80}},{"start":{"line":138,"column":83},"end":{"line":138,"column":122}}]},"20":{"loc":{"start":{"line":138,"column":83},"end":{"line":138,"column":122}},"type":"cond-expr","locations":[{"start":{"line":138,"column":116},"end":{"line":138,"column":118}},{"start":{"line":138,"column":121},"end":{"line":138,"column":122}}]},"21":{"loc":{"start":{"line":139,"column":7},"end":{"line":139,"column":79}},"type":"cond-expr","locations":[{"start":{"line":139,"column":26},"end":{"line":139,"column":28}},{"start":{"line":139,"column":31},"end":{"line":139,"column":79}}]},"22":{"loc":{"start":{"line":139,"column":31},"end":{"line":139,"column":79}},"type":"cond-expr","locations":[{"start":{"line":139,"column":50},"end":{"line":139,"column":52}},{"start":{"line":139,"column":55},"end":{"line":139,"column":79}}]},"23":{"loc":{"start":{"line":139,"column":55},"end":{"line":139,"column":79}},"type":"cond-expr","locations":[{"start":{"line":139,"column":74},"end":{"line":139,"column":75}},{"start":{"line":139,"column":78},"end":{"line":139,"column":79}}]},"24":{"loc":{"start":{"line":140,"column":7},"end":{"line":140,"column":88}},"type":"cond-expr","locations":[{"start":{"line":140,"column":29},"end":{"line":140,"column":31}},{"start":{"line":140,"column":34},"end":{"line":140,"column":88}}]},"25":{"loc":{"start":{"line":140,"column":34},"end":{"line":140,"column":88}},"type":"cond-expr","locations":[{"start":{"line":140,"column":56},"end":{"line":140,"column":58}},{"start":{"line":140,"column":61},"end":{"line":140,"column":88}}]},"26":{"loc":{"start":{"line":140,"column":61},"end":{"line":140,"column":88}},"type":"cond-expr","locations":[{"start":{"line":140,"column":83},"end":{"line":140,"column":84}},{"start":{"line":140,"column":87},"end":{"line":140,"column":88}}]},"27":{"loc":{"start":{"line":148,"column":4},"end":{"line":150,"column":5}},"type":"if","locations":[{"start":{"line":148,"column":4},"end":{"line":150,"column":5}}]}},"s":{"0":0,"1":0,"2":0,"3":0,"4":0,"5":0,"6":0,"7":0,"8":0,"9":0,"10":0,"11":0,"12":0,"13":0,"14":0,"15":0,"16":0,"17":0,"18":0,"19":0,"20":0,"21":0,"22":0,"23":0,"24":0,"25":0,"26":0,"27":0,"28":0,"29":0,"30":0,"31":0,"32":0,"33":0,"34":0,"35":0,"36":0,"37":0,"38":0,"39":0,"40":0,"41":0,"42":0,"43":0,"44":0,"45":0,"46":0},"f":{"0":0,"1":0,"2":0,"3":0,"4":0,"5":0,"6":0,"7":0,"8":0},"b":{"0":[0,0],"1":[0,0],"2":[0,0],"3":[0,0],"4":[0,0],"5":[0,0],"6":[0],"7":[0],"8":[0],"9":[0],"10":[0],"11":[0],"12":[0,0],"13":[0,0],"14":[0,0],"15":[0,0],"16":[0,0],"17":[0,0],"18":[0,0],"19":[0,0],"20":[0,0],"21":[0,0],"22":[0,0],"23":[0,0],"24":[0,0],"25":[0,0],"26":[0,0],"27":[0]}}
}
