TN:
SF:src/App.tsx
FN:83,App
FN:145,(anonymous_8)
FN:159,(anonymous_9)
FN:180,(anonymous_10)
FN:214,(anonymous_11)
FN:220,(anonymous_12)
FN:239,(anonymous_13)
FN:245,(anonymous_14)
FN:262,(anonymous_15)
FN:270,(anonymous_16)
FN:294,(anonymous_17)
FN:296,(anonymous_18)
FN:324,(anonymous_19)
FN:346,(anonymous_20)
FN:347,(anonymous_21)
FN:359,(anonymous_22)
FN:381,(anonymous_23)
FN:386,(anonymous_24)
FN:387,(anonymous_25)
FN:394,(anonymous_26)
FN:400,(anonymous_27)
FN:405,(anonymous_28)
FN:411,(anonymous_29)
FN:413,(anonymous_30)
FN:416,(anonymous_31)
FN:424,(anonymous_32)
FN:425,(anonymous_33)
FN:435,(anonymous_34)
FN:450,(anonymous_35)
FN:457,(anonymous_36)
FN:494,(anonymous_37)
FN:511,(anonymous_38)
FN:524,(anonymous_39)
FN:533,(anonymous_40)
FN:542,(anonymous_41)
FN:551,(anonymous_42)
FN:560,(anonymous_43)
FN:569,(anonymous_44)
FN:593,(anonymous_45)
FN:599,(anonymous_46)
FN:611,(anonymous_47)
FN:613,(anonymous_48)
FN:615,(anonymous_49)
FN:629,(anonymous_50)
FN:785,(anonymous_51)
FN:788,(anonymous_52)
FN:821,(anonymous_53)
FN:822,(anonymous_54)
FN:827,(anonymous_55)
FN:828,(anonymous_56)
FN:847,(anonymous_57)
FN:875,(anonymous_58)
FNF:52
FNH:0
FNDA:0,App
FNDA:0,(anonymous_8)
FNDA:0,(anonymous_9)
FNDA:0,(anonymous_10)
FNDA:0,(anonymous_11)
FNDA:0,(anonymous_12)
FNDA:0,(anonymous_13)
FNDA:0,(anonymous_14)
FNDA:0,(anonymous_15)
FNDA:0,(anonymous_16)
FNDA:0,(anonymous_17)
FNDA:0,(anonymous_18)
FNDA:0,(anonymous_19)
FNDA:0,(anonymous_20)
FNDA:0,(anonymous_21)
FNDA:0,(anonymous_22)
FNDA:0,(anonymous_23)
FNDA:0,(anonymous_24)
FNDA:0,(anonymous_25)
FNDA:0,(anonymous_26)
FNDA:0,(anonymous_27)
FNDA:0,(anonymous_28)
FNDA:0,(anonymous_29)
FNDA:0,(anonymous_30)
FNDA:0,(anonymous_31)
FNDA:0,(anonymous_32)
FNDA:0,(anonymous_33)
FNDA:0,(anonymous_34)
FNDA:0,(anonymous_35)
FNDA:0,(anonymous_36)
FNDA:0,(anonymous_37)
FNDA:0,(anonymous_38)
FNDA:0,(anonymous_39)
FNDA:0,(anonymous_40)
FNDA:0,(anonymous_41)
FNDA:0,(anonymous_42)
FNDA:0,(anonymous_43)
FNDA:0,(anonymous_44)
FNDA:0,(anonymous_45)
FNDA:0,(anonymous_46)
FNDA:0,(anonymous_47)
FNDA:0,(anonymous_48)
FNDA:0,(anonymous_49)
FNDA:0,(anonymous_50)
FNDA:0,(anonymous_51)
FNDA:0,(anonymous_52)
FNDA:0,(anonymous_53)
FNDA:0,(anonymous_54)
FNDA:0,(anonymous_55)
FNDA:0,(anonymous_56)
FNDA:0,(anonymous_57)
FNDA:0,(anonymous_58)
DA:1,0
DA:2,0
DA:4,0
DA:5,0
DA:6,0
DA:7,0
DA:8,0
DA:9,0
DA:10,0
DA:44,0
DA:84,0
DA:85,0
DA:89,0
DA:90,0
DA:91,0
DA:92,0
DA:93,0
DA:94,0
DA:95,0
DA:96,0
DA:97,0
DA:98,0
DA:99,0
DA:100,0
DA:108,0
DA:111,0
DA:113,0
DA:116,0
DA:145,0
DA:146,0
DA:148,0
DA:149,0
DA:152,0
DA:155,0
DA:156,0
DA:159,0
DA:168,0
DA:169,0
DA:170,0
DA:171,0
DA:175,0
DA:176,0
DA:179,0
DA:180,0
DA:182,0
DA:184,0
DA:188,0
DA:190,0
DA:191,0
DA:195,0
DA:198,0
DA:199,0
DA:201,0
DA:202,0
DA:206,0
DA:214,0
DA:220,0
DA:226,0
DA:227,0
DA:229,0
DA:231,0
DA:239,0
DA:245,0
DA:250,0
DA:251,0
DA:254,0
DA:257,0
DA:262,0
DA:263,0
DA:264,0
DA:265,0
DA:270,0
DA:272,0
DA:294,0
DA:296,0
DA:297,0
DA:299,0
DA:300,0
DA:303,0
DA:306,0
DA:307,0
DA:311,0
DA:312,0
DA:313,0
DA:317,0
DA:320,0
DA:324,0
DA:325,0
DA:326,0
DA:334,0
DA:335,0
DA:338,0
DA:339,0
DA:341,0
DA:346,0
DA:347,0
DA:348,0
DA:349,0
DA:359,0
DA:372,0
DA:374,0
DA:378,0
DA:381,0
DA:382,0
DA:386,0
DA:387,0
DA:394,0
DA:395,0
DA:396,0
DA:397,0
DA:400,0
DA:401,0
DA:402,0
DA:405,0
DA:406,0
DA:407,0
DA:408,0
DA:411,0
DA:412,0
DA:413,0
DA:416,0
DA:418,0
DA:421,0
DA:424,0
DA:425,0
DA:427,0
DA:429,0
DA:430,0
DA:435,0
DA:436,0
DA:441,0
DA:442,0
DA:445,0
DA:446,0
DA:450,0
DA:452,0
DA:453,0
DA:454,0
DA:457,0
DA:458,0
DA:460,0
DA:475,0
DA:477,0
DA:478,0
DA:482,0
DA:483,0
DA:485,0
DA:486,0
DA:488,0
DA:489,0
DA:490,0
DA:494,0
DA:495,0
DA:498,0
DA:511,0
DA:524,0
DA:533,0
DA:542,0
DA:551,0
DA:560,0
DA:569,0
DA:593,0
DA:599,0
DA:613,0
DA:615,0
DA:616,0
DA:618,0
DA:619,0
DA:620,0
DA:623,0
DA:628,0
DA:629,0
DA:786,0
DA:789,0
DA:790,0
DA:821,0
DA:822,0
DA:828,0
DA:829,0
DA:830,0
DA:831,0
DA:847,0
DA:876,0
DA:945,0
LF:184
LH:0
BRDA:145,0,0,0
BRDA:155,1,0,0
BRDA:161,2,0,0
BRDA:161,2,1,0
BRDA:162,3,0,0
BRDA:162,3,1,0
BRDA:163,4,0,0
BRDA:163,4,1,0
BRDA:164,5,0,0
BRDA:164,5,1,0
BRDA:190,6,0,0
BRDA:207,7,0,0
BRDA:207,7,1,0
BRDA:208,8,0,0
BRDA:208,8,1,0
BRDA:209,9,0,0
BRDA:209,9,1,0
BRDA:264,10,0,0
BRDA:297,11,0,0
BRDA:306,12,0,0
BRDA:311,13,0,0
BRDA:334,14,0,0
BRDA:401,15,0,0
BRDA:412,16,0,0
BRDA:427,17,0,0
BRDA:427,17,1,0
BRDA:443,18,0,0
BRDA:443,18,1,0
BRDA:471,19,0,0
BRDA:471,19,1,0
BRDA:477,20,0,0
BRDA:477,21,0,0
BRDA:477,21,1,0
BRDA:478,22,0,0
BRDA:478,22,1,0
BRDA:499,23,0,0
BRDA:499,23,1,0
BRDA:503,24,0,0
BRDA:503,24,1,0
BRDA:515,25,0,0
BRDA:515,25,1,0
BRDA:516,26,0,0
BRDA:516,26,1,0
BRDA:518,27,0,0
BRDA:518,27,1,0
BRDA:519,28,0,0
BRDA:519,28,1,0
BRDA:526,29,0,0
BRDA:526,29,1,0
BRDA:535,30,0,0
BRDA:535,30,1,0
BRDA:544,31,0,0
BRDA:544,31,1,0
BRDA:553,32,0,0
BRDA:553,32,1,0
BRDA:562,33,0,0
BRDA:562,33,1,0
BRDA:571,34,0,0
BRDA:571,34,1,0
BRDA:584,35,0,0
BRDA:584,35,1,0
BRDA:585,36,0,0
BRDA:585,36,1,0
BRDA:586,37,0,0
BRDA:586,37,1,0
BRDA:587,38,0,0
BRDA:587,38,1,0
BRDA:588,39,0,0
BRDA:588,39,1,0
BRDA:589,40,0,0
BRDA:589,40,1,0
BRDA:596,41,0,0
BRDA:596,41,1,0
BRDA:608,42,0,0
BRDA:608,42,1,0
BRDA:616,43,0,0
BRDA:616,43,1,0
BRDA:629,44,0,0
BRDA:629,44,1,0
BRDA:636,45,0,0
BRDA:636,45,1,0
BRDA:644,46,0,0
BRDA:644,46,1,0
BRDA:657,47,0,0
BRDA:657,47,1,0
BRDA:664,48,0,0
BRDA:664,48,1,0
BRDA:667,49,0,0
BRDA:667,49,1,0
BRDA:670,50,0,0
BRDA:670,50,1,0
BRDA:672,51,0,0
BRDA:672,51,1,0
BRDA:710,52,0,0
BRDA:710,52,1,0
BRDA:720,53,0,0
BRDA:720,53,1,0
BRDA:722,54,0,0
BRDA:722,54,1,0
BRDA:732,55,0,0
BRDA:732,55,1,0
BRDA:794,56,0,0
BRDA:794,56,1,0
BRDA:809,57,0,0
BRDA:809,57,1,0
BRDA:814,58,0,0
BRDA:814,58,1,0
BRDA:829,59,0,0
BRDA:849,60,0,0
BRDA:849,60,1,0
BRDA:851,61,0,0
BRDA:851,61,1,0
BRDA:862,62,0,0
BRDA:862,62,1,0
BRDA:899,63,0,0
BRDA:899,63,1,0
BRDA:912,64,0,0
BRDA:912,64,1,0
BRDA:919,65,0,0
BRDA:919,65,1,0
BRDA:925,66,0,0
BRDA:925,66,1,0
BRDA:928,67,0,0
BRDA:928,67,1,0
BRDA:936,68,0,0
BRDA:936,68,1,0
BRF:126
BRH:0
end_of_record
TN:
SF:src/main.tsx
FNF:0
FNH:0
DA:1,0
DA:2,0
DA:3,0
DA:4,0
DA:6,0
LF:5
LH:0
BRF:0
BRH:0
end_of_record
TN:
SF:src/store.ts
FNF:0
FNH:0
DA:1,0
DA:3,0
DA:9,0
LF:3
LH:0
BRF:0
BRH:0
end_of_record
TN:
SF:src/components/AssetManagement.tsx
FN:38,(anonymous_7)
FN:41,(anonymous_8)
FN:42,(anonymous_9)
FN:77,(anonymous_10)
FN:91,(anonymous_11)
FN:161,(anonymous_12)
FN:169,(anonymous_13)
FN:178,(anonymous_14)
FN:181,(anonymous_15)
FN:187,(anonymous_16)
FN:282,(anonymous_17)
FN:290,(anonymous_18)
FN:307,(anonymous_19)
FN:340,(anonymous_20)
FN:402,(anonymous_21)
FN:406,(anonymous_22)
FN:411,(anonymous_23)
FN:435,(anonymous_24)
FN:436,(anonymous_25)
FN:442,(anonymous_26)
FN:463,(anonymous_27)
FN:474,(anonymous_28)
FN:495,(anonymous_29)
FN:510,(anonymous_30)
FN:522,(anonymous_31)
FN:546,(anonymous_32)
FN:570,(anonymous_33)
FN:581,(anonymous_34)
FN:603,(anonymous_35)
FN:613,(anonymous_36)
FN:634,(anonymous_37)
FN:647,(anonymous_38)
FN:658,(anonymous_39)
FN:687,(anonymous_40)
FN:698,(anonymous_41)
FN:711,(anonymous_42)
FN:722,(anonymous_43)
FN:738,(anonymous_44)
FN:752,(anonymous_45)
FN:769,(anonymous_46)
FN:780,(anonymous_47)
FN:854,(anonymous_48)
FN:868,(anonymous_49)
FN:935,(anonymous_50)
FN:945,(anonymous_51)
FN:965,(anonymous_52)
FN:976,(anonymous_53)
FN:986,(anonymous_54)
FN:1053,(anonymous_55)
FN:1057,(anonymous_56)
FNF:50
FNH:0
FNDA:0,(anonymous_7)
FNDA:0,(anonymous_8)
FNDA:0,(anonymous_9)
FNDA:0,(anonymous_10)
FNDA:0,(anonymous_11)
FNDA:0,(anonymous_12)
FNDA:0,(anonymous_13)
FNDA:0,(anonymous_14)
FNDA:0,(anonymous_15)
FNDA:0,(anonymous_16)
FNDA:0,(anonymous_17)
FNDA:0,(anonymous_18)
FNDA:0,(anonymous_19)
FNDA:0,(anonymous_20)
FNDA:0,(anonymous_21)
FNDA:0,(anonymous_22)
FNDA:0,(anonymous_23)
FNDA:0,(anonymous_24)
FNDA:0,(anonymous_25)
FNDA:0,(anonymous_26)
FNDA:0,(anonymous_27)
FNDA:0,(anonymous_28)
FNDA:0,(anonymous_29)
FNDA:0,(anonymous_30)
FNDA:0,(anonymous_31)
FNDA:0,(anonymous_32)
FNDA:0,(anonymous_33)
FNDA:0,(anonymous_34)
FNDA:0,(anonymous_35)
FNDA:0,(anonymous_36)
FNDA:0,(anonymous_37)
FNDA:0,(anonymous_38)
FNDA:0,(anonymous_39)
FNDA:0,(anonymous_40)
FNDA:0,(anonymous_41)
FNDA:0,(anonymous_42)
FNDA:0,(anonymous_43)
FNDA:0,(anonymous_44)
FNDA:0,(anonymous_45)
FNDA:0,(anonymous_46)
FNDA:0,(anonymous_47)
FNDA:0,(anonymous_48)
FNDA:0,(anonymous_49)
FNDA:0,(anonymous_50)
FNDA:0,(anonymous_51)
FNDA:0,(anonymous_52)
FNDA:0,(anonymous_53)
FNDA:0,(anonymous_54)
FNDA:0,(anonymous_55)
FNDA:0,(anonymous_56)
DA:1,0
DA:2,0
DA:3,0
DA:4,0
DA:5,0
DA:6,0
DA:38,0
DA:45,0
DA:46,0
DA:47,0
DA:48,0
DA:51,0
DA:52,0
DA:53,0
DA:54,0
DA:55,0
DA:56,0
DA:57,0
DA:58,0
DA:59,0
DA:60,0
DA:61,0
DA:62,0
DA:63,0
DA:64,0
DA:65,0
DA:66,0
DA:67,0
DA:68,0
DA:69,0
DA:70,0
DA:74,0
DA:77,0
DA:91,0
DA:161,0
DA:162,0
DA:164,0
DA:165,0
DA:169,0
DA:170,0
DA:175,0
DA:178,0
DA:179,0
DA:181,0
DA:182,0
DA:183,0
DA:184,0
DA:187,0
DA:188,0
DA:189,0
DA:190,0
DA:193,0
DA:196,0
DA:197,0
DA:202,0
DA:208,0
DA:214,0
DA:215,0
DA:219,0
DA:220,0
DA:221,0
DA:222,0
DA:225,0
DA:228,0
DA:231,0
DA:248,0
DA:249,0
DA:252,0
DA:254,0
DA:256,0
DA:266,0
DA:267,0
DA:270,0
DA:275,0
DA:276,0
DA:278,0
DA:282,0
DA:284,0
DA:285,0
DA:286,0
DA:288,0
DA:290,0
DA:291,0
DA:296,0
DA:297,0
DA:307,0
DA:308,0
DA:309,0
DA:310,0
DA:313,0
DA:315,0
DA:318,0
DA:319,0
DA:320,0
DA:323,0
DA:324,0
DA:325,0
DA:326,0
DA:327,0
DA:330,0
DA:331,0
DA:332,0
DA:334,0
DA:335,0
DA:340,0
DA:341,0
DA:342,0
DA:343,0
DA:346,0
DA:347,0
DA:348,0
DA:352,0
DA:353,0
DA:354,0
DA:357,0
DA:361,0
DA:363,0
DA:364,0
DA:365,0
DA:366,0
DA:368,0
DA:369,0
DA:371,0
DA:372,0
DA:373,0
DA:375,0
DA:377,0
DA:378,0
DA:382,0
DA:383,0
DA:384,0
DA:388,0
DA:389,0
DA:392,0
DA:393,0
DA:394,0
DA:396,0
DA:397,0
DA:402,0
DA:403,0
DA:404,0
DA:405,0
DA:406,0
DA:411,0
DA:412,0
DA:413,0
DA:414,0
DA:418,0
DA:419,0
DA:420,0
DA:424,0
DA:430,0
DA:431,0
DA:435,0
DA:436,0
DA:440,0
DA:443,0
DA:444,0
DA:455,0
DA:463,0
DA:474,0
DA:496,0
DA:497,0
DA:498,0
DA:510,0
DA:523,0
DA:546,0
DA:571,0
DA:572,0
DA:581,0
DA:604,0
DA:605,0
DA:606,0
DA:614,0
DA:615,0
DA:616,0
DA:634,0
DA:647,0
DA:658,0
DA:687,0
DA:698,0
DA:711,0
DA:722,0
DA:738,0
DA:752,0
DA:769,0
DA:780,0
DA:854,0
DA:868,0
DA:935,0
DA:945,0
DA:966,0
DA:978,0
DA:986,0
DA:1054,0
DA:1057,0
DA:1093,0
LF:197
LH:0
BRDA:40,0,0,0
BRDA:41,1,0,0
BRDA:42,2,0,0
BRDA:43,3,0,0
BRDA:162,4,0,0
BRDA:170,5,0,0
BRDA:170,5,1,0
BRDA:170,5,2,0
BRDA:170,5,3,0
BRDA:179,6,0,0
BRDA:179,6,1,0
BRDA:188,7,0,0
BRDA:188,8,0,0
BRDA:188,8,1,0
BRDA:197,9,0,0
BRDA:197,9,1,0
BRDA:198,10,0,0
BRDA:198,10,1,0
BRDA:214,11,0,0
BRDA:220,12,0,0
BRDA:220,13,0,0
BRDA:220,13,1,0
BRDA:266,14,0,0
BRDA:266,15,0,0
BRDA:266,15,1,0
BRDA:276,16,0,0
BRDA:276,16,1,0
BRDA:284,17,0,0
BRDA:284,17,1,0
BRDA:284,18,0,0
BRDA:284,18,1,0
BRDA:286,19,0,0
BRDA:288,20,0,0
BRDA:288,20,1,0
BRDA:296,21,0,0
BRDA:308,22,0,0
BRDA:341,23,0,0
BRDA:346,24,0,0
BRDA:352,25,0,0
BRDA:361,26,0,0
BRDA:361,26,1,0
BRDA:361,27,0,0
BRDA:361,27,1,0
BRDA:364,28,0,0
BRDA:364,29,0,0
BRDA:364,29,1,0
BRDA:369,30,0,0
BRDA:369,30,1,0
BRDA:369,31,0,0
BRDA:369,31,1,0
BRDA:371,32,0,0
BRDA:382,33,0,0
BRDA:397,34,0,0
BRDA:397,34,1,0
BRDA:403,35,0,0
BRDA:412,36,0,0
BRDA:412,37,0,0
BRDA:412,37,1,0
BRDA:418,38,0,0
BRDA:441,39,0,0
BRDA:441,39,1,0
BRDA:441,40,0,0
BRDA:441,40,1,0
BRDA:443,41,0,0
BRDA:443,41,1,0
BRDA:443,42,0,0
BRDA:443,42,1,0
BRDA:450,43,0,0
BRDA:450,43,1,0
BRDA:450,44,0,0
BRDA:450,44,1,0
BRDA:452,45,0,0
BRDA:452,45,1,0
BRDA:465,46,0,0
BRDA:465,46,1,0
BRDA:467,47,0,0
BRDA:467,47,1,0
BRDA:476,48,0,0
BRDA:476,48,1,0
BRDA:478,49,0,0
BRDA:478,49,1,0
BRDA:483,50,0,0
BRDA:483,50,1,0
BRDA:508,51,0,0
BRDA:508,51,1,0
BRDA:520,52,0,0
BRDA:520,52,1,0
BRDA:521,53,0,0
BRDA:521,53,1,0
BRDA:526,54,0,0
BRDA:526,54,1,0
BRDA:539,55,0,0
BRDA:539,55,1,0
BRDA:548,56,0,0
BRDA:548,56,1,0
BRDA:549,57,0,0
BRDA:549,57,1,0
BRDA:549,58,0,0
BRDA:549,58,1,0
BRDA:557,59,0,0
BRDA:557,59,1,0
BRDA:558,60,0,0
BRDA:558,60,1,0
BRDA:572,61,0,0
BRDA:577,62,0,0
BRDA:577,62,1,0
BRDA:585,63,0,0
BRDA:585,63,1,0
BRDA:590,64,0,0
BRDA:590,64,1,0
BRDA:608,65,0,0
BRDA:608,65,1,0
BRDA:618,66,0,0
BRDA:618,66,1,0
BRDA:625,67,0,0
BRDA:625,67,1,0
BRDA:625,68,0,0
BRDA:625,68,1,0
BRDA:678,69,0,0
BRDA:678,69,1,0
BRDA:678,70,0,0
BRDA:678,70,1,0
BRDA:730,71,0,0
BRDA:730,71,1,0
BRDA:800,72,0,0
BRDA:800,72,1,0
BRDA:810,73,0,0
BRDA:810,73,1,0
BRDA:836,74,0,0
BRDA:836,74,1,0
BRDA:856,75,0,0
BRDA:856,75,1,0
BRDA:857,76,0,0
BRDA:857,76,1,0
BRDA:864,77,0,0
BRDA:864,77,1,0
BRDA:871,78,0,0
BRDA:871,78,1,0
BRDA:875,79,0,0
BRDA:875,79,1,0
BRDA:886,80,0,0
BRDA:886,80,1,0
BRDA:917,81,0,0
BRDA:917,81,1,0
BRDA:963,82,0,0
BRDA:963,82,1,0
BRDA:1030,83,0,0
BRDA:1030,83,1,0
BRDA:1078,84,0,0
BRDA:1078,84,1,0
BRDA:1078,85,0,0
BRDA:1078,85,1,0
BRDA:1079,86,0,0
BRDA:1079,86,1,0
BRDA:1079,87,0,0
BRDA:1079,87,1,0
BRF:156
BRH:0
end_of_record
TN:
SF:src/components/BackendStatusDashboard.tsx
FN:34,(anonymous_6)
FN:45,(anonymous_7)
FN:102,(anonymous_8)
FN:118,(anonymous_9)
FN:148,(anonymous_10)
FN:161,(anonymous_11)
FN:182,(anonymous_12)
FN:200,(anonymous_13)
FN:215,(anonymous_14)
FN:225,(anonymous_15)
FN:249,(anonymous_16)
FN:267,(anonymous_17)
FN:285,(anonymous_18)
FN:291,(anonymous_19)
FN:297,(anonymous_20)
FN:301,(anonymous_21)
FN:319,(anonymous_22)
FN:394,(anonymous_23)
FN:397,(anonymous_24)
FN:419,(anonymous_25)
FN:430,(anonymous_26)
FN:468,(anonymous_27)
FN:488,(anonymous_28)
FN:490,(anonymous_29)
FN:522,(anonymous_30)
FN:540,(anonymous_31)
FN:550,(anonymous_32)
FN:560,(anonymous_33)
FN:592,(anonymous_34)
FN:607,(anonymous_35)
FN:650,(anonymous_36)
FN:688,(anonymous_37)
FNF:32
FNH:0
FNDA:0,(anonymous_6)
FNDA:0,(anonymous_7)
FNDA:0,(anonymous_8)
FNDA:0,(anonymous_9)
FNDA:0,(anonymous_10)
FNDA:0,(anonymous_11)
FNDA:0,(anonymous_12)
FNDA:0,(anonymous_13)
FNDA:0,(anonymous_14)
FNDA:0,(anonymous_15)
FNDA:0,(anonymous_16)
FNDA:0,(anonymous_17)
FNDA:0,(anonymous_18)
FNDA:0,(anonymous_19)
FNDA:0,(anonymous_20)
FNDA:0,(anonymous_21)
FNDA:0,(anonymous_22)
FNDA:0,(anonymous_23)
FNDA:0,(anonymous_24)
FNDA:0,(anonymous_25)
FNDA:0,(anonymous_26)
FNDA:0,(anonymous_27)
FNDA:0,(anonymous_28)
FNDA:0,(anonymous_29)
FNDA:0,(anonymous_30)
FNDA:0,(anonymous_31)
FNDA:0,(anonymous_32)
FNDA:0,(anonymous_33)
FNDA:0,(anonymous_34)
FNDA:0,(anonymous_35)
FNDA:0,(anonymous_36)
FNDA:0,(anonymous_37)
DA:1,0
DA:2,0
DA:34,0
DA:35,0
DA:36,0
DA:37,0
DA:38,0
DA:39,0
DA:40,0
DA:41,0
DA:42,0
DA:45,0
DA:46,0
DA:47,0
DA:98,0
DA:102,0
DA:103,0
DA:111,0
DA:112,0
DA:115,0
DA:116,0
DA:117,0
DA:118,0
DA:119,0
DA:120,0
DA:121,0
DA:122,0
DA:124,0
DA:125,0
DA:126,0
DA:128,0
DA:132,0
DA:135,0
DA:137,0
DA:141,0
DA:145,0
DA:148,0
DA:149,0
DA:150,0
DA:153,0
DA:154,0
DA:156,0
DA:157,0
DA:160,0
DA:161,0
DA:162,0
DA:163,0
DA:168,0
DA:169,0
DA:170,0
DA:171,0
DA:174,0
DA:178,0
DA:181,0
DA:182,0
DA:183,0
DA:184,0
DA:189,0
DA:190,0
DA:191,0
DA:194,0
DA:196,0
DA:199,0
DA:200,0
DA:201,0
DA:202,0
DA:207,0
DA:208,0
DA:210,0
DA:215,0
DA:216,0
DA:217,0
DA:218,0
DA:220,0
DA:225,0
DA:226,0
DA:227,0
DA:228,0
DA:229,0
DA:230,0
DA:232,0
DA:233,0
DA:234,0
DA:236,0
DA:237,0
DA:238,0
DA:240,0
DA:241,0
DA:242,0
DA:244,0
DA:249,0
DA:250,0
DA:253,0
DA:256,0
DA:258,0
DA:260,0
DA:262,0
DA:267,0
DA:268,0
DA:271,0
DA:274,0
DA:276,0
DA:278,0
DA:280,0
DA:285,0
DA:286,0
DA:289,0
DA:290,0
DA:291,0
DA:297,0
DA:298,0
DA:300,0
DA:301,0
DA:302,0
DA:305,0
DA:307,0
DA:308,0
DA:309,0
DA:310,0
DA:311,0
DA:313,0
DA:316,0
DA:319,0
DA:320,0
DA:321,0
DA:323,0
DA:328,0
DA:330,0
DA:331,0
DA:332,0
DA:334,0
DA:335,0
DA:336,0
DA:338,0
DA:339,0
DA:340,0
DA:342,0
DA:343,0
DA:344,0
DA:346,0
DA:347,0
DA:350,0
DA:352,0
DA:353,0
DA:358,0
DA:359,0
DA:360,0
DA:362,0
DA:363,0
DA:364,0
DA:365,0
DA:368,0
DA:369,0
DA:370,0
DA:373,0
DA:374,0
DA:375,0
DA:376,0
DA:380,0
DA:381,0
DA:390,0
DA:394,0
DA:397,0
DA:400,0
DA:401,0
DA:402,0
DA:403,0
DA:406,0
DA:408,0
DA:411,0
DA:412,0
DA:414,0
DA:419,0
DA:420,0
DA:421,0
DA:423,0
DA:424,0
DA:425,0
DA:426,0
DA:427,0
DA:430,0
DA:431,0
DA:432,0
DA:433,0
DA:438,0
DA:439,0
DA:440,0
DA:445,0
DA:446,0
DA:447,0
DA:449,0
DA:450,0
DA:451,0
DA:454,0
DA:455,0
DA:458,0
DA:459,0
DA:462,0
DA:463,0
DA:464,0
DA:468,0
DA:472,0
DA:473,0
DA:481,0
DA:485,0
DA:488,0
DA:489,0
DA:490,0
DA:494,0
DA:495,0
DA:496,0
DA:497,0
DA:499,0
DA:502,0
DA:505,0
DA:506,0
DA:508,0
DA:513,0
DA:520,0
DA:522,0
DA:541,0
DA:542,0
DA:551,0
DA:552,0
DA:561,0
DA:562,0
DA:593,0
DA:608,0
DA:609,0
DA:651,0
DA:688,0
DA:699,0
LF:232
LH:0
BRDA:121,0,0,0
BRDA:121,0,1,0
BRDA:125,1,0,0
BRDA:126,2,0,0
BRDA:126,3,0,0
BRDA:126,3,1,0
BRDA:156,4,0,0
BRDA:160,5,0,0
BRDA:162,6,0,0
BRDA:162,7,0,0
BRDA:162,7,1,0
BRDA:181,8,0,0
BRDA:183,9,0,0
BRDA:199,10,0,0
BRDA:201,11,0,0
BRDA:232,12,0,0
BRDA:233,13,0,0
BRDA:234,14,0,0
BRDA:237,15,0,0
BRDA:238,16,0,0
BRDA:241,17,0,0
BRDA:250,18,0,0
BRDA:250,18,1,0
BRDA:250,18,2,0
BRDA:250,18,3,0
BRDA:250,18,4,0
BRDA:250,18,5,0
BRDA:250,18,6,0
BRDA:268,19,0,0
BRDA:268,19,1,0
BRDA:268,19,2,0
BRDA:268,19,3,0
BRDA:268,19,4,0
BRDA:268,19,5,0
BRDA:268,19,6,0
BRDA:289,20,0,0
BRDA:298,21,0,0
BRDA:308,22,0,0
BRDA:308,22,1,0
BRDA:309,23,0,0
BRDA:309,23,1,0
BRDA:310,24,0,0
BRDA:310,24,1,0
BRDA:311,25,0,0
BRDA:328,26,0,0
BRDA:328,26,1,0
BRDA:328,26,2,0
BRDA:328,26,3,0
BRDA:328,26,4,0
BRDA:350,27,0,0
BRDA:350,27,1,0
BRDA:358,28,0,0
BRDA:358,28,1,0
BRDA:362,29,0,0
BRDA:375,30,0,0
BRDA:375,30,1,0
BRDA:400,31,0,0
BRDA:424,32,0,0
BRDA:424,32,1,0
BRDA:432,33,0,0
BRDA:445,34,0,0
BRDA:445,34,1,0
BRDA:449,35,0,0
BRDA:449,35,1,0
BRDA:489,36,0,0
BRDA:494,37,0,0
BRDA:494,37,1,0
BRDA:496,38,0,0
BRDA:496,38,1,0
BRDA:513,39,0,0
BRDA:513,39,1,0
BRDA:513,40,0,0
BRDA:513,40,1,0
BRDA:521,41,0,0
BRDA:521,41,1,0
BRDA:526,42,0,0
BRDA:526,42,1,0
BRDA:527,43,0,0
BRDA:527,43,1,0
BRDA:528,44,0,0
BRDA:528,44,1,0
BRDA:533,45,0,0
BRDA:533,45,1,0
BRDA:549,46,0,0
BRDA:549,46,1,0
BRDA:554,47,0,0
BRDA:554,47,1,0
BRDA:556,48,0,0
BRDA:556,48,1,0
BRDA:565,49,0,0
BRDA:565,49,1,0
BRDA:572,50,0,0
BRDA:572,50,1,0
BRDA:574,51,0,0
BRDA:574,51,1,0
BRDA:592,52,0,0
BRDA:592,52,1,0
BRDA:603,53,0,0
BRDA:603,53,1,0
BRDA:603,53,2,0
BRDA:611,54,0,0
BRDA:611,54,1,0
BRDA:613,55,0,0
BRDA:613,55,1,0
BRDA:622,56,0,0
BRDA:622,56,1,0
BRDA:628,57,0,0
BRDA:628,57,1,0
BRDA:628,57,2,0
BRDA:634,58,0,0
BRDA:634,58,1,0
BRDA:634,58,2,0
BRDA:637,59,0,0
BRDA:637,59,1,0
BRDA:638,60,0,0
BRDA:638,60,1,0
BRDA:650,61,0,0
BRDA:650,61,1,0
BRDA:672,62,0,0
BRDA:672,62,1,0
BRDA:678,63,0,0
BRDA:678,63,1,0
BRDA:678,63,2,0
BRDA:680,64,0,0
BRDA:680,64,1,0
BRF:125
BRH:0
end_of_record
TN:
SF:src/components/BacktestingDashboard.tsx
FN:7,(anonymous_6)
FN:28,(anonymous_7)
FN:61,(anonymous_8)
FN:85,(anonymous_9)
FN:134,(anonymous_10)
FN:163,(anonymous_11)
FN:165,(anonymous_12)
FN:180,(anonymous_13)
FN:182,(anonymous_14)
FN:197,(anonymous_15)
FN:208,(anonymous_16)
FN:219,(anonymous_17)
FNF:12
FNH:0
FNDA:0,(anonymous_6)
FNDA:0,(anonymous_7)
FNDA:0,(anonymous_8)
FNDA:0,(anonymous_9)
FNDA:0,(anonymous_10)
FNDA:0,(anonymous_11)
FNDA:0,(anonymous_12)
FNDA:0,(anonymous_13)
FNDA:0,(anonymous_14)
FNDA:0,(anonymous_15)
FNDA:0,(anonymous_16)
FNDA:0,(anonymous_17)
DA:1,0
DA:2,0
DA:4,0
DA:5,0
DA:7,0
DA:8,0
DA:9,0
DA:10,0
DA:11,0
DA:12,0
DA:13,0
DA:14,0
DA:15,0
DA:17,0
DA:18,0
DA:28,0
DA:29,0
DA:30,0
DA:31,0
DA:34,0
DA:35,0
DA:36,0
DA:50,0
DA:51,0
DA:52,0
DA:54,0
DA:55,0
DA:57,0
DA:61,0
DA:62,0
DA:64,0
DA:82,0
DA:85,0
DA:86,0
DA:88,0
DA:90,0
DA:135,0
DA:149,0
DA:163,0
DA:166,0
DA:180,0
DA:183,0
DA:197,0
DA:208,0
DA:219,0
DA:244,0
LF:46
LH:0
BRDA:29,0,0,0
BRDA:29,1,0,0
BRDA:29,1,1,0
BRDA:29,1,2,0
BRDA:29,1,3,0
BRDA:62,2,0,0
BRDA:86,3,0,0
BRDA:224,4,0,0
BRDA:224,4,1,0
BRDA:227,5,0,0
BRDA:227,5,1,0
BRDA:230,6,0,0
BRDA:230,6,1,0
BRF:13
BRH:0
end_of_record
TN:
SF:src/components/BotPerformanceCard.tsx
FN:8,(anonymous_1)
FN:9,(anonymous_2)
FNF:2
FNH:0
FNDA:0,(anonymous_1)
FNDA:0,(anonymous_2)
DA:1,0
DA:8,0
DA:12,0
DA:101,0
LF:4
LH:0
BRDA:9,0,0,0
BRDA:10,1,0,0
BRDA:27,2,0,0
BRDA:27,2,1,0
BRF:4
BRH:0
end_of_record
TN:
SF:src/components/BotThoughts.tsx
FN:40,(anonymous_6)
FN:62,(anonymous_7)
FN:77,(anonymous_8)
FN:82,(anonymous_9)
FN:95,(anonymous_10)
FN:125,(anonymous_11)
FN:168,(anonymous_12)
FN:174,(anonymous_13)
FN:180,(anonymous_14)
FN:192,(anonymous_15)
FN:221,(anonymous_16)
FN:234,(anonymous_17)
FN:292,(anonymous_18)
FN:315,(anonymous_19)
FN:322,(anonymous_20)
FN:329,(anonymous_21)
FN:336,(anonymous_22)
FN:343,(anonymous_23)
FN:348,(anonymous_24)
FN:358,(anonymous_25)
FN:366,(anonymous_26)
FN:367,(anonymous_27)
FN:371,(anonymous_28)
FN:378,(anonymous_29)
FN:391,(anonymous_30)
FN:400,(anonymous_31)
FN:405,(anonymous_32)
FN:408,(anonymous_33)
FN:416,(anonymous_34)
FN:436,(anonymous_35)
FN:461,(anonymous_36)
FN:470,(anonymous_37)
FN:503,(anonymous_38)
FN:542,(anonymous_39)
FN:620,(anonymous_40)
FN:633,(anonymous_41)
FN:637,(anonymous_42)
FN:643,(anonymous_43)
FN:719,(anonymous_44)
FN:723,(anonymous_45)
FNF:40
FNH:0
FNDA:0,(anonymous_6)
FNDA:0,(anonymous_7)
FNDA:0,(anonymous_8)
FNDA:0,(anonymous_9)
FNDA:0,(anonymous_10)
FNDA:0,(anonymous_11)
FNDA:0,(anonymous_12)
FNDA:0,(anonymous_13)
FNDA:0,(anonymous_14)
FNDA:0,(anonymous_15)
FNDA:0,(anonymous_16)
FNDA:0,(anonymous_17)
FNDA:0,(anonymous_18)
FNDA:0,(anonymous_19)
FNDA:0,(anonymous_20)
FNDA:0,(anonymous_21)
FNDA:0,(anonymous_22)
FNDA:0,(anonymous_23)
FNDA:0,(anonymous_24)
FNDA:0,(anonymous_25)
FNDA:0,(anonymous_26)
FNDA:0,(anonymous_27)
FNDA:0,(anonymous_28)
FNDA:0,(anonymous_29)
FNDA:0,(anonymous_30)
FNDA:0,(anonymous_31)
FNDA:0,(anonymous_32)
FNDA:0,(anonymous_33)
FNDA:0,(anonymous_34)
FNDA:0,(anonymous_35)
FNDA:0,(anonymous_36)
FNDA:0,(anonymous_37)
FNDA:0,(anonymous_38)
FNDA:0,(anonymous_39)
FNDA:0,(anonymous_40)
FNDA:0,(anonymous_41)
FNDA:0,(anonymous_42)
FNDA:0,(anonymous_43)
FNDA:0,(anonymous_44)
FNDA:0,(anonymous_45)
DA:1,0
DA:2,0
DA:38,0
DA:40,0
DA:41,0
DA:42,0
DA:43,0
DA:44,0
DA:45,0
DA:46,0
DA:47,0
DA:48,0
DA:49,0
DA:50,0
DA:51,0
DA:52,0
DA:53,0
DA:54,0
DA:55,0
DA:56,0
DA:59,0
DA:62,0
DA:63,0
DA:64,0
DA:65,0
DA:66,0
DA:67,0
DA:68,0
DA:72,0
DA:77,0
DA:78,0
DA:81,0
DA:82,0
DA:84,0
DA:85,0
DA:86,0
DA:90,0
DA:91,0
DA:95,0
DA:96,0
DA:99,0
DA:100,0
DA:101,0
DA:104,0
DA:105,0
DA:106,0
DA:109,0
DA:110,0
DA:111,0
DA:115,0
DA:118,0
DA:119,0
DA:120,0
DA:123,0
DA:125,0
DA:126,0
DA:129,0
DA:131,0
DA:132,0
DA:133,0
DA:134,0
DA:135,0
DA:136,0
DA:139,0
DA:140,0
DA:150,0
DA:154,0
DA:155,0
DA:156,0
DA:160,0
DA:161,0
DA:162,0
DA:166,0
DA:168,0
DA:171,0
DA:174,0
DA:175,0
DA:178,0
DA:180,0
DA:181,0
DA:189,0
DA:192,0
DA:193,0
DA:195,0
DA:198,0
DA:204,0
DA:205,0
DA:209,0
DA:210,0
DA:211,0
DA:212,0
DA:214,0
DA:219,0
DA:221,0
DA:222,0
DA:224,0
DA:226,0
DA:229,0
DA:232,0
DA:234,0
DA:244,0
DA:246,0
DA:250,0
DA:251,0
DA:252,0
DA:254,0
DA:259,0
DA:260,0
DA:263,0
DA:265,0
DA:266,0
DA:267,0
DA:268,0
DA:270,0
DA:274,0
DA:277,0
DA:278,0
DA:279,0
DA:283,0
DA:284,0
DA:292,0
DA:294,0
DA:295,0
DA:298,0
DA:299,0
DA:302,0
DA:303,0
DA:307,0
DA:310,0
DA:311,0
DA:312,0
DA:315,0
DA:316,0
DA:317,0
DA:321,0
DA:322,0
DA:323,0
DA:329,0
DA:330,0
DA:331,0
DA:332,0
DA:336,0
DA:337,0
DA:338,0
DA:339,0
DA:343,0
DA:344,0
DA:348,0
DA:349,0
DA:352,0
DA:353,0
DA:358,0
DA:360,0
DA:362,0
DA:363,0
DA:366,0
DA:367,0
DA:371,0
DA:373,0
DA:374,0
DA:378,0
DA:379,0
DA:380,0
DA:381,0
DA:382,0
DA:385,0
DA:391,0
DA:392,0
DA:393,0
DA:396,0
DA:397,0
DA:398,0
DA:400,0
DA:403,0
DA:405,0
DA:407,0
DA:410,0
DA:416,0
DA:419,0
DA:420,0
DA:422,0
DA:427,0
DA:431,0
DA:432,0
DA:433,0
DA:434,0
DA:436,0
DA:437,0
DA:438,0
DA:439,0
DA:442,0
DA:443,0
DA:446,0
DA:447,0
DA:450,0
DA:451,0
DA:454,0
DA:455,0
DA:461,0
DA:462,0
DA:464,0
DA:465,0
DA:470,0
DA:471,0
DA:472,0
DA:473,0
DA:476,0
DA:480,0
DA:482,0
DA:484,0
DA:503,0
DA:505,0
DA:508,0
DA:544,0
DA:545,0
DA:546,0
DA:547,0
DA:551,0
DA:552,0
DA:555,0
DA:556,0
DA:569,0
DA:570,0
DA:581,0
DA:582,0
DA:593,0
DA:594,0
DA:607,0
DA:611,0
DA:612,0
DA:622,0
DA:623,0
DA:624,0
DA:625,0
DA:629,0
DA:630,0
DA:633,0
DA:635,0
DA:636,0
DA:639,0
DA:640,0
DA:645,0
DA:666,0
DA:720,0
DA:723,0
DA:760,0
LF:246
LH:0
BRDA:65,0,0,0
BRDA:67,1,0,0
BRDA:67,2,0,0
BRDA:67,2,1,0
BRDA:78,3,0,0
BRDA:84,4,0,0
BRDA:84,4,1,0
BRDA:90,5,0,0
BRDA:96,6,0,0
BRDA:99,7,0,0
BRDA:104,8,0,0
BRDA:109,9,0,0
BRDA:115,10,0,0
BRDA:115,11,0,0
BRDA:115,11,1,0
BRDA:129,12,0,0
BRDA:129,12,1,0
BRDA:131,13,0,0
BRDA:131,13,1,0
BRDA:133,14,0,0
BRDA:133,14,1,0
BRDA:146,15,0,0
BRDA:146,15,1,0
BRDA:204,16,0,0
BRDA:204,16,1,0
BRDA:209,17,0,0
BRDA:211,18,0,0
BRDA:211,18,1,0
BRDA:219,19,0,0
BRDA:232,20,0,0
BRDA:232,21,0,0
BRDA:232,21,1,0
BRDA:232,21,2,0
BRDA:251,22,0,0
BRDA:251,23,0,0
BRDA:251,23,1,0
BRDA:251,23,2,0
BRDA:259,24,0,0
BRDA:259,25,0,0
BRDA:259,25,1,0
BRDA:259,25,2,0
BRDA:259,25,3,0
BRDA:265,26,0,0
BRDA:265,26,1,0
BRDA:265,27,0,0
BRDA:265,27,1,0
BRDA:267,28,0,0
BRDA:267,28,1,0
BRDA:267,29,0,0
BRDA:267,29,1,0
BRDA:270,30,0,0
BRDA:270,30,1,0
BRDA:277,31,0,0
BRDA:283,32,0,0
BRDA:283,33,0,0
BRDA:283,33,1,0
BRDA:283,33,2,0
BRDA:283,33,3,0
BRDA:294,34,0,0
BRDA:298,35,0,0
BRDA:302,36,0,0
BRDA:321,37,0,0
BRDA:330,38,0,0
BRDA:331,39,0,0
BRDA:331,39,1,0
BRDA:337,40,0,0
BRDA:352,41,0,0
BRDA:352,42,0,0
BRDA:352,42,1,0
BRDA:360,43,0,0
BRDA:373,44,0,0
BRDA:380,45,0,0
BRDA:403,46,0,0
BRDA:403,47,0,0
BRDA:403,47,1,0
BRDA:420,48,0,0
BRDA:420,49,0,0
BRDA:420,49,1,0
BRDA:420,49,2,0
BRDA:420,49,3,0
BRDA:442,50,0,0
BRDA:446,51,0,0
BRDA:450,52,0,0
BRDA:454,53,0,0
BRDA:462,54,0,0
BRDA:476,55,0,0
BRDA:476,55,1,0
BRDA:480,56,0,0
BRDA:480,57,0,0
BRDA:480,57,1,0
BRDA:480,57,2,0
BRDA:480,57,3,0
BRDA:482,58,0,0
BRDA:482,58,1,0
BRDA:505,59,0,0
BRDA:505,60,0,0
BRDA:505,60,1,0
BRDA:536,61,0,0
BRDA:536,61,1,0
BRDA:545,62,0,0
BRDA:569,63,0,0
BRDA:581,64,0,0
BRDA:581,65,0,0
BRDA:581,65,1,0
BRDA:593,66,0,0
BRDA:599,67,0,0
BRDA:599,67,1,0
BRDA:611,68,0,0
BRDA:623,69,0,0
BRDA:639,70,0,0
BRDA:639,71,0,0
BRDA:639,71,1,0
BRDA:669,72,0,0
BRDA:669,72,1,0
BRDA:683,73,0,0
BRDA:683,73,1,0
BRDA:683,73,2,0
BRDA:695,74,0,0
BRDA:695,74,1,0
BRDA:695,74,2,0
BRDA:722,75,0,0
BRDA:722,75,1,0
BRDA:737,76,0,0
BRDA:737,76,1,0
BRDA:739,77,0,0
BRDA:739,77,1,0
BRDA:741,78,0,0
BRDA:741,78,1,0
BRDA:749,79,0,0
BRDA:749,79,1,0
BRDA:751,80,0,0
BRDA:751,80,1,0
BRF:132
BRH:0
end_of_record
TN:
SF:src/components/CryptoCharts.tsx
FN:24,(anonymous_7)
FN:47,(anonymous_8)
FN:59,(anonymous_9)
FN:80,(anonymous_10)
FN:84,(anonymous_11)
FN:128,(anonymous_12)
FN:159,(anonymous_13)
FN:164,(anonymous_14)
FN:166,(anonymous_15)
FN:176,(anonymous_16)
FN:178,(anonymous_17)
FN:185,(anonymous_18)
FN:187,(anonymous_19)
FN:193,(anonymous_20)
FN:194,(anonymous_21)
FN:201,(anonymous_22)
FN:229,(anonymous_23)
FN:268,(anonymous_24)
FN:346,(anonymous_25)
FN:367,(anonymous_26)
FNF:20
FNH:0
FNDA:0,(anonymous_7)
FNDA:0,(anonymous_8)
FNDA:0,(anonymous_9)
FNDA:0,(anonymous_10)
FNDA:0,(anonymous_11)
FNDA:0,(anonymous_12)
FNDA:0,(anonymous_13)
FNDA:0,(anonymous_14)
FNDA:0,(anonymous_15)
FNDA:0,(anonymous_16)
FNDA:0,(anonymous_17)
FNDA:0,(anonymous_18)
FNDA:0,(anonymous_19)
FNDA:0,(anonymous_20)
FNDA:0,(anonymous_21)
FNDA:0,(anonymous_22)
FNDA:0,(anonymous_23)
FNDA:0,(anonymous_24)
FNDA:0,(anonymous_25)
FNDA:0,(anonymous_26)
DA:1,0
DA:3,0
DA:4,0
DA:24,0
DA:34,0
DA:35,0
DA:38,0
DA:39,0
DA:40,0
DA:41,0
DA:44,0
DA:47,0
DA:50,0
DA:53,0
DA:54,0
DA:59,0
DA:61,0
DA:64,0
DA:65,0
DA:66,0
DA:67,0
DA:68,0
DA:69,0
DA:70,0
DA:71,0
DA:77,0
DA:80,0
DA:81,0
DA:84,0
DA:85,0
DA:87,0
DA:88,0
DA:91,0
DA:92,0
DA:94,0
DA:95,0
DA:96,0
DA:97,0
DA:99,0
DA:102,0
DA:103,0
DA:107,0
DA:109,0
DA:110,0
DA:113,0
DA:116,0
DA:125,0
DA:128,0
DA:138,0
DA:139,0
DA:140,0
DA:141,0
DA:144,0
DA:146,0
DA:147,0
DA:148,0
DA:150,0
DA:152,0
DA:153,0
DA:159,0
DA:160,0
DA:164,0
DA:166,0
DA:169,0
DA:176,0
DA:178,0
DA:179,0
DA:182,0
DA:185,0
DA:186,0
DA:187,0
DA:188,0
DA:193,0
DA:194,0
DA:195,0
DA:201,0
DA:203,0
DA:205,0
DA:207,0
DA:208,0
DA:209,0
DA:212,0
DA:217,0
DA:218,0
DA:221,0
DA:222,0
DA:225,0
DA:226,0
DA:229,0
DA:230,0
DA:234,0
DA:235,0
DA:249,0
DA:269,0
DA:272,0
DA:273,0
DA:274,0
DA:277,0
DA:278,0
DA:279,0
DA:280,0
DA:281,0
DA:282,0
DA:283,0
DA:287,0
DA:290,0
DA:291,0
DA:293,0
DA:347,0
DA:368,0
DA:378,0
LF:111
LH:0
BRDA:25,0,0,0
BRDA:26,1,0,0
BRDA:27,2,0,0
BRDA:28,3,0,0
BRDA:30,4,0,0
BRDA:38,5,0,0
BRDA:38,5,1,0
BRDA:61,6,0,0
BRDA:64,7,0,0
BRDA:64,7,1,0
BRDA:64,7,2,0
BRDA:64,7,3,0
BRDA:64,7,4,0
BRDA:64,7,5,0
BRDA:64,7,6,0
BRDA:91,8,0,0
BRDA:91,9,0,0
BRDA:91,9,1,0
BRDA:94,10,0,0
BRDA:94,11,0,0
BRDA:94,11,1,0
BRDA:102,12,0,0
BRDA:109,13,0,0
BRDA:120,14,0,0
BRDA:120,14,1,0
BRDA:121,15,0,0
BRDA:121,15,1,0
BRDA:138,16,0,0
BRDA:147,17,0,0
BRDA:152,18,0,0
BRDA:205,19,0,0
BRDA:205,19,1,0
BRDA:217,20,0,0
BRDA:217,21,0,0
BRDA:217,21,1,0
BRDA:221,22,0,0
BRDA:221,23,0,0
BRDA:221,23,1,0
BRDA:225,24,0,0
BRDA:234,25,0,0
BRDA:254,26,0,0
BRDA:254,26,1,0
BRDA:277,27,0,0
BRDA:277,27,1,0
BRDA:280,28,0,0
BRDA:280,28,1,0
BRDA:281,29,0,0
BRDA:283,30,0,0
BRDA:283,30,1,0
BRDA:296,31,0,0
BRDA:296,31,1,0
BRDA:297,32,0,0
BRDA:297,32,1,0
BRDA:299,33,0,0
BRDA:299,33,1,0
BRDA:311,34,0,0
BRDA:311,34,1,0
BRDA:323,35,0,0
BRDA:323,35,1,0
BRDA:327,36,0,0
BRDA:327,36,1,0
BRDA:349,37,0,0
BRDA:349,37,1,0
BRDA:358,38,0,0
BRDA:358,38,1,0
BRDA:361,39,0,0
BRDA:361,39,1,0
BRDA:365,40,0,0
BRDA:365,40,1,0
BRDA:368,41,0,0
BRDA:368,41,1,0
BRDA:369,42,0,0
BRDA:369,42,1,0
BRDA:369,43,0,0
BRDA:369,43,1,0
BRF:75
BRH:0
end_of_record
TN:
SF:src/components/MLInsights.tsx
FN:416,(anonymous_6)
FN:423,(anonymous_7)
FN:432,(anonymous_8)
FN:452,(anonymous_9)
FN:454,(anonymous_10)
FN:457,(anonymous_11)
FN:472,(anonymous_12)
FN:494,(anonymous_13)
FN:515,(anonymous_14)
FN:517,(anonymous_15)
FN:528,(anonymous_16)
FN:536,(anonymous_17)
FN:541,(anonymous_18)
FN:548,(anonymous_19)
FN:564,(anonymous_20)
FN:573,(anonymous_21)
FN:579,(anonymous_22)
FN:627,(anonymous_23)
FN:678,(anonymous_24)
FN:686,(anonymous_25)
FN:724,(anonymous_26)
FN:728,(anonymous_27)
FN:781,(anonymous_28)
FN:815,(anonymous_29)
FN:820,(anonymous_30)
FN:832,(anonymous_31)
FN:833,(anonymous_32)
FN:840,(anonymous_33)
FN:841,(anonymous_34)
FN:852,(anonymous_35)
FN:856,(anonymous_36)
FN:860,(anonymous_37)
FN:864,(anonymous_38)
FN:868,(anonymous_39)
FN:875,(anonymous_40)
FN:882,(anonymous_41)
FN:882,(anonymous_42)
FN:892,(anonymous_43)
FN:901,(anonymous_44)
FNF:39
FNH:0
FNDA:0,(anonymous_6)
FNDA:0,(anonymous_7)
FNDA:0,(anonymous_8)
FNDA:0,(anonymous_9)
FNDA:0,(anonymous_10)
FNDA:0,(anonymous_11)
FNDA:0,(anonymous_12)
FNDA:0,(anonymous_13)
FNDA:0,(anonymous_14)
FNDA:0,(anonymous_15)
FNDA:0,(anonymous_16)
FNDA:0,(anonymous_17)
FNDA:0,(anonymous_18)
FNDA:0,(anonymous_19)
FNDA:0,(anonymous_20)
FNDA:0,(anonymous_21)
FNDA:0,(anonymous_22)
FNDA:0,(anonymous_23)
FNDA:0,(anonymous_24)
FNDA:0,(anonymous_25)
FNDA:0,(anonymous_26)
FNDA:0,(anonymous_27)
FNDA:0,(anonymous_28)
FNDA:0,(anonymous_29)
FNDA:0,(anonymous_30)
FNDA:0,(anonymous_31)
FNDA:0,(anonymous_32)
FNDA:0,(anonymous_33)
FNDA:0,(anonymous_34)
FNDA:0,(anonymous_35)
FNDA:0,(anonymous_36)
FNDA:0,(anonymous_37)
FNDA:0,(anonymous_38)
FNDA:0,(anonymous_39)
FNDA:0,(anonymous_40)
FNDA:0,(anonymous_41)
FNDA:0,(anonymous_42)
FNDA:0,(anonymous_43)
FNDA:0,(anonymous_44)
DA:1,0
DA:2,0
DA:3,0
DA:4,0
DA:84,0
DA:416,0
DA:417,0
DA:418,0
DA:419,0
DA:420,0
DA:421,0
DA:423,0
DA:424,0
DA:425,0
DA:426,0
DA:427,0
DA:430,0
DA:433,0
DA:434,0
DA:436,0
DA:437,0
DA:439,0
DA:443,0
DA:449,0
DA:452,0
DA:453,0
DA:454,0
DA:457,0
DA:458,0
DA:459,0
DA:460,0
DA:462,0
DA:463,0
DA:466,0
DA:467,0
DA:469,0
DA:472,0
DA:473,0
DA:481,0
DA:494,0
DA:495,0
DA:502,0
DA:515,0
DA:516,0
DA:517,0
DA:523,0
DA:528,0
DA:536,0
DA:538,0
DA:541,0
DA:547,0
DA:548,0
DA:551,0
DA:564,0
DA:573,0
DA:579,0
DA:628,0
DA:679,0
DA:686,0
DA:725,0
DA:729,0
DA:730,0
DA:782,0
DA:815,0
DA:820,0
DA:832,0
DA:833,0
DA:840,0
DA:841,0
DA:852,0
DA:856,0
DA:860,0
DA:864,0
DA:868,0
DA:875,0
DA:882,0
DA:883,0
DA:892,0
DA:901,0
DA:916,0
LF:80
LH:0
BRDA:425,0,0,0
BRDA:425,0,1,0
BRDA:433,1,0,0
BRDA:436,2,0,0
BRDA:462,3,0,0
BRDA:516,4,0,0
BRDA:516,4,1,0
BRDA:519,5,0,0
BRDA:519,5,1,0
BRDA:552,6,0,0
BRDA:552,6,1,0
BRDA:556,7,0,0
BRDA:556,7,1,0
BRDA:576,8,0,0
BRDA:576,8,1,0
BRDA:682,9,0,0
BRDA:682,9,1,0
BRDA:683,10,0,0
BRDA:683,10,1,0
BRDA:686,11,0,0
BRDA:686,11,1,0
BRDA:694,12,0,0
BRDA:694,12,1,0
BRDA:699,13,0,0
BRDA:699,13,1,0
BRDA:702,14,0,0
BRDA:702,14,1,0
BRDA:706,15,0,0
BRDA:706,15,1,0
BRDA:790,16,0,0
BRDA:790,16,1,0
BRDA:806,17,0,0
BRDA:806,17,1,0
BRDA:806,17,2,0
BRDA:864,18,0,0
BRDA:864,18,1,0
BRDA:875,19,0,0
BRDA:875,19,1,0
BRF:38
BRH:0
end_of_record
TN:
SF:src/components/PaperTradingDashboard.tsx
FN:85,(anonymous_6)
FN:110,(anonymous_7)
FN:130,(anonymous_8)
FN:149,(anonymous_9)
FN:159,(anonymous_10)
FN:165,(anonymous_11)
FN:171,(anonymous_12)
FN:224,(anonymous_13)
FN:275,(anonymous_14)
FN:276,(anonymous_15)
FN:298,(anonymous_16)
FN:359,(anonymous_17)
FN:367,(anonymous_18)
FN:441,(anonymous_19)
FN:448,(anonymous_20)
FN:454,(anonymous_21)
FN:474,(anonymous_22)
FN:478,(anonymous_23)
FN:490,(anonymous_24)
FN:516,(anonymous_25)
FN:526,(anonymous_26)
FN:529,(anonymous_27)
FN:539,(anonymous_28)
FN:552,(anonymous_29)
FN:559,(anonymous_30)
FN:578,(anonymous_31)
FN:579,(anonymous_32)
FN:583,(anonymous_33)
FN:587,(anonymous_34)
FN:589,(anonymous_35)
FN:598,(anonymous_36)
FN:604,(anonymous_37)
FN:608,(anonymous_38)
FN:621,(anonymous_39)
FN:654,(anonymous_40)
FN:663,(anonymous_41)
FN:702,(anonymous_42)
FN:716,(anonymous_43)
FN:753,(anonymous_44)
FN:761,(anonymous_45)
FN:763,(anonymous_46)
FN:781,(anonymous_47)
FN:787,(anonymous_48)
FN:800,(anonymous_49)
FN:817,(anonymous_50)
FN:827,(anonymous_51)
FN:835,(anonymous_52)
FN:847,(anonymous_53)
FN:858,(anonymous_54)
FN:917,(anonymous_55)
FN:928,(anonymous_56)
FN:956,(anonymous_57)
FN:979,(anonymous_58)
FN:1001,(anonymous_59)
FN:1026,(anonymous_60)
FN:1093,(anonymous_61)
FN:1127,(anonymous_62)
FN:1138,(anonymous_63)
FN:1147,(anonymous_64)
FN:1205,(anonymous_65)
FN:1216,(anonymous_66)
FN:1225,(anonymous_67)
FNF:62
FNH:0
FNDA:0,(anonymous_6)
FNDA:0,(anonymous_7)
FNDA:0,(anonymous_8)
FNDA:0,(anonymous_9)
FNDA:0,(anonymous_10)
FNDA:0,(anonymous_11)
FNDA:0,(anonymous_12)
FNDA:0,(anonymous_13)
FNDA:0,(anonymous_14)
FNDA:0,(anonymous_15)
FNDA:0,(anonymous_16)
FNDA:0,(anonymous_17)
FNDA:0,(anonymous_18)
FNDA:0,(anonymous_19)
FNDA:0,(anonymous_20)
FNDA:0,(anonymous_21)
FNDA:0,(anonymous_22)
FNDA:0,(anonymous_23)
FNDA:0,(anonymous_24)
FNDA:0,(anonymous_25)
FNDA:0,(anonymous_26)
FNDA:0,(anonymous_27)
FNDA:0,(anonymous_28)
FNDA:0,(anonymous_29)
FNDA:0,(anonymous_30)
FNDA:0,(anonymous_31)
FNDA:0,(anonymous_32)
FNDA:0,(anonymous_33)
FNDA:0,(anonymous_34)
FNDA:0,(anonymous_35)
FNDA:0,(anonymous_36)
FNDA:0,(anonymous_37)
FNDA:0,(anonymous_38)
FNDA:0,(anonymous_39)
FNDA:0,(anonymous_40)
FNDA:0,(anonymous_41)
FNDA:0,(anonymous_42)
FNDA:0,(anonymous_43)
FNDA:0,(anonymous_44)
FNDA:0,(anonymous_45)
FNDA:0,(anonymous_46)
FNDA:0,(anonymous_47)
FNDA:0,(anonymous_48)
FNDA:0,(anonymous_49)
FNDA:0,(anonymous_50)
FNDA:0,(anonymous_51)
FNDA:0,(anonymous_52)
FNDA:0,(anonymous_53)
FNDA:0,(anonymous_54)
FNDA:0,(anonymous_55)
FNDA:0,(anonymous_56)
FNDA:0,(anonymous_57)
FNDA:0,(anonymous_58)
FNDA:0,(anonymous_59)
FNDA:0,(anonymous_60)
FNDA:0,(anonymous_61)
FNDA:0,(anonymous_62)
FNDA:0,(anonymous_63)
FNDA:0,(anonymous_64)
FNDA:0,(anonymous_65)
FNDA:0,(anonymous_66)
FNDA:0,(anonymous_67)
DA:1,0
DA:2,0
DA:61,0
DA:85,0
DA:90,0
DA:91,0
DA:92,0
DA:93,0
DA:94,0
DA:95,0
DA:96,0
DA:99,0
DA:102,0
DA:105,0
DA:106,0
DA:110,0
DA:111,0
DA:112,0
DA:115,0
DA:117,0
DA:119,0
DA:121,0
DA:123,0
DA:125,0
DA:130,0
DA:131,0
DA:132,0
DA:134,0
DA:136,0
DA:138,0
DA:140,0
DA:142,0
DA:144,0
DA:149,0
DA:150,0
DA:151,0
DA:152,0
DA:153,0
DA:154,0
DA:155,0
DA:159,0
DA:160,0
DA:161,0
DA:165,0
DA:166,0
DA:167,0
DA:171,0
DA:172,0
DA:173,0
DA:174,0
DA:176,0
DA:177,0
DA:179,0
DA:180,0
DA:181,0
DA:182,0
DA:185,0
DA:190,0
DA:191,0
DA:194,0
DA:195,0
DA:198,0
DA:199,0
DA:201,0
DA:203,0
DA:206,0
DA:208,0
DA:220,0
DA:224,0
DA:225,0
DA:226,0
DA:227,0
DA:230,0
DA:231,0
DA:232,0
DA:235,0
DA:237,0
DA:238,0
DA:240,0
DA:241,0
DA:245,0
DA:246,0
DA:250,0
DA:258,0
DA:259,0
DA:260,0
DA:261,0
DA:262,0
DA:263,0
DA:264,0
DA:267,0
DA:268,0
DA:269,0
DA:270,0
DA:271,0
DA:273,0
DA:275,0
DA:276,0
DA:277,0
DA:281,0
DA:285,0
DA:290,0
DA:291,0
DA:292,0
DA:295,0
DA:296,0
DA:298,0
DA:300,0
DA:301,0
DA:304,0
DA:305,0
DA:306,0
DA:307,0
DA:311,0
DA:315,0
DA:316,0
DA:319,0
DA:320,0
DA:321,0
DA:326,0
DA:327,0
DA:335,0
DA:337,0
DA:341,0
DA:342,0
DA:346,0
DA:348,0
DA:351,0
DA:352,0
DA:354,0
DA:359,0
DA:360,0
DA:361,0
DA:362,0
DA:363,0
DA:366,0
DA:367,0
DA:368,0
DA:369,0
DA:371,0
DA:375,0
DA:377,0
DA:388,0
DA:390,0
DA:392,0
DA:393,0
DA:394,0
DA:395,0
DA:396,0
DA:398,0
DA:399,0
DA:400,0
DA:401,0
DA:402,0
DA:403,0
DA:407,0
DA:411,0
DA:415,0
DA:417,0
DA:420,0
DA:421,0
DA:423,0
DA:424,0
DA:428,0
DA:430,0
DA:432,0
DA:433,0
DA:434,0
DA:436,0
DA:441,0
DA:442,0
DA:443,0
DA:444,0
DA:448,0
DA:449,0
DA:450,0
DA:454,0
DA:455,0
DA:456,0
DA:457,0
DA:458,0
DA:459,0
DA:468,0
DA:469,0
DA:474,0
DA:475,0
DA:476,0
DA:478,0
DA:479,0
DA:481,0
DA:482,0
DA:484,0
DA:485,0
DA:490,0
DA:491,0
DA:493,0
DA:497,0
DA:498,0
DA:499,0
DA:501,0
DA:509,0
DA:516,0
DA:524,0
DA:525,0
DA:526,0
DA:529,0
DA:531,0
DA:532,0
DA:539,0
DA:541,0
DA:549,0
DA:552,0
DA:553,0
DA:554,0
DA:559,0
DA:560,0
DA:561,0
DA:563,0
DA:565,0
DA:569,0
DA:570,0
DA:571,0
DA:578,0
DA:579,0
DA:580,0
DA:583,0
DA:587,0
DA:589,0
DA:590,0
DA:591,0
DA:595,0
DA:598,0
DA:599,0
DA:604,0
DA:605,0
DA:608,0
DA:609,0
DA:614,0
DA:617,0
DA:621,0
DA:623,0
DA:626,0
DA:627,0
DA:630,0
DA:637,0
DA:648,0
DA:654,0
DA:655,0
DA:658,0
DA:661,0
DA:663,0
DA:664,0
DA:666,0
DA:668,0
DA:670,0
DA:685,0
DA:686,0
DA:689,0
DA:702,0
DA:712,0
DA:713,0
DA:716,0
DA:719,0
DA:720,0
DA:721,0
DA:724,0
DA:728,0
DA:731,0
DA:734,0
DA:739,0
DA:741,0
DA:746,0
DA:747,0
DA:750,0
DA:753,0
DA:754,0
DA:755,0
DA:761,0
DA:763,0
DA:765,0
DA:766,0
DA:767,0
DA:770,0
DA:773,0
DA:778,0
DA:781,0
DA:782,0
DA:787,0
DA:788,0
DA:790,0
DA:792,0
DA:794,0
DA:797,0
DA:800,0
DA:801,0
DA:807,0
DA:817,0
DA:827,0
DA:837,0
DA:838,0
DA:848,0
DA:849,0
DA:859,0
DA:860,0
DA:861,0
DA:864,0
DA:917,0
DA:928,0
DA:957,0
DA:958,0
DA:959,0
DA:960,0
DA:961,0
DA:979,0
DA:1003,0
DA:1004,0
DA:1005,0
DA:1007,0
DA:1026,0
DA:1093,0
DA:1128,0
DA:1129,0
DA:1133,0
DA:1134,0
DA:1135,0
DA:1138,0
DA:1139,0
DA:1142,0
DA:1144,0
DA:1145,0
DA:1147,0
DA:1148,0
DA:1149,0
DA:1152,0
DA:1153,0
DA:1154,0
DA:1157,0
DA:1159,0
DA:1207,0
DA:1208,0
DA:1211,0
DA:1212,0
DA:1214,0
DA:1216,0
DA:1217,0
DA:1220,0
DA:1222,0
DA:1223,0
DA:1225,0
DA:1226,0
DA:1227,0
DA:1230,0
DA:1231,0
DA:1232,0
DA:1236,0
DA:1240,0
DA:1243,0
DA:1245,0
DA:1294,0
LF:359
LH:0
BRDA:86,0,0,0
BRDA:105,1,0,0
BRDA:105,1,1,0
BRDA:111,2,0,0
BRDA:111,2,1,0
BRDA:115,3,0,0
BRDA:115,3,1,0
BRDA:115,3,2,0
BRDA:115,3,3,0
BRDA:115,3,4,0
BRDA:131,4,0,0
BRDA:131,4,1,0
BRDA:134,5,0,0
BRDA:134,5,1,0
BRDA:134,5,2,0
BRDA:134,5,3,0
BRDA:134,5,4,0
BRDA:152,6,0,0
BRDA:152,7,0,0
BRDA:152,7,1,0
BRDA:153,8,0,0
BRDA:153,9,0,0
BRDA:153,9,1,0
BRDA:154,10,0,0
BRDA:154,11,0,0
BRDA:154,11,1,0
BRDA:160,12,0,0
BRDA:166,13,0,0
BRDA:171,14,0,0
BRDA:181,15,0,0
BRDA:181,15,1,0
BRDA:182,16,0,0
BRDA:182,16,1,0
BRDA:185,17,0,0
BRDA:185,17,1,0
BRDA:186,18,0,0
BRDA:186,18,1,0
BRDA:187,19,0,0
BRDA:187,19,1,0
BRDA:194,20,0,0
BRDA:194,20,1,0
BRDA:194,21,0,0
BRDA:194,21,1,0
BRDA:195,22,0,0
BRDA:195,22,1,0
BRDA:198,23,0,0
BRDA:198,23,1,0
BRDA:231,24,0,0
BRDA:237,25,0,0
BRDA:237,25,1,0
BRDA:240,26,0,0
BRDA:245,27,0,0
BRDA:262,28,0,0
BRDA:267,29,0,0
BRDA:267,30,0,0
BRDA:267,30,1,0
BRDA:269,31,0,0
BRDA:269,31,1,0
BRDA:290,32,0,0
BRDA:300,33,0,0
BRDA:304,34,0,0
BRDA:304,34,1,0
BRDA:306,35,0,0
BRDA:319,36,0,0
BRDA:326,37,0,0
BRDA:326,37,1,0
BRDA:335,38,0,0
BRDA:341,39,0,0
BRDA:348,40,0,0
BRDA:348,40,1,0
BRDA:352,41,0,0
BRDA:352,41,1,0
BRDA:359,42,0,0
BRDA:368,43,0,0
BRDA:368,43,1,0
BRDA:369,44,0,0
BRDA:369,44,1,0
BRDA:390,45,0,0
BRDA:396,46,0,0
BRDA:398,47,0,0
BRDA:398,47,1,0
BRDA:399,48,0,0
BRDA:399,48,1,0
BRDA:402,49,0,0
BRDA:423,50,0,0
BRDA:424,51,0,0
BRDA:424,51,1,0
BRDA:433,52,0,0
BRDA:433,52,1,0
BRDA:442,53,0,0
BRDA:442,53,1,0
BRDA:442,53,2,0
BRDA:443,54,0,0
BRDA:449,55,0,0
BRDA:456,56,0,0
BRDA:458,57,0,0
BRDA:485,58,0,0
BRDA:485,58,1,0
BRDA:497,59,0,0
BRDA:497,59,1,0
BRDA:524,60,0,0
BRDA:524,60,1,0
BRDA:532,61,0,0
BRDA:532,61,1,0
BRDA:553,62,0,0
BRDA:553,63,0,0
BRDA:553,63,1,0
BRDA:560,64,0,0
BRDA:563,65,0,0
BRDA:565,66,0,0
BRDA:565,66,1,0
BRDA:567,67,0,0
BRDA:567,67,1,0
BRDA:570,68,0,0
BRDA:570,68,1,0
BRDA:605,69,0,0
BRDA:605,70,0,0
BRDA:605,70,1,0
BRDA:614,71,0,0
BRDA:614,71,1,0
BRDA:617,72,0,0
BRDA:617,72,1,0
BRDA:626,73,0,0
BRDA:626,73,1,0
BRDA:627,74,0,0
BRDA:627,74,1,0
BRDA:627,75,0,0
BRDA:627,75,1,0
BRDA:630,76,0,0
BRDA:630,76,1,0
BRDA:631,77,0,0
BRDA:631,77,1,0
BRDA:632,78,0,0
BRDA:632,78,1,0
BRDA:633,79,0,0
BRDA:633,79,1,0
BRDA:634,80,0,0
BRDA:634,80,1,0
BRDA:643,81,0,0
BRDA:643,81,1,0
BRDA:661,82,0,0
BRDA:661,82,1,0
BRDA:681,83,0,0
BRDA:681,83,1,0
BRDA:685,84,0,0
BRDA:685,84,1,0
BRDA:694,85,0,0
BRDA:694,85,1,0
BRDA:696,86,0,0
BRDA:696,86,1,0
BRDA:697,87,0,0
BRDA:697,87,1,0
BRDA:697,88,0,0
BRDA:697,88,1,0
BRDA:704,89,0,0
BRDA:704,89,1,0
BRDA:707,90,0,0
BRDA:707,90,1,0
BRDA:721,91,0,0
BRDA:721,91,1,0
BRDA:741,92,0,0
BRDA:754,93,0,0
BRDA:765,94,0,0
BRDA:765,95,0,0
BRDA:765,95,1,0
BRDA:788,96,0,0
BRDA:792,97,0,0
BRDA:809,98,0,0
BRDA:809,98,1,0
BRDA:810,99,0,0
BRDA:810,99,1,0
BRDA:816,100,0,0
BRDA:816,100,1,0
BRDA:817,101,0,0
BRDA:817,101,1,0
BRDA:818,102,0,0
BRDA:818,102,1,0
BRDA:820,103,0,0
BRDA:820,103,1,0
BRDA:848,104,0,0
BRDA:859,105,0,0
BRDA:859,105,1,0
BRDA:860,106,0,0
BRDA:875,107,0,0
BRDA:875,107,1,0
BRDA:877,108,0,0
BRDA:877,108,1,0
BRDA:882,109,0,0
BRDA:882,109,1,0
BRDA:884,110,0,0
BRDA:884,110,1,0
BRDA:889,111,0,0
BRDA:889,111,1,0
BRDA:891,112,0,0
BRDA:891,112,1,0
BRDA:896,113,0,0
BRDA:896,113,1,0
BRDA:898,114,0,0
BRDA:898,114,1,0
BRDA:903,115,0,0
BRDA:903,115,1,0
BRDA:960,116,0,0
BRDA:1003,117,0,0
BRDA:1003,117,1,0
BRDA:1047,118,0,0
BRDA:1047,118,1,0
BRDA:1052,119,0,0
BRDA:1052,119,1,0
BRDA:1059,120,0,0
BRDA:1059,120,1,0
BRDA:1059,120,2,0
BRDA:1061,121,0,0
BRDA:1061,121,1,0
BRDA:1061,122,0,0
BRDA:1061,122,1,0
BRDA:1062,123,0,0
BRDA:1062,123,1,0
BRDA:1070,124,0,0
BRDA:1070,124,1,0
BRDA:1070,125,0,0
BRDA:1070,125,1,0
BRDA:1071,126,0,0
BRDA:1071,126,1,0
BRDA:1077,127,0,0
BRDA:1077,127,1,0
BRDA:1077,128,0,0
BRDA:1077,128,1,0
BRDA:1078,129,0,0
BRDA:1078,129,1,0
BRDA:1085,130,0,0
BRDA:1085,130,1,0
BRDA:1095,131,0,0
BRDA:1095,131,1,0
BRDA:1099,132,0,0
BRDA:1099,132,1,0
BRDA:1113,133,0,0
BRDA:1113,133,1,0
BRDA:1128,134,0,0
BRDA:1128,134,1,0
BRDA:1128,134,2,0
BRDA:1138,135,0,0
BRDA:1138,135,1,0
BRDA:1139,136,0,0
BRDA:1139,136,1,0
BRDA:1142,137,0,0
BRDA:1154,138,0,0
BRDA:1154,138,1,0
BRDA:1159,139,0,0
BRDA:1159,139,1,0
BRDA:1165,140,0,0
BRDA:1165,140,1,0
BRDA:1166,141,0,0
BRDA:1166,141,1,0
BRDA:1168,142,0,0
BRDA:1168,142,1,0
BRDA:1168,143,0,0
BRDA:1168,143,1,0
BRDA:1183,144,0,0
BRDA:1183,144,1,0
BRDA:1183,145,0,0
BRDA:1183,145,1,0
BRDA:1184,146,0,0
BRDA:1184,146,1,0
BRDA:1185,147,0,0
BRDA:1185,147,1,0
BRDA:1188,148,0,0
BRDA:1188,148,1,0
BRDA:1188,149,0,0
BRDA:1188,149,1,0
BRDA:1205,150,0,0
BRDA:1205,150,1,0
BRDA:1207,151,0,0
BRDA:1207,151,1,0
BRDA:1214,152,0,0
BRDA:1216,153,0,0
BRDA:1216,153,1,0
BRDA:1217,154,0,0
BRDA:1217,154,1,0
BRDA:1217,154,2,0
BRDA:1220,155,0,0
BRDA:1232,156,0,0
BRDA:1232,156,1,0
BRDA:1240,157,0,0
BRDA:1240,157,1,0
BRDA:1248,158,0,0
BRDA:1248,158,1,0
BRDA:1248,159,0,0
BRDA:1248,159,1,0
BRDA:1256,160,0,0
BRDA:1256,160,1,0
BRDA:1265,161,0,0
BRDA:1265,161,1,0
BRDA:1265,161,2,0
BRDA:1266,162,0,0
BRDA:1266,162,1,0
BRDA:1267,163,0,0
BRDA:1267,163,1,0
BRDA:1267,164,0,0
BRDA:1267,164,1,0
BRDA:1283,165,0,0
BRDA:1283,165,1,0
BRF:301
BRH:0
end_of_record
TN:
SF:src/components/TechnicalAnalysisChart.tsx
FN:38,(anonymous_6)
FN:51,(anonymous_7)
FN:55,(anonymous_8)
FN:85,(anonymous_9)
FN:86,(anonymous_10)
FN:130,(anonymous_11)
FN:241,(anonymous_12)
FN:247,(anonymous_13)
FN:253,(anonymous_14)
FN:290,(anonymous_15)
FN:301,(anonymous_16)
FN:328,(anonymous_17)
FN:339,(anonymous_18)
FN:345,(anonymous_19)
FN:352,(anonymous_20)
FN:354,(anonymous_21)
FN:379,(anonymous_22)
FN:384,(anonymous_23)
FN:416,(anonymous_24)
FN:422,(anonymous_25)
FN:433,(anonymous_26)
FN:434,(anonymous_27)
FN:441,(anonymous_28)
FN:442,(anonymous_29)
FN:467,(anonymous_30)
FN:477,(anonymous_31)
FN:591,(anonymous_32)
FN:664,(anonymous_33)
FN:706,(anonymous_34)
FN:711,(anonymous_35)
FN:716,(anonymous_36)
FN:720,(anonymous_37)
FN:728,(anonymous_38)
FN:742,(anonymous_39)
FNF:34
FNH:0
FNDA:0,(anonymous_6)
FNDA:0,(anonymous_7)
FNDA:0,(anonymous_8)
FNDA:0,(anonymous_9)
FNDA:0,(anonymous_10)
FNDA:0,(anonymous_11)
FNDA:0,(anonymous_12)
FNDA:0,(anonymous_13)
FNDA:0,(anonymous_14)
FNDA:0,(anonymous_15)
FNDA:0,(anonymous_16)
FNDA:0,(anonymous_17)
FNDA:0,(anonymous_18)
FNDA:0,(anonymous_19)
FNDA:0,(anonymous_20)
FNDA:0,(anonymous_21)
FNDA:0,(anonymous_22)
FNDA:0,(anonymous_23)
FNDA:0,(anonymous_24)
FNDA:0,(anonymous_25)
FNDA:0,(anonymous_26)
FNDA:0,(anonymous_27)
FNDA:0,(anonymous_28)
FNDA:0,(anonymous_29)
FNDA:0,(anonymous_30)
FNDA:0,(anonymous_31)
FNDA:0,(anonymous_32)
FNDA:0,(anonymous_33)
FNDA:0,(anonymous_34)
FNDA:0,(anonymous_35)
FNDA:0,(anonymous_36)
FNDA:0,(anonymous_37)
FNDA:0,(anonymous_38)
FNDA:0,(anonymous_39)
DA:1,0
DA:2,0
DA:6,0
DA:35,0
DA:38,0
DA:40,0
DA:41,0
DA:42,0
DA:43,0
DA:44,0
DA:45,0
DA:46,0
DA:47,0
DA:51,0
DA:57,0
DA:58,0
DA:59,0
DA:60,0
DA:65,0
DA:66,0
DA:69,0
DA:85,0
DA:86,0
DA:87,0
DA:88,0
DA:91,0
DA:92,0
DA:95,0
DA:98,0
DA:99,0
DA:100,0
DA:101,0
DA:102,0
DA:103,0
DA:108,0
DA:111,0
DA:116,0
DA:117,0
DA:119,0
DA:120,0
DA:122,0
DA:126,0
DA:130,0
DA:131,0
DA:132,0
DA:133,0
DA:134,0
DA:137,0
DA:142,0
DA:143,0
DA:144,0
DA:146,0
DA:148,0
DA:149,0
DA:150,0
DA:152,0
DA:153,0
DA:156,0
DA:157,0
DA:160,0
DA:161,0
DA:162,0
DA:163,0
DA:166,0
DA:167,0
DA:168,0
DA:171,0
DA:172,0
DA:173,0
DA:174,0
DA:177,0
DA:178,0
DA:181,0
DA:183,0
DA:184,0
DA:186,0
DA:187,0
DA:191,0
DA:192,0
DA:194,0
DA:195,0
DA:199,0
DA:200,0
DA:201,0
DA:202,0
DA:204,0
DA:205,0
DA:210,0
DA:211,0
DA:212,0
DA:214,0
DA:218,0
DA:238,0
DA:241,0
DA:242,0
DA:244,0
DA:245,0
DA:247,0
DA:249,0
DA:253,0
DA:254,0
DA:257,0
DA:258,0
DA:270,0
DA:271,0
DA:275,0
DA:278,0
DA:282,0
DA:283,0
DA:290,0
DA:301,0
DA:302,0
DA:316,0
DA:328,0
DA:340,0
DA:341,0
DA:346,0
DA:352,0
DA:354,0
DA:380,0
DA:384,0
DA:416,0
DA:422,0
DA:434,0
DA:435,0
DA:442,0
DA:443,0
DA:467,0
DA:477,0
DA:591,0
DA:664,0
DA:707,0
DA:708,0
DA:713,0
DA:717,0
DA:721,0
DA:722,0
DA:728,0
DA:738,0
DA:742,0
DA:743,0
DA:748,0
LF:142
LH:0
BRDA:40,0,0,0
BRDA:40,0,1,0
BRDA:40,0,2,0
BRDA:40,0,3,0
BRDA:40,0,4,0
BRDA:40,0,5,0
BRDA:40,0,6,0
BRDA:52,1,0,0
BRDA:53,2,0,0
BRDA:54,3,0,0
BRDA:55,4,0,0
BRDA:61,5,0,0
BRDA:61,5,1,0
BRDA:61,6,0,0
BRDA:61,6,1,0
BRDA:98,7,0,0
BRDA:98,8,0,0
BRDA:98,8,1,0
BRDA:133,9,0,0
BRDA:133,9,1,0
BRDA:133,10,0,0
BRDA:133,10,1,0
BRDA:137,11,0,0
BRDA:137,11,1,0
BRDA:138,12,0,0
BRDA:138,12,1,0
BRDA:139,13,0,0
BRDA:139,13,1,0
BRDA:149,14,0,0
BRDA:150,15,0,0
BRDA:173,16,0,0
BRDA:174,17,0,0
BRDA:181,18,0,0
BRDA:183,19,0,0
BRDA:183,20,0,0
BRDA:183,20,1,0
BRDA:186,21,0,0
BRDA:186,22,0,0
BRDA:186,22,1,0
BRDA:191,23,0,0
BRDA:191,24,0,0
BRDA:191,24,1,0
BRDA:194,25,0,0
BRDA:194,26,0,0
BRDA:194,26,1,0
BRDA:201,27,0,0
BRDA:204,28,0,0
BRDA:210,29,0,0
BRDA:210,30,0,0
BRDA:210,30,1,0
BRDA:210,30,2,0
BRDA:211,31,0,0
BRDA:211,31,1,0
BRDA:242,32,0,0
BRDA:242,32,1,0
BRDA:244,33,0,0
BRDA:244,34,0,0
BRDA:244,34,1,0
BRDA:257,35,0,0
BRDA:257,36,0,0
BRDA:257,36,1,0
BRDA:270,37,0,0
BRDA:270,38,0,0
BRDA:270,38,1,0
BRDA:278,39,0,0
BRDA:278,39,1,0
BRDA:278,39,2,0
BRDA:282,40,0,0
BRDA:302,41,0,0
BRDA:302,41,1,0
BRDA:302,42,0,0
BRDA:302,42,1,0
BRDA:335,43,0,0
BRDA:335,43,1,0
BRDA:352,44,0,0
BRDA:352,44,1,0
BRDA:373,45,0,0
BRDA:373,45,1,0
BRDA:376,46,0,0
BRDA:376,46,1,0
BRDA:435,47,0,0
BRDA:435,47,1,0
BRDA:443,48,0,0
BRDA:443,48,1,0
BRDA:449,49,0,0
BRDA:449,49,1,0
BRDA:462,50,0,0
BRDA:462,50,1,0
BRDA:467,51,0,0
BRDA:467,51,1,0
BRDA:477,52,0,0
BRDA:477,52,1,0
BRDA:487,53,0,0
BRDA:487,53,1,0
BRDA:499,54,0,0
BRDA:499,54,1,0
BRDA:512,55,0,0
BRDA:512,55,1,0
BRDA:524,56,0,0
BRDA:524,56,1,0
BRDA:537,57,0,0
BRDA:537,57,1,0
BRDA:550,58,0,0
BRDA:550,58,1,0
BRDA:563,59,0,0
BRDA:563,59,1,0
BRDA:579,60,0,0
BRDA:579,60,1,0
BRDA:611,61,0,0
BRDA:611,61,1,0
BRDA:622,62,0,0
BRDA:622,62,1,0
BRDA:634,63,0,0
BRDA:634,63,1,0
BRDA:652,64,0,0
BRDA:652,64,1,0
BRDA:721,65,0,0
BRF:117
BRH:0
end_of_record
TN:
SF:src/components/TradingStrategyResults.tsx
FN:53,(anonymous_6)
FN:64,(anonymous_7)
FN:102,(anonymous_8)
FN:138,(anonymous_9)
FN:144,(anonymous_10)
FN:196,(anonymous_11)
FN:238,(anonymous_12)
FN:245,(anonymous_13)
FN:253,(anonymous_14)
FN:254,(anonymous_15)
FN:262,(anonymous_16)
FN:269,(anonymous_17)
FN:279,(anonymous_18)
FN:284,(anonymous_19)
FN:290,(anonymous_20)
FN:332,(anonymous_21)
FN:400,(anonymous_22)
FN:419,(anonymous_23)
FN:427,(anonymous_24)
FN:432,(anonymous_25)
FN:438,(anonymous_26)
FN:451,(anonymous_27)
FN:472,(anonymous_28)
FN:482,(anonymous_29)
FN:485,(anonymous_30)
FN:555,(anonymous_31)
FN:616,(anonymous_32)
FN:680,(anonymous_33)
FN:814,(anonymous_34)
FN:841,(anonymous_35)
FN:849,(anonymous_36)
FN:856,(anonymous_37)
FN:919,(anonymous_38)
FN:934,(anonymous_39)
FN:943,(anonymous_40)
FN:943,(anonymous_41)
FN:944,(anonymous_42)
FN:959,(anonymous_43)
FN:969,(anonymous_44)
FN:979,(anonymous_45)
FN:991,(anonymous_46)
FN:1109,(anonymous_47)
FNF:42
FNH:0
FNDA:0,(anonymous_6)
FNDA:0,(anonymous_7)
FNDA:0,(anonymous_8)
FNDA:0,(anonymous_9)
FNDA:0,(anonymous_10)
FNDA:0,(anonymous_11)
FNDA:0,(anonymous_12)
FNDA:0,(anonymous_13)
FNDA:0,(anonymous_14)
FNDA:0,(anonymous_15)
FNDA:0,(anonymous_16)
FNDA:0,(anonymous_17)
FNDA:0,(anonymous_18)
FNDA:0,(anonymous_19)
FNDA:0,(anonymous_20)
FNDA:0,(anonymous_21)
FNDA:0,(anonymous_22)
FNDA:0,(anonymous_23)
FNDA:0,(anonymous_24)
FNDA:0,(anonymous_25)
FNDA:0,(anonymous_26)
FNDA:0,(anonymous_27)
FNDA:0,(anonymous_28)
FNDA:0,(anonymous_29)
FNDA:0,(anonymous_30)
FNDA:0,(anonymous_31)
FNDA:0,(anonymous_32)
FNDA:0,(anonymous_33)
FNDA:0,(anonymous_34)
FNDA:0,(anonymous_35)
FNDA:0,(anonymous_36)
FNDA:0,(anonymous_37)
FNDA:0,(anonymous_38)
FNDA:0,(anonymous_39)
FNDA:0,(anonymous_40)
FNDA:0,(anonymous_41)
FNDA:0,(anonymous_42)
FNDA:0,(anonymous_43)
FNDA:0,(anonymous_44)
FNDA:0,(anonymous_45)
FNDA:0,(anonymous_46)
FNDA:0,(anonymous_47)
DA:1,0
DA:2,0
DA:3,0
DA:5,0
DA:53,0
DA:59,0
DA:60,0
DA:61,0
DA:62,0
DA:64,0
DA:65,0
DA:66,0
DA:69,0
DA:71,0
DA:73,0
DA:75,0
DA:77,0
DA:79,0
DA:83,0
DA:86,0
DA:87,0
DA:90,0
DA:102,0
DA:138,0
DA:139,0
DA:141,0
DA:144,0
DA:145,0
DA:146,0
DA:153,0
DA:154,0
DA:155,0
DA:159,0
DA:160,0
DA:161,0
DA:164,0
DA:167,0
DA:176,0
DA:178,0
DA:180,0
DA:182,0
DA:183,0
DA:184,0
DA:185,0
DA:187,0
DA:190,0
DA:196,0
DA:197,0
DA:198,0
DA:200,0
DA:202,0
DA:203,0
DA:204,0
DA:205,0
DA:208,0
DA:209,0
DA:217,0
DA:218,0
DA:219,0
DA:221,0
DA:224,0
DA:231,0
DA:233,0
DA:238,0
DA:239,0
DA:240,0
DA:241,0
DA:245,0
DA:247,0
DA:250,0
DA:253,0
DA:254,0
DA:255,0
DA:256,0
DA:258,0
DA:262,0
DA:263,0
DA:264,0
DA:269,0
DA:270,0
DA:271,0
DA:273,0
DA:274,0
DA:279,0
DA:280,0
DA:284,0
DA:285,0
DA:286,0
DA:290,0
DA:291,0
DA:292,0
DA:293,0
DA:296,0
DA:297,0
DA:300,0
DA:309,0
DA:310,0
DA:314,0
DA:317,0
DA:322,0
DA:324,0
DA:325,0
DA:327,0
DA:332,0
DA:333,0
DA:345,0
DA:346,0
DA:347,0
DA:349,0
DA:350,0
DA:352,0
DA:353,0
DA:354,0
DA:355,0
DA:357,0
DA:358,0
DA:359,0
DA:361,0
DA:362,0
DA:363,0
DA:364,0
DA:365,0
DA:367,0
DA:368,0
DA:369,0
DA:370,0
DA:373,0
DA:384,0
DA:388,0
DA:396,0
DA:400,0
DA:401,0
DA:402,0
DA:405,0
DA:406,0
DA:419,0
DA:420,0
DA:421,0
DA:422,0
DA:423,0
DA:424,0
DA:427,0
DA:428,0
DA:429,0
DA:432,0
DA:433,0
DA:434,0
DA:435,0
DA:438,0
DA:439,0
DA:441,0
DA:443,0
DA:445,0
DA:447,0
DA:451,0
DA:452,0
DA:454,0
DA:456,0
DA:460,0
DA:464,0
DA:468,0
DA:472,0
DA:473,0
DA:474,0
DA:475,0
DA:476,0
DA:478,0
DA:482,0
DA:483,0
DA:485,0
DA:493,0
DA:494,0
DA:501,0
DA:556,0
DA:616,0
DA:681,0
DA:682,0
DA:683,0
DA:684,0
DA:685,0
DA:686,0
DA:687,0
DA:688,0
DA:815,0
DA:842,0
DA:843,0
DA:850,0
DA:851,0
DA:857,0
DA:858,0
DA:863,0
DA:867,0
DA:868,0
DA:870,0
DA:871,0
DA:876,0
DA:880,0
DA:881,0
DA:885,0
DA:887,0
DA:920,0
DA:921,0
DA:934,0
DA:943,0
DA:944,0
DA:960,0
DA:961,0
DA:962,0
DA:963,0
DA:964,0
DA:965,0
DA:967,0
DA:970,0
DA:971,0
DA:980,0
DA:981,0
DA:982,0
DA:983,0
DA:984,0
DA:992,0
DA:993,0
DA:1109,0
DA:1122,0
LF:223
LH:0
BRDA:55,0,0,0
BRDA:65,1,0,0
BRDA:65,1,1,0
BRDA:69,2,0,0
BRDA:69,2,1,0
BRDA:69,2,2,0
BRDA:69,2,3,0
BRDA:69,2,4,0
BRDA:139,3,0,0
BRDA:139,4,0,0
BRDA:139,4,1,0
BRDA:147,5,0,0
BRDA:147,5,1,0
BRDA:147,5,2,0
BRDA:153,6,0,0
BRDA:169,7,0,0
BRDA:169,7,1,0
BRDA:180,8,0,0
BRDA:180,8,1,0
BRDA:202,9,0,0
BRDA:202,9,1,0
BRDA:255,10,0,0
BRDA:270,11,0,0
BRDA:270,11,1,0
BRDA:285,12,0,0
BRDA:285,13,0,0
BRDA:285,13,1,0
BRDA:285,13,2,0
BRDA:291,14,0,0
BRDA:306,15,0,0
BRDA:306,15,1,0
BRDA:309,16,0,0
BRDA:310,17,0,0
BRDA:310,17,1,0
BRDA:319,18,0,0
BRDA:319,18,1,0
BRDA:361,19,0,0
BRDA:363,20,0,0
BRDA:363,20,1,0
BRDA:368,21,0,0
BRDA:390,22,0,0
BRDA:390,22,1,0
BRDA:391,23,0,0
BRDA:391,23,1,0
BRDA:401,24,0,0
BRDA:407,25,0,0
BRDA:407,25,1,0
BRDA:408,26,0,0
BRDA:408,26,1,0
BRDA:420,27,0,0
BRDA:421,28,0,0
BRDA:422,29,0,0
BRDA:423,30,0,0
BRDA:428,31,0,0
BRDA:428,31,1,0
BRDA:435,32,0,0
BRDA:435,32,1,0
BRDA:439,33,0,0
BRDA:439,33,1,0
BRDA:439,33,2,0
BRDA:439,33,3,0
BRDA:454,34,0,0
BRDA:454,34,1,0
BRDA:454,34,2,0
BRDA:454,34,3,0
BRDA:456,35,0,0
BRDA:456,35,1,0
BRDA:460,36,0,0
BRDA:460,36,1,0
BRDA:464,37,0,0
BRDA:464,37,1,0
BRDA:473,38,0,0
BRDA:473,38,1,0
BRDA:475,39,0,0
BRDA:483,40,0,0
BRDA:488,41,0,0
BRDA:488,41,1,0
BRDA:493,42,0,0
BRDA:493,43,0,0
BRDA:493,43,1,0
BRDA:516,44,0,0
BRDA:516,44,1,0
BRDA:528,45,0,0
BRDA:528,45,1,0
BRDA:533,46,0,0
BRDA:533,46,1,0
BRDA:547,47,0,0
BRDA:547,47,1,0
BRDA:561,48,0,0
BRDA:561,48,1,0
BRDA:562,49,0,0
BRDA:562,49,1,0
BRDA:563,50,0,0
BRDA:563,50,1,0
BRDA:564,51,0,0
BRDA:564,51,1,0
BRDA:584,52,0,0
BRDA:584,52,1,0
BRDA:587,53,0,0
BRDA:587,53,1,0
BRDA:594,54,0,0
BRDA:594,54,1,0
BRDA:603,55,0,0
BRDA:603,55,1,0
BRDA:608,56,0,0
BRDA:608,56,1,0
BRDA:608,57,0,0
BRDA:608,57,1,0
BRDA:610,58,0,0
BRDA:610,58,1,0
BRDA:618,59,0,0
BRDA:618,59,1,0
BRDA:624,60,0,0
BRDA:624,60,1,0
BRDA:627,61,0,0
BRDA:627,61,1,0
BRDA:629,62,0,0
BRDA:629,62,1,0
BRDA:640,63,0,0
BRDA:640,63,1,0
BRDA:645,64,0,0
BRDA:645,64,1,0
BRDA:646,65,0,0
BRDA:646,65,1,0
BRDA:652,66,0,0
BRDA:652,66,1,0
BRDA:671,67,0,0
BRDA:671,67,1,0
BRDA:683,68,0,0
BRDA:683,68,1,0
BRDA:684,69,0,0
BRDA:684,69,1,0
BRDA:685,70,0,0
BRDA:685,70,1,0
BRDA:686,71,0,0
BRDA:686,71,1,0
BRDA:694,72,0,0
BRDA:694,72,1,0
BRDA:698,73,0,0
BRDA:698,73,1,0
BRDA:698,74,0,0
BRDA:698,74,1,0
BRDA:699,75,0,0
BRDA:699,75,1,0
BRDA:699,76,0,0
BRDA:699,76,1,0
BRDA:700,77,0,0
BRDA:700,77,1,0
BRDA:700,77,2,0
BRDA:702,78,0,0
BRDA:702,78,1,0
BRDA:710,79,0,0
BRDA:710,79,1,0
BRDA:710,80,0,0
BRDA:710,80,1,0
BRDA:712,81,0,0
BRDA:712,81,1,0
BRDA:768,82,0,0
BRDA:768,82,1,0
BRDA:768,83,0,0
BRDA:768,83,1,0
BRDA:769,84,0,0
BRDA:769,84,1,0
BRDA:774,85,0,0
BRDA:774,85,1,0
BRDA:774,86,0,0
BRDA:774,86,1,0
BRDA:775,87,0,0
BRDA:775,87,1,0
BRDA:780,88,0,0
BRDA:780,88,1,0
BRDA:780,89,0,0
BRDA:780,89,1,0
BRDA:781,90,0,0
BRDA:781,90,1,0
BRDA:786,91,0,0
BRDA:786,91,1,0
BRDA:794,92,0,0
BRDA:794,92,1,0
BRDA:802,93,0,0
BRDA:802,93,1,0
BRDA:810,94,0,0
BRDA:810,94,1,0
BRDA:838,95,0,0
BRDA:838,95,1,0
BRDA:842,96,0,0
BRDA:845,97,0,0
BRDA:845,97,1,0
BRDA:850,98,0,0
BRDA:850,99,0,0
BRDA:850,99,1,0
BRDA:853,100,0,0
BRDA:853,100,1,0
BRDA:857,101,0,0
BRDA:857,102,0,0
BRDA:857,102,1,0
BRDA:870,103,0,0
BRDA:870,104,0,0
BRDA:870,104,1,0
BRDA:880,105,0,0
BRDA:960,106,0,0
BRDA:960,106,1,0
BRDA:960,107,0,0
BRDA:960,107,1,0
BRDA:962,108,0,0
BRDA:962,108,1,0
BRDA:964,109,0,0
BRDA:980,110,0,0
BRDA:981,111,0,0
BRDA:982,112,0,0
BRDA:983,113,0,0
BRDA:995,114,0,0
BRDA:995,114,1,0
BRDA:996,115,0,0
BRDA:996,115,1,0
BRDA:1000,116,0,0
BRDA:1000,116,1,0
BRDA:1000,117,0,0
BRDA:1000,117,1,0
BRDA:1109,118,0,0
BRDA:1109,118,1,0
BRDA:1109,119,0,0
BRDA:1109,119,1,0
BRF:223
BRH:0
end_of_record
TN:
SF:src/config/api.ts
FNF:0
FNH:0
DA:1,0
DA:2,0
DA:3,0
LF:3
LH:0
BRF:0
BRH:0
end_of_record
TN:
SF:src/services/tradeTracker.ts
FN:27,(anonymous_1)
FN:39,(anonymous_2)
FN:46,(anonymous_3)
FN:74,(anonymous_4)
FN:102,(anonymous_5)
FN:122,(anonymous_6)
FN:125,(anonymous_7)
FN:149,(anonymous_8)
FN:165,(anonymous_9)
FNF:9
FNH:0
FNDA:0,(anonymous_1)
FNDA:0,(anonymous_2)
FNDA:0,(anonymous_3)
FNDA:0,(anonymous_4)
FNDA:0,(anonymous_5)
FNDA:0,(anonymous_6)
FNDA:0,(anonymous_7)
FNDA:0,(anonymous_8)
FNDA:0,(anonymous_9)
DA:1,0
DA:21,0
DA:23,0
DA:24,0
DA:25,0
DA:29,0
DA:30,0
DA:31,0
DA:32,0
DA:35,0
DA:40,0
DA:41,0
DA:43,0
DA:48,0
DA:49,0
DA:52,0
DA:53,0
DA:60,0
DA:61,0
DA:66,0
DA:69,0
DA:70,0
DA:75,0
DA:77,0
DA:85,0
DA:88,0
DA:90,0
DA:95,0
DA:104,0
DA:105,0
DA:108,0
DA:109,0
DA:110,0
DA:111,0
DA:116,0
DA:117,0
DA:118,0
DA:123,0
DA:125,0
DA:127,0
DA:128,0
DA:129,0
DA:131,0
DA:137,0
DA:142,0
DA:150,0
DA:151,0
DA:152,0
DA:157,0
DA:158,0
DA:166,0
DA:167,0
DA:168,0
DA:173,0
DA:174,0
DA:183,0
LF:56
LH:0
BRDA:31,0,0,0
BRDA:40,1,0,0
BRDA:48,2,0,0
BRDA:104,3,0,0
BRDA:104,4,0,0
BRDA:104,4,1,0
BRDA:127,5,0,0
BRDA:160,6,0,0
BRDA:160,6,1,0
BRDA:176,7,0,0
BRDA:176,7,1,0
BRF:11
BRH:0
end_of_record
TN:
SF:src/test/mockStore.ts
FNF:0
FNH:0
DA:1,0
DA:3,0
LF:2
LH:0
BRF:0
BRH:0
end_of_record
TN:
SF:src/test/mocks/server.ts
FN:6,(anonymous_0)
FNF:1
FNH:0
FNDA:0,(anonymous_0)
DA:1,0
DA:3,0
DA:6,0
DA:7,0
LF:4
LH:0
BRF:0
BRH:0
end_of_record
TN:
SF:src/utils/cryptoValidator.ts
FN:37,(anonymous_0)
FN:43,(anonymous_1)
FN:68,(anonymous_2)
FN:73,(anonymous_3)
FN:83,(anonymous_4)
FN:88,(anonymous_5)
FN:98,(anonymous_6)
FN:176,(anonymous_7)
FN:180,(anonymous_8)
FNF:9
FNH:0
FNDA:0,(anonymous_0)
FNDA:0,(anonymous_1)
FNDA:0,(anonymous_2)
FNDA:0,(anonymous_3)
FNDA:0,(anonymous_4)
FNDA:0,(anonymous_5)
FNDA:0,(anonymous_6)
FNDA:0,(anonymous_7)
FNDA:0,(anonymous_8)
DA:37,0
DA:38,0
DA:43,0
DA:46,0
DA:48,0
DA:55,0
DA:56,0
DA:68,0
DA:73,0
DA:76,0
DA:77,0
DA:83,0
DA:88,0
DA:91,0
DA:92,0
DA:98,0
DA:99,0
DA:101,0
DA:108,0
DA:110,0
DA:111,0
DA:114,0
DA:115,0
DA:118,0
DA:119,0
DA:122,0
DA:123,0
DA:126,0
DA:127,0
DA:130,0
DA:131,0
DA:135,0
DA:144,0
DA:148,0
DA:149,0
DA:152,0
DA:161,0
DA:162,0
DA:176,0
DA:179,0
DA:180,0
DA:182,0
LF:42
LH:0
BRDA:49,0,0,0
BRDA:49,0,1,0
BRDA:50,1,0,0
BRDA:50,1,1,0
BRDA:51,2,0,0
BRDA:51,2,1,0
BRDA:52,3,0,0
BRDA:52,3,1,0
BRDA:77,4,0,0
BRDA:77,4,1,0
BRDA:92,5,0,0
BRDA:92,5,1,0
BRDA:110,6,0,0
BRDA:114,7,0,0
BRDA:118,8,0,0
BRDA:122,9,0,0
BRDA:126,10,0,0
BRDA:130,11,0,0
BRDA:136,12,0,0
BRDA:136,12,1,0
BRDA:136,13,0,0
BRDA:136,13,1,0
BRDA:136,14,0,0
BRDA:136,14,1,0
BRDA:137,15,0,0
BRDA:137,15,1,0
BRDA:137,16,0,0
BRDA:137,16,1,0
BRDA:137,17,0,0
BRDA:137,17,1,0
BRDA:138,18,0,0
BRDA:138,18,1,0
BRDA:138,19,0,0
BRDA:138,19,1,0
BRDA:138,20,0,0
BRDA:138,20,1,0
BRDA:139,21,0,0
BRDA:139,21,1,0
BRDA:139,22,0,0
BRDA:139,22,1,0
BRDA:139,23,0,0
BRDA:139,23,1,0
BRDA:140,24,0,0
BRDA:140,24,1,0
BRDA:140,25,0,0
BRDA:140,25,1,0
BRDA:140,26,0,0
BRDA:140,26,1,0
BRDA:148,27,0,0
BRF:49
BRH:0
end_of_record
